TpTrace Verbose: 0 : 22604, 1, 2022/08/19, 14:52:02.140, 782336638700, vstest.console.dll, Version: 17.3.0-release-20220708-01 Current process architecture: X64
TpTrace Verbose: 0 : 22604, 1, 2022/08/19, 14:52:02.143, 782336663358, vstest.console.dll, Runtime location: C:\Program Files\dotnet\shared\Microsoft.NETCore.App\6.0.8
TpTrace Information: 0 : 22604, 1, 2022/08/19, 14:52:02.155, 782336789937, vstest.console.dll, FilePatternParser: The given file \\wsl$\Ubuntu\home\cchaves\dev\ExcelEFCoreTool\Tests\ExcelToolTests\bin\Debug\net6.0\fine-code-coverage\build-output\ExcelEFCoreTests.dll is a full path.
TpTrace Verbose: 0 : 22604, 1, 2022/08/19, 14:52:02.173, 782336962146, vstest.console.dll, TestPluginCache.DiscoverTestExtensions: finding test extensions in assemblies ends with: RuntimeProvider.dll TPluginInfo: Microsoft.VisualStudio.TestPlatform.Common.ExtensionFramework.Utilities.TestRuntimePluginInformation TExtension: Microsoft.VisualStudio.TestPlatform.ObjectModel.Host.ITestRuntimeProvider
TpTrace Verbose: 0 : 22604, 1, 2022/08/19, 14:52:02.173, 782336971609, vstest.console.dll, TestPluginCache.GetExtensionPaths: Filtered extension paths: 
TpTrace Verbose: 0 : 22604, 1, 2022/08/19, 14:52:02.174, 782336976462, vstest.console.dll, TestPluginCache.GetExtensionPaths: Added default extension paths: C:\Program Files\dotnet\sdk\6.0.400\Extensions\Microsoft.Diagnostics.NETCore.Client.dll
C:\Program Files\dotnet\sdk\6.0.400\Extensions\Microsoft.TestPlatform.Extensions.BlameDataCollector.dll
C:\Program Files\dotnet\sdk\6.0.400\Extensions\Microsoft.TestPlatform.Extensions.EventLogCollector.dll
C:\Program Files\dotnet\sdk\6.0.400\Extensions\Microsoft.TestPlatform.TestHostRuntimeProvider.dll
C:\Program Files\dotnet\sdk\6.0.400\Extensions\Microsoft.VisualStudio.TestPlatform.Extensions.Html.TestLogger.dll
C:\Program Files\dotnet\sdk\6.0.400\Extensions\Microsoft.VisualStudio.TestPlatform.Extensions.Trx.TestLogger.dll
TpTrace Verbose: 0 : 22604, 1, 2022/08/19, 14:52:02.174, 782336979544, vstest.console.dll, TestPluginCache.GetExtensionPaths: Added unfilterableExtensionPaths: 
TpTrace Information: 0 : 22604, 1, 2022/08/19, 14:52:02.175, 782336989609, vstest.console.dll, AssemblyResolver.ctor: Creating AssemblyResolver with searchDirectories C:\Program Files\dotnet\sdk\6.0.400\Extensions,C:\Program Files\dotnet\sdk\6.0.400
TpTrace Verbose: 0 : 22604, 1, 2022/08/19, 14:52:02.177, 782337005002, vstest.console.dll, TestPluginCache.DiscoverTestExtensions: Discovering the extensions using extension path.
TpTrace Verbose: 0 : 22604, 1, 2022/08/19, 14:52:02.177, 782337009798, vstest.console.dll, TestPluginCache.GetExtensionPaths: Filtered extension paths: 
TpTrace Verbose: 0 : 22604, 1, 2022/08/19, 14:52:02.178, 782337012913, vstest.console.dll, TestPluginCache.GetExtensionPaths: Added default extension paths: C:\Program Files\dotnet\sdk\6.0.400\Extensions\Microsoft.Diagnostics.NETCore.Client.dll
C:\Program Files\dotnet\sdk\6.0.400\Extensions\Microsoft.TestPlatform.Extensions.BlameDataCollector.dll
C:\Program Files\dotnet\sdk\6.0.400\Extensions\Microsoft.TestPlatform.Extensions.EventLogCollector.dll
C:\Program Files\dotnet\sdk\6.0.400\Extensions\Microsoft.TestPlatform.TestHostRuntimeProvider.dll
C:\Program Files\dotnet\sdk\6.0.400\Extensions\Microsoft.VisualStudio.TestPlatform.Extensions.Html.TestLogger.dll
C:\Program Files\dotnet\sdk\6.0.400\Extensions\Microsoft.VisualStudio.TestPlatform.Extensions.Trx.TestLogger.dll
TpTrace Verbose: 0 : 22604, 1, 2022/08/19, 14:52:02.178, 782337015519, vstest.console.dll, TestPluginCache.GetExtensionPaths: Added unfilterableExtensionPaths: 
TpTrace Verbose: 0 : 22604, 1, 2022/08/19, 14:52:02.178, 782337018547, vstest.console.dll, TestPluginCache.DiscoverTestExtensions: Discovering the extensions using allExtensionPaths: C:\Program Files\dotnet\sdk\6.0.400\Extensions\Microsoft.Diagnostics.NETCore.Client.dll
C:\Program Files\dotnet\sdk\6.0.400\Extensions\Microsoft.TestPlatform.Extensions.BlameDataCollector.dll
C:\Program Files\dotnet\sdk\6.0.400\Extensions\Microsoft.TestPlatform.Extensions.EventLogCollector.dll
C:\Program Files\dotnet\sdk\6.0.400\Extensions\Microsoft.TestPlatform.TestHostRuntimeProvider.dll
C:\Program Files\dotnet\sdk\6.0.400\Extensions\Microsoft.VisualStudio.TestPlatform.Extensions.Html.TestLogger.dll
C:\Program Files\dotnet\sdk\6.0.400\Extensions\Microsoft.VisualStudio.TestPlatform.Extensions.Trx.TestLogger.dll
TpTrace Information: 0 : 22604, 1, 2022/08/19, 14:52:02.179, 782337022978, vstest.console.dll, AssemblyResolver.AddSearchDirectories: Adding more searchDirectories C:\Program Files\dotnet\sdk\6.0.400\Extensions,C:\Program Files\dotnet\sdk\6.0.400
TpTrace Information: 0 : 22604, 1, 2022/08/19, 14:52:02.179, 782337026038, vstest.console.dll, AssemblyResolver.AddSearchDirectories: Adding more searchDirectories C:\Program Files\dotnet\sdk\6.0.400\Extensions,C:\Program Files\dotnet\sdk\6.0.400
TpTrace Information: 0 : 22604, 1, 2022/08/19, 14:52:02.179, 782337028839, vstest.console.dll, AssemblyResolver.AddSearchDirectories: Adding more searchDirectories C:\Program Files\dotnet\sdk\6.0.400\Extensions,C:\Program Files\dotnet\sdk\6.0.400
TpTrace Information: 0 : 22604, 1, 2022/08/19, 14:52:02.179, 782337031580, vstest.console.dll, AssemblyResolver.AddSearchDirectories: Adding more searchDirectories C:\Program Files\dotnet\sdk\6.0.400\Extensions,C:\Program Files\dotnet\sdk\6.0.400
TpTrace Information: 0 : 22604, 1, 2022/08/19, 14:52:02.180, 782337034561, vstest.console.dll, AssemblyResolver.AddSearchDirectories: Adding more searchDirectories C:\Program Files\dotnet\sdk\6.0.400\Extensions,C:\Program Files\dotnet\sdk\6.0.400
TpTrace Information: 0 : 22604, 1, 2022/08/19, 14:52:02.180, 782337037424, vstest.console.dll, AssemblyResolver.AddSearchDirectories: Adding more searchDirectories C:\Program Files\dotnet\sdk\6.0.400\Extensions,C:\Program Files\dotnet\sdk\6.0.400
TpTrace Information: 0 : 22604, 1, 2022/08/19, 14:52:02.181, 782337043616, vstest.console.dll, AssemblyResolver.OnResolve: Microsoft.Diagnostics.NETCore.Client: Resolving assembly.
TpTrace Information: 0 : 22604, 1, 2022/08/19, 14:52:02.181, 782337050356, vstest.console.dll, AssemblyResolver.OnResolve: Microsoft.Diagnostics.NETCore.Client: Searching in: 'C:\Program Files\dotnet\sdk\6.0.400\Extensions'.
TpTrace Information: 0 : 22604, 1, 2022/08/19, 14:52:02.185, 782337085122, vstest.console.dll, AssemblyResolver.OnResolve: Microsoft.Diagnostics.NETCore.Client: Loading assembly 'C:\Program Files\dotnet\sdk\6.0.400\Extensions\Microsoft.Diagnostics.NETCore.Client.dll'.
TpTrace Information: 0 : 22604, 1, 2022/08/19, 14:52:02.189, 782337123443, vstest.console.dll, AssemblyResolver.OnResolve: Resolved assembly: Microsoft.Diagnostics.NETCore.Client, from path: C:\Program Files\dotnet\sdk\6.0.400\Extensions\Microsoft.Diagnostics.NETCore.Client.dll
TpTrace Verbose: 0 : 22604, 1, 2022/08/19, 14:52:02.195, 782337190688, vstest.console.dll, MetadataReaderExtensionsHelper: Discovering extensions inside assembly 'Microsoft.Diagnostics.NETCore.Client, Version=0.2.5.801, Culture=neutral, PublicKeyToken=31bf3856ad364e35' file path 'C:\Program Files\dotnet\sdk\6.0.400\Extensions\Microsoft.Diagnostics.NETCore.Client.dll'
TpTrace Information: 0 : 22604, 1, 2022/08/19, 14:52:02.218, 782337415940, vstest.console.dll, AssemblyResolver.OnResolve: Microsoft.Bcl.AsyncInterfaces: Resolving assembly.
TpTrace Information: 0 : 22604, 1, 2022/08/19, 14:52:02.219, 782337422693, vstest.console.dll, AssemblyResolver.OnResolve: Microsoft.Bcl.AsyncInterfaces: Searching in: 'C:\Program Files\dotnet\sdk\6.0.400\Extensions'.
TpTrace Information: 0 : 22604, 1, 2022/08/19, 14:52:02.219, 782337426901, vstest.console.dll, AssemblyResolver.OnResolve: Microsoft.Bcl.AsyncInterfaces: Assembly path does not exist: 'C:\Program Files\dotnet\sdk\6.0.400\Extensions\Microsoft.Bcl.AsyncInterfaces.dll', returning.
TpTrace Information: 0 : 22604, 1, 2022/08/19, 14:52:02.219, 782337430122, vstest.console.dll, AssemblyResolver.OnResolve: Microsoft.Bcl.AsyncInterfaces: Assembly path does not exist: 'C:\Program Files\dotnet\sdk\6.0.400\Extensions\Microsoft.Bcl.AsyncInterfaces.exe', returning.
TpTrace Information: 0 : 22604, 1, 2022/08/19, 14:52:02.220, 782337432821, vstest.console.dll, AssemblyResolver.OnResolve: Microsoft.Bcl.AsyncInterfaces: Searching in: 'C:\Program Files\dotnet\sdk\6.0.400'.
TpTrace Information: 0 : 22604, 1, 2022/08/19, 14:52:02.220, 782337435967, vstest.console.dll, AssemblyResolver.OnResolve: Microsoft.Bcl.AsyncInterfaces: Assembly path does not exist: 'C:\Program Files\dotnet\sdk\6.0.400\Microsoft.Bcl.AsyncInterfaces.dll', returning.
TpTrace Information: 0 : 22604, 1, 2022/08/19, 14:52:02.220, 782337438931, vstest.console.dll, AssemblyResolver.OnResolve: Microsoft.Bcl.AsyncInterfaces: Assembly path does not exist: 'C:\Program Files\dotnet\sdk\6.0.400\Microsoft.Bcl.AsyncInterfaces.exe', returning.
TpTrace Information: 0 : 22604, 1, 2022/08/19, 14:52:02.220, 782337441432, vstest.console.dll, AssemblyResolver.OnResolve: Microsoft.Bcl.AsyncInterfaces: Failed to load assembly.
TpTrace Verbose: 0 : 22604, 1, 2022/08/19, 14:52:02.221, 782337444866, vstest.console.dll, CurrentDomainAssemblyResolve: Resolving assembly 'Microsoft.Bcl.AsyncInterfaces'.
TpTrace Information: 0 : 22604, 1, 2022/08/19, 14:52:02.221, 782337448699, vstest.console.dll, AssemblyResolver.OnResolve: Microsoft.Bcl.AsyncInterfaces: Resolving assembly.
TpTrace Information: 0 : 22604, 1, 2022/08/19, 14:52:02.222, 782337451683, vstest.console.dll, AssemblyResolver.OnResolve: Microsoft.Bcl.AsyncInterfaces: Resolved from cache.
TpTrace Verbose: 0 : 22604, 1, 2022/08/19, 14:52:02.222, 782337454477, vstest.console.dll, CurrentDomainAssemblyResolve: Resolving assembly 'Microsoft.Bcl.AsyncInterfaces'.
TpTrace Verbose: 0 : 22604, 1, 2022/08/19, 14:52:02.222, 782337457651, vstest.console.dll, CurrentDomainAssemblyResolve: Failed to resolve assembly 'Microsoft.Bcl.AsyncInterfaces'.
TpTrace Verbose: 0 : 22604, 1, 2022/08/19, 14:52:02.228, 782337512083, vstest.console.dll, CurrentDomainAssemblyResolve: Failed to resolve assembly 'Microsoft.Bcl.AsyncInterfaces'.
TpTrace Warning: 0 : 22604, 1, 2022/08/19, 14:52:02.246, 782337700883, vstest.console.dll, TestPluginDiscoverer: Failed to get types from assembly 'Microsoft.Diagnostics.NETCore.Client, Version=0.2.5.801, Culture=neutral, PublicKeyToken=31bf3856ad364e35'. Error: System.Reflection.ReflectionTypeLoadException: Unable to load one or more of the requested types.
Could not load file or assembly 'Microsoft.Bcl.AsyncInterfaces, Version=1.0.0.0, Culture=neutral, PublicKeyToken=cc7b13ffcd2ddd51'. The system cannot find the file specified.
   at System.Reflection.RuntimeModule.GetTypes(RuntimeModule module)
   at System.Reflection.Assembly.GetTypes()
   at Microsoft.VisualStudio.TestPlatform.Common.ExtensionFramework.TestPluginDiscoverer.GetTestExtensionsFromAssembly[TPluginInfo,TExtension](Assembly assembly, Dictionary`2 pluginInfos, String filePath)
System.IO.FileNotFoundException: Could not load file or assembly 'Microsoft.Bcl.AsyncInterfaces, Version=1.0.0.0, Culture=neutral, PublicKeyToken=cc7b13ffcd2ddd51'. The system cannot find the file specified.
File name: 'Microsoft.Bcl.AsyncInterfaces, Version=1.0.0.0, Culture=neutral, PublicKeyToken=cc7b13ffcd2ddd51'
 ---> System.IO.FileNotFoundException: Could not load file or assembly 'Microsoft.Bcl.AsyncInterfaces, Culture=neutral, PublicKeyToken=null'. The system cannot find the file specified.
File name: 'Microsoft.Bcl.AsyncInterfaces, Culture=neutral, PublicKeyToken=null'
   at System.Reflection.RuntimeAssembly.InternalLoad(ObjectHandleOnStack assemblyName, ObjectHandleOnStack requestingAssembly, StackCrawlMarkHandle stackMark, Boolean throwOnFileNotFound, ObjectHandleOnStack assemblyLoadContext, ObjectHandleOnStack retAssembly)
   at System.Reflection.RuntimeAssembly.InternalLoad(AssemblyName assemblyName, RuntimeAssembly requestingAssembly, StackCrawlMark& stackMark, Boolean throwOnFileNotFound, AssemblyLoadContext assemblyLoadContext)
   at System.Reflection.Assembly.Load(AssemblyName assemblyRef)
   at Microsoft.VisualStudio.TestPlatform.Common.ExtensionFramework.TestPluginCache.CurrentDomainAssemblyResolve(Object sender, AssemblyResolveEventArgs args)
   at Microsoft.VisualStudio.TestPlatform.PlatformAbstractions.PlatformAssemblyResolver.AssemblyResolverEvent(Object sender, Object eventArgs)
   at System.Runtime.Loader.AssemblyLoadContext.GetFirstResolvedAssemblyFromResolvingEvent(AssemblyName assemblyName)
   at System.Runtime.Loader.AssemblyLoadContext.ResolveUsingEvent(AssemblyName assemblyName)
   at System.Runtime.Loader.AssemblyLoadContext.ResolveUsingResolvingEvent(IntPtr gchManagedAssemblyLoadContext, AssemblyName assemblyName)
TpTrace Warning: 0 : 22604, 1, 2022/08/19, 14:52:02.248, 782337712687, vstest.console.dll, LoaderExceptions: System.IO.FileNotFoundException: Could not load file or assembly 'Microsoft.Bcl.AsyncInterfaces, Version=1.0.0.0, Culture=neutral, PublicKeyToken=cc7b13ffcd2ddd51'. The system cannot find the file specified.
File name: 'Microsoft.Bcl.AsyncInterfaces, Version=1.0.0.0, Culture=neutral, PublicKeyToken=cc7b13ffcd2ddd51'
 ---> System.IO.FileNotFoundException: Could not load file or assembly 'Microsoft.Bcl.AsyncInterfaces, Culture=neutral, PublicKeyToken=null'. The system cannot find the file specified.
File name: 'Microsoft.Bcl.AsyncInterfaces, Culture=neutral, PublicKeyToken=null'
   at System.Reflection.RuntimeAssembly.InternalLoad(ObjectHandleOnStack assemblyName, ObjectHandleOnStack requestingAssembly, StackCrawlMarkHandle stackMark, Boolean throwOnFileNotFound, ObjectHandleOnStack assemblyLoadContext, ObjectHandleOnStack retAssembly)
   at System.Reflection.RuntimeAssembly.InternalLoad(AssemblyName assemblyName, RuntimeAssembly requestingAssembly, StackCrawlMark& stackMark, Boolean throwOnFileNotFound, AssemblyLoadContext assemblyLoadContext)
   at System.Reflection.Assembly.Load(AssemblyName assemblyRef)
   at Microsoft.VisualStudio.TestPlatform.Common.ExtensionFramework.TestPluginCache.CurrentDomainAssemblyResolve(Object sender, AssemblyResolveEventArgs args)
   at Microsoft.VisualStudio.TestPlatform.PlatformAbstractions.PlatformAssemblyResolver.AssemblyResolverEvent(Object sender, Object eventArgs)
   at System.Runtime.Loader.AssemblyLoadContext.GetFirstResolvedAssemblyFromResolvingEvent(AssemblyName assemblyName)
   at System.Runtime.Loader.AssemblyLoadContext.ResolveUsingEvent(AssemblyName assemblyName)
   at System.Runtime.Loader.AssemblyLoadContext.ResolveUsingResolvingEvent(IntPtr gchManagedAssemblyLoadContext, AssemblyName assemblyName)
TpTrace Information: 0 : 22604, 1, 2022/08/19, 14:52:02.248, 782337721655, vstest.console.dll, AssemblyResolver.OnResolve: Microsoft.TestPlatform.Extensions.BlameDataCollector: Resolving assembly.
TpTrace Information: 0 : 22604, 1, 2022/08/19, 14:52:02.249, 782337728424, vstest.console.dll, AssemblyResolver.OnResolve: Microsoft.TestPlatform.Extensions.BlameDataCollector: Searching in: 'C:\Program Files\dotnet\sdk\6.0.400\Extensions'.
TpTrace Information: 0 : 22604, 1, 2022/08/19, 14:52:02.254, 782337779646, vstest.console.dll, AssemblyResolver.OnResolve: Microsoft.TestPlatform.Extensions.BlameDataCollector: Loading assembly 'C:\Program Files\dotnet\sdk\6.0.400\Extensions\Microsoft.TestPlatform.Extensions.BlameDataCollector.dll'.
TpTrace Information: 0 : 22604, 1, 2022/08/19, 14:52:02.256, 782337794529, vstest.console.dll, AssemblyResolver.OnResolve: Resolved assembly: Microsoft.TestPlatform.Extensions.BlameDataCollector, from path: C:\Program Files\dotnet\sdk\6.0.400\Extensions\Microsoft.TestPlatform.Extensions.BlameDataCollector.dll
TpTrace Verbose: 0 : 22604, 1, 2022/08/19, 14:52:02.256, 782337800268, vstest.console.dll, MetadataReaderExtensionsHelper: Discovering extensions inside assembly 'Microsoft.TestPlatform.Extensions.BlameDataCollector, Version=15.0.0.0, Culture=neutral, PublicKeyToken=b03f5f7f11d50a3a' file path 'C:\Program Files\dotnet\sdk\6.0.400\Extensions\Microsoft.TestPlatform.Extensions.BlameDataCollector.dll'
TpTrace Information: 0 : 22604, 1, 2022/08/19, 14:52:02.258, 782337820918, vstest.console.dll, AssemblyResolver.OnResolve: Microsoft.TestPlatform.Extensions.EventLogCollector: Resolving assembly.
TpTrace Information: 0 : 22604, 1, 2022/08/19, 14:52:02.259, 782337825272, vstest.console.dll, AssemblyResolver.OnResolve: Microsoft.TestPlatform.Extensions.EventLogCollector: Searching in: 'C:\Program Files\dotnet\sdk\6.0.400\Extensions'.
TpTrace Information: 0 : 22604, 1, 2022/08/19, 14:52:02.262, 782337857009, vstest.console.dll, AssemblyResolver.OnResolve: Microsoft.TestPlatform.Extensions.EventLogCollector: Loading assembly 'C:\Program Files\dotnet\sdk\6.0.400\Extensions\Microsoft.TestPlatform.Extensions.EventLogCollector.dll'.
TpTrace Information: 0 : 22604, 1, 2022/08/19, 14:52:02.263, 782337867215, vstest.console.dll, AssemblyResolver.OnResolve: Resolved assembly: Microsoft.TestPlatform.Extensions.EventLogCollector, from path: C:\Program Files\dotnet\sdk\6.0.400\Extensions\Microsoft.TestPlatform.Extensions.EventLogCollector.dll
TpTrace Verbose: 0 : 22604, 1, 2022/08/19, 14:52:02.264, 782337872066, vstest.console.dll, MetadataReaderExtensionsHelper: Discovering extensions inside assembly 'Microsoft.TestPlatform.Extensions.EventLogCollector, Version=15.0.0.0, Culture=neutral, PublicKeyToken=b03f5f7f11d50a3a' file path 'C:\Program Files\dotnet\sdk\6.0.400\Extensions\Microsoft.TestPlatform.Extensions.EventLogCollector.dll'
TpTrace Information: 0 : 22604, 1, 2022/08/19, 14:52:02.269, 782337928418, vstest.console.dll, AssemblyResolver.OnResolve: Microsoft.TestPlatform.TestHostRuntimeProvider: Resolving assembly.
TpTrace Information: 0 : 22604, 1, 2022/08/19, 14:52:02.270, 782337933782, vstest.console.dll, AssemblyResolver.OnResolve: Microsoft.TestPlatform.TestHostRuntimeProvider: Searching in: 'C:\Program Files\dotnet\sdk\6.0.400\Extensions'.
TpTrace Information: 0 : 22604, 1, 2022/08/19, 14:52:02.273, 782337966519, vstest.console.dll, AssemblyResolver.OnResolve: Microsoft.TestPlatform.TestHostRuntimeProvider: Loading assembly 'C:\Program Files\dotnet\sdk\6.0.400\Extensions\Microsoft.TestPlatform.TestHostRuntimeProvider.dll'.
TpTrace Information: 0 : 22604, 1, 2022/08/19, 14:52:02.275, 782337982997, vstest.console.dll, AssemblyResolver.OnResolve: Resolved assembly: Microsoft.TestPlatform.TestHostRuntimeProvider, from path: C:\Program Files\dotnet\sdk\6.0.400\Extensions\Microsoft.TestPlatform.TestHostRuntimeProvider.dll
TpTrace Verbose: 0 : 22604, 1, 2022/08/19, 14:52:02.275, 782337987624, vstest.console.dll, MetadataReaderExtensionsHelper: Discovering extensions inside assembly 'Microsoft.TestPlatform.TestHostRuntimeProvider, Version=15.0.0.0, Culture=neutral, PublicKeyToken=b03f5f7f11d50a3a' file path 'C:\Program Files\dotnet\sdk\6.0.400\Extensions\Microsoft.TestPlatform.TestHostRuntimeProvider.dll'
TpTrace Information: 0 : 22604, 1, 2022/08/19, 14:52:02.277, 782338010589, vstest.console.dll, GetTestExtensionFromType: Register extension with identifier data 'HostProvider://DefaultTestHost' and type 'Microsoft.VisualStudio.TestPlatform.CrossPlatEngine.Hosting.DefaultTestHostManager, Microsoft.TestPlatform.TestHostRuntimeProvider, Version=15.0.0.0, Culture=neutral, PublicKeyToken=b03f5f7f11d50a3a' inside file 'C:\Program Files\dotnet\sdk\6.0.400\Extensions\Microsoft.TestPlatform.TestHostRuntimeProvider.dll'
TpTrace Information: 0 : 22604, 1, 2022/08/19, 14:52:02.278, 782338015373, vstest.console.dll, GetTestExtensionFromType: Register extension with identifier data 'HostProvider://DotnetTestHost' and type 'Microsoft.VisualStudio.TestPlatform.CrossPlatEngine.Hosting.DotnetTestHostManager, Microsoft.TestPlatform.TestHostRuntimeProvider, Version=15.0.0.0, Culture=neutral, PublicKeyToken=b03f5f7f11d50a3a' inside file 'C:\Program Files\dotnet\sdk\6.0.400\Extensions\Microsoft.TestPlatform.TestHostRuntimeProvider.dll'
TpTrace Information: 0 : 22604, 1, 2022/08/19, 14:52:02.278, 782338020024, vstest.console.dll, AssemblyResolver.OnResolve: Microsoft.VisualStudio.TestPlatform.Extensions.Html.TestLogger: Resolving assembly.
TpTrace Information: 0 : 22604, 1, 2022/08/19, 14:52:02.279, 782338023872, vstest.console.dll, AssemblyResolver.OnResolve: Microsoft.VisualStudio.TestPlatform.Extensions.Html.TestLogger: Searching in: 'C:\Program Files\dotnet\sdk\6.0.400\Extensions'.
TpTrace Information: 0 : 22604, 1, 2022/08/19, 14:52:02.283, 782338064829, vstest.console.dll, AssemblyResolver.OnResolve: Microsoft.VisualStudio.TestPlatform.Extensions.Html.TestLogger: Loading assembly 'C:\Program Files\dotnet\sdk\6.0.400\Extensions\Microsoft.VisualStudio.TestPlatform.Extensions.Html.TestLogger.dll'.
TpTrace Information: 0 : 22604, 1, 2022/08/19, 14:52:02.285, 782338086481, vstest.console.dll, AssemblyResolver.OnResolve: Resolved assembly: Microsoft.VisualStudio.TestPlatform.Extensions.Html.TestLogger, from path: C:\Program Files\dotnet\sdk\6.0.400\Extensions\Microsoft.VisualStudio.TestPlatform.Extensions.Html.TestLogger.dll
TpTrace Verbose: 0 : 22604, 1, 2022/08/19, 14:52:02.285, 782338091068, vstest.console.dll, MetadataReaderExtensionsHelper: Discovering extensions inside assembly 'Microsoft.VisualStudio.TestPlatform.Extensions.Html.TestLogger, Version=15.0.0.0, Culture=neutral, PublicKeyToken=b03f5f7f11d50a3a' file path 'C:\Program Files\dotnet\sdk\6.0.400\Extensions\Microsoft.VisualStudio.TestPlatform.Extensions.Html.TestLogger.dll'
TpTrace Information: 0 : 22604, 1, 2022/08/19, 14:52:02.287, 782338102549, vstest.console.dll, AssemblyResolver.OnResolve: Microsoft.VisualStudio.TestPlatform.Extensions.Trx.TestLogger: Resolving assembly.
TpTrace Information: 0 : 22604, 1, 2022/08/19, 14:52:02.287, 782338106787, vstest.console.dll, AssemblyResolver.OnResolve: Microsoft.VisualStudio.TestPlatform.Extensions.Trx.TestLogger: Searching in: 'C:\Program Files\dotnet\sdk\6.0.400\Extensions'.
TpTrace Information: 0 : 22604, 1, 2022/08/19, 14:52:02.289, 782338122947, vstest.console.dll, AssemblyResolver.OnResolve: Microsoft.VisualStudio.TestPlatform.Extensions.Trx.TestLogger: Loading assembly 'C:\Program Files\dotnet\sdk\6.0.400\Extensions\Microsoft.VisualStudio.TestPlatform.Extensions.Trx.TestLogger.dll'.
TpTrace Information: 0 : 22604, 1, 2022/08/19, 14:52:02.290, 782338139767, vstest.console.dll, AssemblyResolver.OnResolve: Resolved assembly: Microsoft.VisualStudio.TestPlatform.Extensions.Trx.TestLogger, from path: C:\Program Files\dotnet\sdk\6.0.400\Extensions\Microsoft.VisualStudio.TestPlatform.Extensions.Trx.TestLogger.dll
TpTrace Verbose: 0 : 22604, 1, 2022/08/19, 14:52:02.291, 782338144265, vstest.console.dll, MetadataReaderExtensionsHelper: Discovering extensions inside assembly 'Microsoft.VisualStudio.TestPlatform.Extensions.Trx.TestLogger, Version=15.0.0.0, Culture=neutral, PublicKeyToken=b03f5f7f11d50a3a' file path 'C:\Program Files\dotnet\sdk\6.0.400\Extensions\Microsoft.VisualStudio.TestPlatform.Extensions.Trx.TestLogger.dll'
TpTrace Verbose: 0 : 22604, 1, 2022/08/19, 14:52:02.293, 782338162241, vstest.console.dll, TestPluginCache: Discovered the extensions using extension path ''.
TpTrace Verbose: 0 : 22604, 1, 2022/08/19, 14:52:02.293, 782338167860, vstest.console.dll, TestPluginCache: Discoverers are ''.
TpTrace Verbose: 0 : 22604, 1, 2022/08/19, 14:52:02.293, 782338171132, vstest.console.dll, TestPluginCache: Executors are ''.
TpTrace Verbose: 0 : 22604, 1, 2022/08/19, 14:52:02.294, 782338174104, vstest.console.dll, TestPluginCache: Executors2 are ''.
TpTrace Verbose: 0 : 22604, 1, 2022/08/19, 14:52:02.294, 782338176638, vstest.console.dll, TestPluginCache: Setting providers are ''.
TpTrace Verbose: 0 : 22604, 1, 2022/08/19, 14:52:02.294, 782338179126, vstest.console.dll, TestPluginCache: Loggers are ''.
TpTrace Verbose: 0 : 22604, 1, 2022/08/19, 14:52:02.295, 782338183067, vstest.console.dll, TestPluginCache: TestHosts are 'HostProvider://DefaultTestHost,HostProvider://DotnetTestHost'.
TpTrace Verbose: 0 : 22604, 1, 2022/08/19, 14:52:02.295, 782338186134, vstest.console.dll, TestPluginCache: DataCollectors are ''.
TpTrace Information: 0 : 22604, 1, 2022/08/19, 14:52:02.323, 782338465705, vstest.console.dll, RunTestsArgumentProcessor:Execute: Test run is starting.
TpTrace Verbose: 0 : 22604, 1, 2022/08/19, 14:52:02.323, 782338471340, vstest.console.dll, RunTestsArgumentProcessor:Execute: Queuing Test run.
TpTrace Information: 0 : 22604, 1, 2022/08/19, 14:52:02.324, 782338478827, vstest.console.dll, TestRequestManager.RunTests: run tests started.
TpTrace Information: 0 : 22604, 1, 2022/08/19, 14:52:02.328, 782338520444, vstest.console.dll, AssemblyMetadataProvider.GetFrameworkName: Determined framework:'.NETCoreApp,Version=v6.0' for source: '\\wsl$\Ubuntu\home\cchaves\dev\ExcelEFCoreTool\Tests\ExcelToolTests\bin\Debug\net6.0\fine-code-coverage\build-output\ExcelEFCoreTests.dll'
TpTrace Information: 0 : 22604, 1, 2022/08/19, 14:52:02.329, 782338526016, vstest.console.dll, Determined framework for all sources: .NETCoreApp,Version=v6.0
TpTrace Verbose: 0 : 22604, 1, 2022/08/19, 14:52:02.330, 782338539801, vstest.console.dll, TestRequestManager.UpdateRunSettingsIfRequired: Default architecture: X64 IsDefaultTargetArchitecture: True, Current process architecture: X64 OperatingSystem: Windows.
TpTrace Information: 0 : 22604, 1, 2022/08/19, 14:52:02.337, 782338609721, vstest.console.dll, AssemblyMetadataProvider.GetArchitecture: Determined architecture:AnyCPU info for assembly: \\wsl$\Ubuntu\home\cchaves\dev\ExcelEFCoreTool\Tests\ExcelToolTests\bin\Debug\net6.0\fine-code-coverage\build-output\ExcelEFCoreTests.dll
TpTrace Information: 0 : 22604, 1, 2022/08/19, 14:52:02.338, 782338613400, vstest.console.dll, Determined platform for source '\\wsl$\Ubuntu\home\cchaves\dev\ExcelEFCoreTool\Tests\ExcelToolTests\bin\Debug\net6.0\fine-code-coverage\build-output\ExcelEFCoreTests.dll' was AnyCPU and it will use the default plaform X64.
TpTrace Information: 0 : 22604, 1, 2022/08/19, 14:52:02.338, 782338616673, vstest.console.dll, None of the sources provided any runnable platform, using the default platform: X64
TpTrace Information: 0 : 22604, 1, 2022/08/19, 14:52:02.338, 782338620227, vstest.console.dll, Platform was updated to 'X64'.
TpTrace Information: 0 : 22604, 1, 2022/08/19, 14:52:02.347, 782338709547, vstest.console.dll, InferRunSettingsHelper.IsTestSettingsEnabled: Unable to navigate to RunSettings/MSTest. Current node: RunSettings
TpTrace Information: 0 : 22604, 1, 2022/08/19, 14:52:02.349, 782338727592, vstest.console.dll, AssemblyResolver.OnResolve: Microsoft.VisualStudio.TestPlatform.Fakes: Resolving assembly.
TpTrace Information: 0 : 22604, 1, 2022/08/19, 14:52:02.351, 782338741695, vstest.console.dll, AssemblyResolver.OnResolve: Microsoft.VisualStudio.TestPlatform.Fakes: Searching in: 'C:\Program Files\dotnet\sdk\6.0.400\Extensions'.
TpTrace Information: 0 : 22604, 1, 2022/08/19, 14:52:02.351, 782338746489, vstest.console.dll, AssemblyResolver.OnResolve: Microsoft.VisualStudio.TestPlatform.Fakes: Assembly path does not exist: 'C:\Program Files\dotnet\sdk\6.0.400\Extensions\Microsoft.VisualStudio.TestPlatform.Fakes.dll', returning.
TpTrace Information: 0 : 22604, 1, 2022/08/19, 14:52:02.351, 782338750058, vstest.console.dll, AssemblyResolver.OnResolve: Microsoft.VisualStudio.TestPlatform.Fakes: Assembly path does not exist: 'C:\Program Files\dotnet\sdk\6.0.400\Extensions\Microsoft.VisualStudio.TestPlatform.Fakes.exe', returning.
TpTrace Information: 0 : 22604, 1, 2022/08/19, 14:52:02.352, 782338753041, vstest.console.dll, AssemblyResolver.OnResolve: Microsoft.VisualStudio.TestPlatform.Fakes: Searching in: 'C:\Program Files\dotnet\sdk\6.0.400'.
TpTrace Information: 0 : 22604, 1, 2022/08/19, 14:52:02.352, 782338757063, vstest.console.dll, AssemblyResolver.OnResolve: Microsoft.VisualStudio.TestPlatform.Fakes: Assembly path does not exist: 'C:\Program Files\dotnet\sdk\6.0.400\Microsoft.VisualStudio.TestPlatform.Fakes.dll', returning.
TpTrace Information: 0 : 22604, 1, 2022/08/19, 14:52:02.352, 782338760500, vstest.console.dll, AssemblyResolver.OnResolve: Microsoft.VisualStudio.TestPlatform.Fakes: Assembly path does not exist: 'C:\Program Files\dotnet\sdk\6.0.400\Microsoft.VisualStudio.TestPlatform.Fakes.exe', returning.
TpTrace Information: 0 : 22604, 1, 2022/08/19, 14:52:02.353, 782338763198, vstest.console.dll, AssemblyResolver.OnResolve: Microsoft.VisualStudio.TestPlatform.Fakes: Failed to load assembly.
TpTrace Information: 0 : 22604, 1, 2022/08/19, 14:52:02.353, 782338768630, vstest.console.dll, Failed to load assembly Microsoft.VisualStudio.TestPlatform.Fakes, Version=17.0.0.0, Culture=neutral. Reason:System.IO.FileNotFoundException: Could not load file or assembly 'Microsoft.VisualStudio.TestPlatform.Fakes, Version=17.0.0.0, Culture=neutral, PublicKeyToken=null'. The system cannot find the file specified.
File name: 'Microsoft.VisualStudio.TestPlatform.Fakes, Version=17.0.0.0, Culture=neutral, PublicKeyToken=null'
   at System.Reflection.RuntimeAssembly.InternalLoad(ObjectHandleOnStack assemblyName, ObjectHandleOnStack requestingAssembly, StackCrawlMarkHandle stackMark, Boolean throwOnFileNotFound, ObjectHandleOnStack assemblyLoadContext, ObjectHandleOnStack retAssembly)
   at System.Reflection.RuntimeAssembly.InternalLoad(AssemblyName assemblyName, RuntimeAssembly requestingAssembly, StackCrawlMark& stackMark, Boolean throwOnFileNotFound, AssemblyLoadContext assemblyLoadContext)
   at System.Reflection.Assembly.Load(AssemblyName assemblyRef)
   at Microsoft.VisualStudio.TestPlatform.Common.Utilities.FakesUtilities.LoadTestPlatformAssembly()
TpTrace Verbose: 0 : 22604, 1, 2022/08/19, 14:52:02.360, 782338841242, vstest.console.dll, TestPluginCache.DiscoverTestExtensions: finding test extensions in assemblies ends with: TestLogger.dll TPluginInfo: Microsoft.VisualStudio.TestPlatform.Common.ExtensionFramework.Utilities.TestLoggerPluginInformation TExtension: Microsoft.VisualStudio.TestPlatform.ObjectModel.Client.ITestLogger
TpTrace Verbose: 0 : 22604, 1, 2022/08/19, 14:52:02.361, 782338846732, vstest.console.dll, TestPluginCache.GetExtensionPaths: Filtered extension paths: 
TpTrace Verbose: 0 : 22604, 1, 2022/08/19, 14:52:02.361, 782338850016, vstest.console.dll, TestPluginCache.GetExtensionPaths: Added default extension paths: C:\Program Files\dotnet\sdk\6.0.400\Extensions\Microsoft.Diagnostics.NETCore.Client.dll
C:\Program Files\dotnet\sdk\6.0.400\Extensions\Microsoft.TestPlatform.Extensions.BlameDataCollector.dll
C:\Program Files\dotnet\sdk\6.0.400\Extensions\Microsoft.TestPlatform.Extensions.EventLogCollector.dll
C:\Program Files\dotnet\sdk\6.0.400\Extensions\Microsoft.TestPlatform.TestHostRuntimeProvider.dll
C:\Program Files\dotnet\sdk\6.0.400\Extensions\Microsoft.VisualStudio.TestPlatform.Extensions.Html.TestLogger.dll
C:\Program Files\dotnet\sdk\6.0.400\Extensions\Microsoft.VisualStudio.TestPlatform.Extensions.Trx.TestLogger.dll
TpTrace Verbose: 0 : 22604, 1, 2022/08/19, 14:52:02.362, 782338852806, vstest.console.dll, TestPluginCache.GetExtensionPaths: Added unfilterableExtensionPaths: 
TpTrace Information: 0 : 22604, 1, 2022/08/19, 14:52:02.362, 782338857240, vstest.console.dll, AssemblyResolver.AddSearchDirectories: Adding more searchDirectories C:\Program Files\dotnet\sdk\6.0.400\Extensions,C:\Program Files\dotnet\sdk\6.0.400
TpTrace Verbose: 0 : 22604, 1, 2022/08/19, 14:52:02.362, 782338860730, vstest.console.dll, TestPluginCache.DiscoverTestExtensions: Discovering the extensions using extension path.
TpTrace Verbose: 0 : 22604, 1, 2022/08/19, 14:52:02.363, 782338863812, vstest.console.dll, TestPluginCache.GetExtensionPaths: Filtered extension paths: 
TpTrace Verbose: 0 : 22604, 1, 2022/08/19, 14:52:02.363, 782338866821, vstest.console.dll, TestPluginCache.GetExtensionPaths: Added default extension paths: C:\Program Files\dotnet\sdk\6.0.400\Extensions\Microsoft.Diagnostics.NETCore.Client.dll
C:\Program Files\dotnet\sdk\6.0.400\Extensions\Microsoft.TestPlatform.Extensions.BlameDataCollector.dll
C:\Program Files\dotnet\sdk\6.0.400\Extensions\Microsoft.TestPlatform.Extensions.EventLogCollector.dll
C:\Program Files\dotnet\sdk\6.0.400\Extensions\Microsoft.TestPlatform.TestHostRuntimeProvider.dll
C:\Program Files\dotnet\sdk\6.0.400\Extensions\Microsoft.VisualStudio.TestPlatform.Extensions.Html.TestLogger.dll
C:\Program Files\dotnet\sdk\6.0.400\Extensions\Microsoft.VisualStudio.TestPlatform.Extensions.Trx.TestLogger.dll
TpTrace Verbose: 0 : 22604, 1, 2022/08/19, 14:52:02.363, 782338870310, vstest.console.dll, TestPluginCache.GetExtensionPaths: Added unfilterableExtensionPaths: 
TpTrace Verbose: 0 : 22604, 1, 2022/08/19, 14:52:02.364, 782338873615, vstest.console.dll, TestPluginCache.DiscoverTestExtensions: Discovering the extensions using allExtensionPaths: C:\Program Files\dotnet\sdk\6.0.400\Extensions\Microsoft.Diagnostics.NETCore.Client.dll
C:\Program Files\dotnet\sdk\6.0.400\Extensions\Microsoft.TestPlatform.Extensions.BlameDataCollector.dll
C:\Program Files\dotnet\sdk\6.0.400\Extensions\Microsoft.TestPlatform.Extensions.EventLogCollector.dll
C:\Program Files\dotnet\sdk\6.0.400\Extensions\Microsoft.TestPlatform.TestHostRuntimeProvider.dll
C:\Program Files\dotnet\sdk\6.0.400\Extensions\Microsoft.VisualStudio.TestPlatform.Extensions.Html.TestLogger.dll
C:\Program Files\dotnet\sdk\6.0.400\Extensions\Microsoft.VisualStudio.TestPlatform.Extensions.Trx.TestLogger.dll
TpTrace Information: 0 : 22604, 1, 2022/08/19, 14:52:02.364, 782338876951, vstest.console.dll, AssemblyResolver.AddSearchDirectories: Adding more searchDirectories C:\Program Files\dotnet\sdk\6.0.400\Extensions,C:\Program Files\dotnet\sdk\6.0.400
TpTrace Information: 0 : 22604, 1, 2022/08/19, 14:52:02.364, 782338880491, vstest.console.dll, AssemblyResolver.AddSearchDirectories: Adding more searchDirectories C:\Program Files\dotnet\sdk\6.0.400\Extensions,C:\Program Files\dotnet\sdk\6.0.400
TpTrace Information: 0 : 22604, 1, 2022/08/19, 14:52:02.365, 782338885420, vstest.console.dll, AssemblyResolver.AddSearchDirectories: Adding more searchDirectories C:\Program Files\dotnet\sdk\6.0.400\Extensions,C:\Program Files\dotnet\sdk\6.0.400
TpTrace Information: 0 : 22604, 1, 2022/08/19, 14:52:02.365, 782338888853, vstest.console.dll, AssemblyResolver.AddSearchDirectories: Adding more searchDirectories C:\Program Files\dotnet\sdk\6.0.400\Extensions,C:\Program Files\dotnet\sdk\6.0.400
TpTrace Information: 0 : 22604, 1, 2022/08/19, 14:52:02.366, 782338893911, vstest.console.dll, AssemblyResolver.AddSearchDirectories: Adding more searchDirectories C:\Program Files\dotnet\sdk\6.0.400\Extensions,C:\Program Files\dotnet\sdk\6.0.400
TpTrace Information: 0 : 22604, 1, 2022/08/19, 14:52:02.367, 782338903916, vstest.console.dll, AssemblyResolver.AddSearchDirectories: Adding more searchDirectories C:\Program Files\dotnet\sdk\6.0.400\Extensions,C:\Program Files\dotnet\sdk\6.0.400
TpTrace Verbose: 0 : 22604, 1, 2022/08/19, 14:52:02.368, 782338911840, vstest.console.dll, MetadataReaderExtensionsHelper: Discovering extensions inside assembly 'Microsoft.Diagnostics.NETCore.Client, Version=0.2.5.801, Culture=neutral, PublicKeyToken=31bf3856ad364e35' file path 'C:\Program Files\dotnet\sdk\6.0.400\Extensions\Microsoft.Diagnostics.NETCore.Client.dll'
TpTrace Information: 0 : 22604, 1, 2022/08/19, 14:52:02.369, 782338930994, vstest.console.dll, AssemblyResolver.OnResolve: Microsoft.Bcl.AsyncInterfaces: Resolving assembly.
TpTrace Information: 0 : 22604, 1, 2022/08/19, 14:52:02.370, 782338935372, vstest.console.dll, AssemblyResolver.OnResolve: Microsoft.Bcl.AsyncInterfaces: Resolved from cache.
TpTrace Verbose: 0 : 22604, 1, 2022/08/19, 14:52:02.370, 782338938430, vstest.console.dll, CurrentDomainAssemblyResolve: Resolving assembly 'Microsoft.Bcl.AsyncInterfaces'.
TpTrace Information: 0 : 22604, 1, 2022/08/19, 14:52:02.370, 782338941564, vstest.console.dll, AssemblyResolver.OnResolve: Microsoft.Bcl.AsyncInterfaces: Resolving assembly.
TpTrace Information: 0 : 22604, 1, 2022/08/19, 14:52:02.371, 782338944917, vstest.console.dll, AssemblyResolver.OnResolve: Microsoft.Bcl.AsyncInterfaces: Resolved from cache.
TpTrace Verbose: 0 : 22604, 1, 2022/08/19, 14:52:02.371, 782338948236, vstest.console.dll, CurrentDomainAssemblyResolve: Resolving assembly 'Microsoft.Bcl.AsyncInterfaces'.
TpTrace Verbose: 0 : 22604, 1, 2022/08/19, 14:52:02.371, 782338951049, vstest.console.dll, CurrentDomainAssemblyResolve: Failed to resolve assembly 'Microsoft.Bcl.AsyncInterfaces'.
TpTrace Verbose: 0 : 22604, 1, 2022/08/19, 14:52:02.372, 782338956766, vstest.console.dll, CurrentDomainAssemblyResolve: Failed to resolve assembly 'Microsoft.Bcl.AsyncInterfaces'.
TpTrace Warning: 0 : 22604, 1, 2022/08/19, 14:52:02.373, 782338966301, vstest.console.dll, TestPluginDiscoverer: Failed to get types from assembly 'Microsoft.Diagnostics.NETCore.Client, Version=0.2.5.801, Culture=neutral, PublicKeyToken=31bf3856ad364e35'. Error: System.Reflection.ReflectionTypeLoadException: Unable to load one or more of the requested types.
Could not load file or assembly 'Microsoft.Bcl.AsyncInterfaces, Version=1.0.0.0, Culture=neutral, PublicKeyToken=cc7b13ffcd2ddd51'. The system cannot find the file specified.
   at System.Reflection.RuntimeModule.GetTypes(RuntimeModule module)
   at System.Reflection.Assembly.GetTypes()
   at Microsoft.VisualStudio.TestPlatform.Common.ExtensionFramework.TestPluginDiscoverer.GetTestExtensionsFromAssembly[TPluginInfo,TExtension](Assembly assembly, Dictionary`2 pluginInfos, String filePath)
System.IO.FileNotFoundException: Could not load file or assembly 'Microsoft.Bcl.AsyncInterfaces, Version=1.0.0.0, Culture=neutral, PublicKeyToken=cc7b13ffcd2ddd51'. The system cannot find the file specified.
File name: 'Microsoft.Bcl.AsyncInterfaces, Version=1.0.0.0, Culture=neutral, PublicKeyToken=cc7b13ffcd2ddd51'
 ---> System.IO.FileNotFoundException: Could not load file or assembly 'Microsoft.Bcl.AsyncInterfaces, Culture=neutral, PublicKeyToken=null'. The system cannot find the file specified.
File name: 'Microsoft.Bcl.AsyncInterfaces, Culture=neutral, PublicKeyToken=null'
   at System.Reflection.RuntimeAssembly.InternalLoad(ObjectHandleOnStack assemblyName, ObjectHandleOnStack requestingAssembly, StackCrawlMarkHandle stackMark, Boolean throwOnFileNotFound, ObjectHandleOnStack assemblyLoadContext, ObjectHandleOnStack retAssembly)
   at System.Reflection.RuntimeAssembly.InternalLoad(AssemblyName assemblyName, RuntimeAssembly requestingAssembly, StackCrawlMark& stackMark, Boolean throwOnFileNotFound, AssemblyLoadContext assemblyLoadContext)
   at System.Reflection.Assembly.Load(AssemblyName assemblyRef)
   at Microsoft.VisualStudio.TestPlatform.Common.ExtensionFramework.TestPluginCache.CurrentDomainAssemblyResolve(Object sender, AssemblyResolveEventArgs args)
   at Microsoft.VisualStudio.TestPlatform.PlatformAbstractions.PlatformAssemblyResolver.AssemblyResolverEvent(Object sender, Object eventArgs)
   at System.Runtime.Loader.AssemblyLoadContext.GetFirstResolvedAssemblyFromResolvingEvent(AssemblyName assemblyName)
   at System.Runtime.Loader.AssemblyLoadContext.ResolveUsingEvent(AssemblyName assemblyName)
   at System.Runtime.Loader.AssemblyLoadContext.ResolveUsingResolvingEvent(IntPtr gchManagedAssemblyLoadContext, AssemblyName assemblyName)
TpTrace Warning: 0 : 22604, 1, 2022/08/19, 14:52:02.374, 782338973524, vstest.console.dll, LoaderExceptions: System.IO.FileNotFoundException: Could not load file or assembly 'Microsoft.Bcl.AsyncInterfaces, Version=1.0.0.0, Culture=neutral, PublicKeyToken=cc7b13ffcd2ddd51'. The system cannot find the file specified.
File name: 'Microsoft.Bcl.AsyncInterfaces, Version=1.0.0.0, Culture=neutral, PublicKeyToken=cc7b13ffcd2ddd51'
 ---> System.IO.FileNotFoundException: Could not load file or assembly 'Microsoft.Bcl.AsyncInterfaces, Culture=neutral, PublicKeyToken=null'. The system cannot find the file specified.
File name: 'Microsoft.Bcl.AsyncInterfaces, Culture=neutral, PublicKeyToken=null'
   at System.Reflection.RuntimeAssembly.InternalLoad(ObjectHandleOnStack assemblyName, ObjectHandleOnStack requestingAssembly, StackCrawlMarkHandle stackMark, Boolean throwOnFileNotFound, ObjectHandleOnStack assemblyLoadContext, ObjectHandleOnStack retAssembly)
   at System.Reflection.RuntimeAssembly.InternalLoad(AssemblyName assemblyName, RuntimeAssembly requestingAssembly, StackCrawlMark& stackMark, Boolean throwOnFileNotFound, AssemblyLoadContext assemblyLoadContext)
   at System.Reflection.Assembly.Load(AssemblyName assemblyRef)
   at Microsoft.VisualStudio.TestPlatform.Common.ExtensionFramework.TestPluginCache.CurrentDomainAssemblyResolve(Object sender, AssemblyResolveEventArgs args)
   at Microsoft.VisualStudio.TestPlatform.PlatformAbstractions.PlatformAssemblyResolver.AssemblyResolverEvent(Object sender, Object eventArgs)
   at System.Runtime.Loader.AssemblyLoadContext.GetFirstResolvedAssemblyFromResolvingEvent(AssemblyName assemblyName)
   at System.Runtime.Loader.AssemblyLoadContext.ResolveUsingEvent(AssemblyName assemblyName)
   at System.Runtime.Loader.AssemblyLoadContext.ResolveUsingResolvingEvent(IntPtr gchManagedAssemblyLoadContext, AssemblyName assemblyName)
TpTrace Verbose: 0 : 22604, 1, 2022/08/19, 14:52:02.374, 782338978399, vstest.console.dll, MetadataReaderExtensionsHelper: Discovering extensions inside assembly 'Microsoft.TestPlatform.Extensions.BlameDataCollector, Version=15.0.0.0, Culture=neutral, PublicKeyToken=b03f5f7f11d50a3a' file path 'C:\Program Files\dotnet\sdk\6.0.400\Extensions\Microsoft.TestPlatform.Extensions.BlameDataCollector.dll'
TpTrace Information: 0 : 22604, 1, 2022/08/19, 14:52:02.375, 782338988193, vstest.console.dll, GetTestExtensionFromType: Register extension with identifier data 'logger://Microsoft/TestPlatform/Extensions/Blame/v1' and type 'Microsoft.TestPlatform.Extensions.BlameDataCollector.BlameLogger, Microsoft.TestPlatform.Extensions.BlameDataCollector, Version=15.0.0.0, Culture=neutral, PublicKeyToken=b03f5f7f11d50a3a' inside file 'C:\Program Files\dotnet\sdk\6.0.400\Extensions\Microsoft.TestPlatform.Extensions.BlameDataCollector.dll'
TpTrace Verbose: 0 : 22604, 1, 2022/08/19, 14:52:02.376, 782338993330, vstest.console.dll, MetadataReaderExtensionsHelper: Discovering extensions inside assembly 'Microsoft.TestPlatform.Extensions.EventLogCollector, Version=15.0.0.0, Culture=neutral, PublicKeyToken=b03f5f7f11d50a3a' file path 'C:\Program Files\dotnet\sdk\6.0.400\Extensions\Microsoft.TestPlatform.Extensions.EventLogCollector.dll'
TpTrace Verbose: 0 : 22604, 1, 2022/08/19, 14:52:02.376, 782339000297, vstest.console.dll, MetadataReaderExtensionsHelper: Discovering extensions inside assembly 'Microsoft.TestPlatform.TestHostRuntimeProvider, Version=15.0.0.0, Culture=neutral, PublicKeyToken=b03f5f7f11d50a3a' file path 'C:\Program Files\dotnet\sdk\6.0.400\Extensions\Microsoft.TestPlatform.TestHostRuntimeProvider.dll'
TpTrace Verbose: 0 : 22604, 1, 2022/08/19, 14:52:02.377, 782339006392, vstest.console.dll, MetadataReaderExtensionsHelper: Discovering extensions inside assembly 'Microsoft.VisualStudio.TestPlatform.Extensions.Html.TestLogger, Version=15.0.0.0, Culture=neutral, PublicKeyToken=b03f5f7f11d50a3a' file path 'C:\Program Files\dotnet\sdk\6.0.400\Extensions\Microsoft.VisualStudio.TestPlatform.Extensions.Html.TestLogger.dll'
TpTrace Information: 0 : 22604, 1, 2022/08/19, 14:52:02.378, 782339012312, vstest.console.dll, GetTestExtensionFromType: Register extension with identifier data 'logger://Microsoft/TestPlatform/HtmlLogger/v1' and type 'Microsoft.VisualStudio.TestPlatform.Extensions.HtmlLogger.HtmlLogger, Microsoft.VisualStudio.TestPlatform.Extensions.Html.TestLogger, Version=15.0.0.0, Culture=neutral, PublicKeyToken=b03f5f7f11d50a3a' inside file 'C:\Program Files\dotnet\sdk\6.0.400\Extensions\Microsoft.VisualStudio.TestPlatform.Extensions.Html.TestLogger.dll'
TpTrace Verbose: 0 : 22604, 1, 2022/08/19, 14:52:02.378, 782339016243, vstest.console.dll, MetadataReaderExtensionsHelper: Discovering extensions inside assembly 'Microsoft.VisualStudio.TestPlatform.Extensions.Trx.TestLogger, Version=15.0.0.0, Culture=neutral, PublicKeyToken=b03f5f7f11d50a3a' file path 'C:\Program Files\dotnet\sdk\6.0.400\Extensions\Microsoft.VisualStudio.TestPlatform.Extensions.Trx.TestLogger.dll'
TpTrace Information: 0 : 22604, 1, 2022/08/19, 14:52:02.379, 782339023065, vstest.console.dll, GetTestExtensionFromType: Register extension with identifier data 'logger://Microsoft/TestPlatform/TrxLogger/v1' and type 'Microsoft.VisualStudio.TestPlatform.Extensions.TrxLogger.TrxLogger, Microsoft.VisualStudio.TestPlatform.Extensions.Trx.TestLogger, Version=15.0.0.0, Culture=neutral, PublicKeyToken=b03f5f7f11d50a3a' inside file 'C:\Program Files\dotnet\sdk\6.0.400\Extensions\Microsoft.VisualStudio.TestPlatform.Extensions.Trx.TestLogger.dll'
TpTrace Verbose: 0 : 22604, 1, 2022/08/19, 14:52:02.379, 782339027259, vstest.console.dll, TestPluginCache: Discovered the extensions using extension path ''.
TpTrace Verbose: 0 : 22604, 1, 2022/08/19, 14:52:02.379, 782339030192, vstest.console.dll, TestPluginCache: Discoverers are ''.
TpTrace Verbose: 0 : 22604, 1, 2022/08/19, 14:52:02.380, 782339032792, vstest.console.dll, TestPluginCache: Executors are ''.
TpTrace Verbose: 0 : 22604, 1, 2022/08/19, 14:52:02.380, 782339035534, vstest.console.dll, TestPluginCache: Executors2 are ''.
TpTrace Verbose: 0 : 22604, 1, 2022/08/19, 14:52:02.380, 782339038331, vstest.console.dll, TestPluginCache: Setting providers are ''.
TpTrace Verbose: 0 : 22604, 1, 2022/08/19, 14:52:02.381, 782339041967, vstest.console.dll, TestPluginCache: Loggers are 'logger://Microsoft/TestPlatform/Extensions/Blame/v1,logger://Microsoft/TestPlatform/HtmlLogger/v1,logger://Microsoft/TestPlatform/TrxLogger/v1'.
TpTrace Verbose: 0 : 22604, 1, 2022/08/19, 14:52:02.381, 782339045542, vstest.console.dll, TestPluginCache: TestHosts are 'HostProvider://DefaultTestHost,HostProvider://DotnetTestHost'.
TpTrace Verbose: 0 : 22604, 1, 2022/08/19, 14:52:02.381, 782339049495, vstest.console.dll, TestPluginCache: DataCollectors are ''.
TpTrace Information: 0 : 22604, 1, 2022/08/19, 14:52:02.383, 782339062308, vstest.console.dll, TestPluginManager.CreateTestExtension: Attempting to load test extension: Microsoft.TestPlatform.Extensions.BlameDataCollector.BlameLogger
TpTrace Verbose: 0 : 22604, 1, 2022/08/19, 14:52:02.390, 782339138398, vstest.console.dll, TestEngine: Initializing Parallel Execution as MaxCpuCount is set to: 1
TpTrace Information: 0 : 22604, 1, 2022/08/19, 14:52:02.393, 782339166944, vstest.console.dll, TestPluginManager.CreateTestExtension: Attempting to load test extension: Microsoft.VisualStudio.TestPlatform.CrossPlatEngine.Hosting.DefaultTestHostManager
TpTrace Information: 0 : 22604, 1, 2022/08/19, 14:52:02.395, 782339182221, vstest.console.dll, TestPluginManager.CreateTestExtension: Attempting to load test extension: Microsoft.VisualStudio.TestPlatform.CrossPlatEngine.Hosting.DotnetTestHostManager
TpTrace Information: 0 : 22604, 1, 2022/08/19, 14:52:02.395, 782339191452, vstest.console.dll, InferRunSettingsHelper.IsTestSettingsEnabled: Unable to navigate to RunSettings/MSTest. Current node: RunSettings
TpTrace Verbose: 0 : 22604, 1, 2022/08/19, 14:52:02.403, 782339264885, vstest.console.dll, TestEngine.GetExecutionManager: Chosen execution manager 'Microsoft.VisualStudio.TestPlatform.CrossPlatEngine.Client.Parallel.ParallelProxyExecutionManager, Microsoft.TestPlatform.CrossPlatEngine, Version=15.0.0.0, Culture=neutral, PublicKeyToken=b03f5f7f11d50a3a' ParallelLevel '1'.
TpTrace Verbose: 0 : 22604, 1, 2022/08/19, 14:52:02.403, 782339270491, vstest.console.dll, TestRunRequest.ExecuteAsync: Creating test run request.
TpTrace Verbose: 0 : 22604, 1, 2022/08/19, 14:52:02.404, 782339277072, vstest.console.dll, TestRunRequest.ExecuteAsync: Starting.
TpTrace Information: 0 : 22604, 1, 2022/08/19, 14:52:02.405, 782339285402, vstest.console.dll, TestRunRequest.ExecuteAsync: Starting run with settings:TestRunCriteria:
   KeepAlive=False,FrequencyOfRunStatsChangeEvent=10,RunStatsChangeEventTimeout=00:00:01.5000000,TestCaseFilter=,TestExecutorLauncher=
   Settingsxml=<RunSettings>
  <RunConfiguration>
    <ResultsDirectory>\\wsl$\Ubuntu\home\cchaves\dev\ExcelEFCoreTool\Tests\ExcelToolTests\bin\Debug\net6.0\fine-code-coverage\coverage-tool-output</ResultsDirectory>
    <TargetPlatform>X64</TargetPlatform>
    <TargetFrameworkVersion>.NETCoreApp,Version=v6.0</TargetFrameworkVersion>
    <DesignMode>False</DesignMode>
    <CollectSourceInformation>False</CollectSourceInformation>
  </RunConfiguration>
  <LoggerRunSettings>
    <Loggers>
      <Logger friendlyName="blame" enabled="True" />
      <Logger friendlyName="Console" uri="logger://microsoft/TestPlatform/ConsoleLogger/v1" assemblyQualifiedName="Microsoft.VisualStudio.TestPlatform.CommandLine.Internal.ConsoleLogger, vstest.console, Version=15.0.0.0, Culture=neutral, PublicKeyToken=b03f5f7f11d50a3a" codeBase="C:\Program Files\dotnet\sdk\6.0.400\vstest.console.dll" enabled="True" />
    </Loggers>
  </LoggerRunSettings>
  <DataCollectionRunSettings>
    <DataCollectors>
      <DataCollector friendlyName="blame" enabled="True">
        <Configuration>
          <ResultsDirectory>\\wsl$\Ubuntu\home\cchaves\dev\ExcelEFCoreTool\Tests\ExcelToolTests\bin\Debug\net6.0\fine-code-coverage\coverage-tool-output</ResultsDirectory>
        </Configuration>
      </DataCollector>
    </DataCollectors>
  </DataCollectionRunSettings>
</RunSettings>

TpTrace Verbose: 0 : 22604, 1, 2022/08/19, 14:52:02.405, 782339289786, vstest.console.dll, TestRunRequest.ExecuteAsync: Wait for the first run request is over.
TpTrace Verbose: 0 : 22604, 1, 2022/08/19, 14:52:02.406, 782339296360, vstest.console.dll, MulticastDelegateUtilities.SafeInvoke: TestRun.TestRunStart: Invoking callbacks was skipped because there are no subscribers.
TpTrace Verbose: 0 : 22604, 4, 2022/08/19, 14:52:02.406, 782339298888, vstest.console.dll, MulticastDelegateUtilities.SafeInvoke: InternalTestLoggerEvents.SendTestRunStart: Invoking callback 1/1 for Microsoft.VisualStudio.TestPlatform.CommandLine.Internal.ConsoleLogger.TestRunStartHandler, took 0 ms.
TpTrace Verbose: 0 : 22604, 1, 2022/08/19, 14:52:02.408, 782339313950, vstest.console.dll, ParallelProxyExecutionManager: Start execution. Total sources: 1
TpTrace Verbose: 0 : 22604, 1, 2022/08/19, 14:52:02.410, 782339337817, vstest.console.dll, TestRequestSender is acting as server.
TpTrace Verbose: 0 : 22604, 1, 2022/08/19, 14:52:02.412, 782339352700, vstest.console.dll, DataCollectionRequestSender.InitializeCommunication : Initialize communication. 
TpTrace Information: 0 : 22604, 1, 2022/08/19, 14:52:02.419, 782339429215, vstest.console.dll, Listening on Endpoint : 127.0.0.1:54258
TpTrace Verbose: 0 : 22604, 1, 2022/08/19, 14:52:02.428, 782339515368, vstest.console.dll, DotnetDataCollectionLauncher: Adding  --runtimeconfig "C:\Program Files\dotnet\sdk\6.0.400\datacollector.runtimeconfig.json" in args
TpTrace Verbose: 0 : 22604, 1, 2022/08/19, 14:52:02.428, 782339521080, vstest.console.dll, DotnetDataCollectionLauncher: Adding  --depsfile "C:\Program Files\dotnet\sdk\6.0.400\datacollector.deps.json" in args
TpTrace Verbose: 0 : 22604, 1, 2022/08/19, 14:52:02.429, 782339525151, vstest.console.dll, DotnetDataCollectionLauncher: Full path of dotnet.exe is C:\Program Files\dotnet\dotnet.exe
TpTrace Information: 0 : 22604, 1, 2022/08/19, 14:52:02.444, 782339676351, vstest.console.dll, ProxyDataCollectionManager.Initialize: Launched datacollector processId: 26664 port: 54258
TpTrace Information: 0 : 22604, 1, 2022/08/19, 14:52:02.445, 782339683084, vstest.console.dll, ProxyDataCollectionManager.Initialize: waiting for connection with timeout: 90 seconds
TpTrace Verbose: 0 : 22604, 1, 2022/08/19, 14:52:02.445, 782339687847, vstest.console.dll, DataCollectionRequestSender.WaitForRequestHandlerConnection : Waiting for connection with timeout: 90000
TpTrace Information: 0 : 22604, 5, 2022/08/19, 14:52:02.700, 782342232607, vstest.console.dll, Using the buffer size of 16384 bytes
TpTrace Verbose: 0 : 22604, 1, 2022/08/19, 14:52:02.700, 782342233283, vstest.console.dll, SocketCommunicationManager.WaitForClientConnection took: 254 ms, with 90000 ms timeout, and finished with True.
TpTrace Information: 0 : 22604, 5, 2022/08/19, 14:52:02.700, 782342239574, vstest.console.dll, Accepted Client request and set the flag
TpTrace Verbose: 0 : 22604, 1, 2022/08/19, 14:52:02.701, 782342244292, vstest.console.dll, ProxyDataCollectionManager.InvokeDataCollectionServiceAction: Starting.
TpTrace Information: 0 : 22604, 1, 2022/08/19, 14:52:02.701, 782342251624, vstest.console.dll, ProxyDataCollectionManager.BeforeTestRunStart: Get environment variable and port for datacollector processId: 26664 port: 54258
TpTrace Verbose: 0 : 22604, 1, 2022/08/19, 14:52:02.702, 782342256563, vstest.console.dll, DataCollectionRequestSender.SendBeforeTestRunStartAndGetResult: Send BeforeTestRunStart message with settingsXml <RunSettings><RunConfiguration><ResultsDirectory>\\wsl$\Ubuntu\home\cchaves\dev\ExcelEFCoreTool\Tests\ExcelToolTests\bin\Debug\net6.0\fine-code-coverage\coverage-tool-output</ResultsDirectory><TargetPlatform>X64</TargetPlatform><TargetFrameworkVersion>.NETCoreApp,Version=v6.0</TargetFrameworkVersion><DesignMode>False</DesignMode><CollectSourceInformation>False</CollectSourceInformation><TestAdaptersPaths>C:\Program Files\dotnet\sdk\6.0.400\Extensions</TestAdaptersPaths></RunConfiguration><LoggerRunSettings><Loggers><Logger friendlyName="blame" enabled="True" /><Logger friendlyName="Console" uri="logger://microsoft/TestPlatform/ConsoleLogger/v1" assemblyQualifiedName="Microsoft.VisualStudio.TestPlatform.CommandLine.Internal.ConsoleLogger, vstest.console, Version=15.0.0.0, Culture=neutral, PublicKeyToken=b03f5f7f11d50a3a" codeBase="C:\Program Files\dotnet\sdk\6.0.400\vstest.console.dll" enabled="True" /></Loggers></LoggerRunSettings><DataCollectionRunSettings><DataCollectors><DataCollector friendlyName="blame" enabled="True"><Configuration><ResultsDirectory>\\wsl$\Ubuntu\home\cchaves\dev\ExcelEFCoreTool\Tests\ExcelToolTests\bin\Debug\net6.0\fine-code-coverage\coverage-tool-output</ResultsDirectory></Configuration></DataCollector></DataCollectors></DataCollectionRunSettings></RunSettings> and sources System.Collections.Generic.List`1[System.String]: 
TpTrace Verbose: 0 : 22604, 1, 2022/08/19, 14:52:02.797, 782343209763, vstest.console.dll, DataCollectionRequestSender.SendBeforeTestRunStartAndGetResult: Received message: (DataCollection.SendMessage) -> {"MessageType":"DataCollection.SendMessage","Payload":{"FriendlyName":null,"Uri":null,"TestCaseId":"00000000-0000-0000-0000-000000000000","Message":"Logging DataCollector Diagnostics in file: \\\\wsl$\\Ubuntu\\home\\cchaves\\dev\\ExcelEFCoreTool\\Tests\\ExcelToolTests\\bin\\Debug\\net6.0\\fine-code-coverage\\coverage-tool-output\\diagnostics.datacollector.22-08-19_14-52-02_42784_1.log","Level":0}}
TpTrace Verbose: 0 : 22604, 1, 2022/08/19, 14:52:02.942, 782344655286, vstest.console.dll, DataCollectionRequestSender.SendBeforeTestRunStartAndGetResult: Received message: (DataCollection.BeforeTestRunStartResult) -> {"MessageType":"DataCollection.BeforeTestRunStartResult","Payload":{"EnvironmentVariables":{},"DataCollectionEventsPort":54260}}
TpTrace Information: 0 : 22604, 1, 2022/08/19, 14:52:02.948, 782344713305, vstest.console.dll, ProxyDataCollectionManager.BeforeTestRunStart: SendBeforeTestRunStartAndGetResult successful, env variable from datacollector:   and testhost port: 54260
TpTrace Information: 0 : 22604, 1, 2022/08/19, 14:52:02.949, 782344721762, vstest.console.dll, ProxyDataCollectionManager.InvokeDataCollectionServiceAction: Completed.
TpTrace Verbose: 0 : 22604, 7, 2022/08/19, 14:52:02.950, 782344736866, vstest.console.dll, ParallelProxyExecutionManager: Execution started. Started clients: 1
TpTrace Verbose: 0 : 22604, 1, 2022/08/19, 14:52:02.950, 782344737002, vstest.console.dll, ProxyParallelExecutionManager: No sources available for execution.
TpTrace Information: 0 : 22604, 1, 2022/08/19, 14:52:02.951, 782344747992, vstest.console.dll, TestRunRequest.ExecuteAsync: Started.
TpTrace Verbose: 0 : 22604, 7, 2022/08/19, 14:52:02.951, 782344745750, vstest.console.dll, TestRunRequest:SendTestRunMessage: Starting.
TpTrace Verbose: 0 : 22604, 1, 2022/08/19, 14:52:02.952, 782344753816, vstest.console.dll, TestRunRequest.WaitForCompletion: Waiting with timeout -1.
TpTrace Verbose: 0 : 22604, 7, 2022/08/19, 14:52:02.952, 782344758809, vstest.console.dll, MulticastDelegateUtilities.SafeInvoke: TestRun.LogMessages: Invoking callback 1/1 for Microsoft.VisualStudio.TestPlatform.CommandLine.TestRunResultAggregator.TestRunMessageHandler, took 0 ms.
TpTrace Information: 0 : 22604, 7, 2022/08/19, 14:52:02.953, 782344764055, vstest.console.dll, TestRunRequest:SendTestRunMessage: Completed.
TpTrace Verbose: 0 : 22604, 4, 2022/08/19, 14:52:02.952, 782344758868, vstest.console.dll, MulticastDelegateUtilities.SafeInvoke: InternalTestLoggerEvents.SendTestRunMessage: Invoking callback 1/1 for Microsoft.VisualStudio.TestPlatform.CommandLine.Internal.ConsoleLogger.TestMessageHandler, took 0 ms.
TpTrace Verbose: 0 : 22604, 7, 2022/08/19, 14:52:02.953, 782344770389, vstest.console.dll, ProxyExecutionManager: Test host is always Lazy initialize.
TpTrace Verbose: 0 : 22604, 7, 2022/08/19, 14:52:02.954, 782344776171, vstest.console.dll, TestRequestSender.InitializeCommunication: initialize communication. 
TpTrace Information: 0 : 22604, 7, 2022/08/19, 14:52:02.955, 782344783952, vstest.console.dll, SocketServer.Start: Listening on endpoint : 127.0.0.1:54261
TpTrace Verbose: 0 : 22604, 7, 2022/08/19, 14:52:02.956, 782344793080, vstest.console.dll, DotnetTestHostmanager.GetTestHostProcessStartInfo: Platform environment 'X64' target architecture 'X64' framework '.NETCoreApp,Version=v6.0' OS 'Windows'
TpTrace Verbose: 0 : 22604, 7, 2022/08/19, 14:52:02.957, 782344810117, vstest.console.dll, DotnetTestHostmanager: Adding  --runtimeconfig "\\wsl$\Ubuntu\home\cchaves\dev\ExcelEFCoreTool\Tests\ExcelToolTests\bin\Debug\net6.0\fine-code-coverage\build-output\ExcelEFCoreTests.runtimeconfig.json" in args
TpTrace Verbose: 0 : 22604, 7, 2022/08/19, 14:52:02.959, 782344829249, vstest.console.dll, DotnetTestHostmanager: Adding  --depsfile "\\wsl$\Ubuntu\home\cchaves\dev\ExcelEFCoreTool\Tests\ExcelToolTests\bin\Debug\net6.0\fine-code-coverage\build-output\ExcelEFCoreTests.deps.json" in args
TpTrace Verbose: 0 : 22604, 7, 2022/08/19, 14:52:02.960, 782344836158, vstest.console.dll, DotnetTestHostmanager.IsWinOnArm: Current PROCESSOR_ARCHITECTURE from environment variable 'AMD64'
TpTrace Verbose: 0 : 22604, 7, 2022/08/19, 14:52:02.960, 782344839913, vstest.console.dll, DotnetTestHostmanager.IsWinOnArm: Is Windows on ARM 'False'
TpTrace Verbose: 0 : 22604, 7, 2022/08/19, 14:52:02.962, 782344854500, vstest.console.dll, DotnetTestHostManager: testhost.exe found at path: \\wsl$\Ubuntu\home\cchaves\dev\ExcelEFCoreTool\Tests\ExcelToolTests\bin\Debug\net6.0\fine-code-coverage\build-output\testhost.exe
TpTrace Verbose: 0 : 22604, 7, 2022/08/19, 14:52:02.962, 782344857868, vstest.console.dll, DotnetTestHostmanager: Full path of host exe is \\wsl$\Ubuntu\home\cchaves\dev\ExcelEFCoreTool\Tests\ExcelToolTests\bin\Debug\net6.0\fine-code-coverage\build-output\testhost.exe
TpTrace Verbose: 0 : 22604, 7, 2022/08/19, 14:52:02.963, 782344861837, vstest.console.dll, DotnetTestHostmanager.LaunchTestHostAsync: Found 'VSTEST_WINAPPHOST_DOTNET_ROOT' in env variables, value 'C:\Program Files\dotnet', forwarding to 'DOTNET_ROOT'
TpTrace Verbose: 0 : 22604, 7, 2022/08/19, 14:52:02.963, 782344866974, vstest.console.dll, DotnetTestHostManager: Starting process '\\wsl$\Ubuntu\home\cchaves\dev\ExcelEFCoreTool\Tests\ExcelToolTests\bin\Debug\net6.0\fine-code-coverage\build-output\testhost.exe' with command line ' --runtimeconfig "\\wsl$\Ubuntu\home\cchaves\dev\ExcelEFCoreTool\Tests\ExcelToolTests\bin\Debug\net6.0\fine-code-coverage\build-output\ExcelEFCoreTests.runtimeconfig.json" --depsfile "\\wsl$\Ubuntu\home\cchaves\dev\ExcelEFCoreTool\Tests\ExcelToolTests\bin\Debug\net6.0\fine-code-coverage\build-output\ExcelEFCoreTests.deps.json" --port 54261 --endpoint 127.0.0.1:054261 --role client --parentprocessid 22604 --diag "\\wsl$\Ubuntu\home\cchaves\dev\ExcelEFCoreTool\Tests\ExcelToolTests\bin\Debug\net6.0\fine-code-coverage\coverage-tool-output\diagnostics.host.22-08-19_14-52-02_95585_7.log" --tracelevel 4 --datacollectionport 54260 --telemetryoptedin false'
TpTrace Verbose: 0 : 22604, 7, 2022/08/19, 14:52:03.056, 782345799918, vstest.console.dll, MulticastDelegateUtilities.SafeInvoke: HostProviderEvents.OnHostLaunched: Invoking callback 1/2 for Microsoft.VisualStudio.TestPlatform.CrossPlatEngine.Client.ProxyExecutionManagerWithDataCollection.TestHostLaunchedHandler, took 1 ms.
TpTrace Verbose: 0 : 22604, 7, 2022/08/19, 14:52:03.057, 782345805899, vstest.console.dll, Test Runtime launched
TpTrace Verbose: 0 : 22604, 7, 2022/08/19, 14:52:03.057, 782345809792, vstest.console.dll, MulticastDelegateUtilities.SafeInvoke: HostProviderEvents.OnHostLaunched: Invoking callback 2/2 for Microsoft.VisualStudio.TestPlatform.CrossPlatEngine.Client.ProxyOperationManager.TestHostManagerHostLaunched, took 0 ms.
TpTrace Verbose: 0 : 22604, 7, 2022/08/19, 14:52:03.058, 782345814035, vstest.console.dll, TestRequestSender.WaitForRequestHandlerConnection: waiting for connection with timeout: 90000.
TpTrace Verbose: 0 : 22604, 7, 2022/08/19, 14:52:03.718, 782352415650, vstest.console.dll, TestRequestSender.WaitForRequestHandlerConnection: waiting took 660 ms, with timeout 90000 ms, and result 0, which is success.
TpTrace Verbose: 0 : 22604, 13, 2022/08/19, 14:52:03.718, 782352415650, vstest.console.dll, MulticastDelegateUtilities.SafeInvoke: SocketServer: ClientConnected: Invoking callback 1/1 for Microsoft.VisualStudio.TestPlatform.CommunicationUtilities.TestRequestSender.<InitializeCommunication>b__24_0, took 0 ms.
TpTrace Verbose: 0 : 22604, 13, 2022/08/19, 14:52:03.719, 782352427190, vstest.console.dll, SocketServer.OnClientConnected: Client connected for endPoint: 127.0.0.1:54261, starting MessageLoopAsync:
TpTrace Verbose: 0 : 22604, 7, 2022/08/19, 14:52:03.720, 782352436311, vstest.console.dll, TestRequestSender.CheckVersionWithTestHost: Sending check version message: {"MessageType":"ProtocolVersion","Payload":7}
TpTrace Verbose: 0 : 22604, 13, 2022/08/19, 14:52:03.720, 782352437074, vstest.console.dll, TcpClientExtensions.MessageLoopAsync: Polling on remoteEndPoint: 127.0.0.1:54263 localEndPoint: 127.0.0.1:54261
TpTrace Verbose: 0 : 22604, 13, 2022/08/19, 14:52:03.925, 782354481796, vstest.console.dll, TcpClientExtensions.MessageLoopAsync: NotifyDataAvailable remoteEndPoint: 127.0.0.1:54263 localEndPoint: 127.0.0.1:54261
TpTrace Verbose: 0 : 22604, 13, 2022/08/19, 14:52:03.925, 782354488391, vstest.console.dll, TestRequestSender.CheckVersionWithTestHost: onMessageReceived received message: (ProtocolVersion) -> {"MessageType":"ProtocolVersion","Payload":5}
TpTrace Verbose: 0 : 22604, 13, 2022/08/19, 14:52:03.926, 782354497973, vstest.console.dll, MulticastDelegateUtilities.SafeInvoke: LengthPrefixCommunicationChannel: MessageReceived: Invoking callback 1/1 for Microsoft.VisualStudio.TestPlatform.CommunicationUtilities.TestRequestSender+<>c__DisplayClass26_0.<CheckVersionWithTestHost>b__0, took 1 ms.
TpTrace Verbose: 0 : 22604, 7, 2022/08/19, 14:52:03.926, 782354498782, vstest.console.dll, TestPluginCache.GetExtensionPaths: Filtered extension paths: 
TpTrace Verbose: 0 : 22604, 13, 2022/08/19, 14:52:03.927, 782354502189, vstest.console.dll, TcpClientExtensions.MessageLoopAsync: Polling on remoteEndPoint: 127.0.0.1:54263 localEndPoint: 127.0.0.1:54261
TpTrace Verbose: 0 : 22604, 7, 2022/08/19, 14:52:03.927, 782354505507, vstest.console.dll, TestPluginCache.GetExtensionPaths: Added default extension paths: C:\Program Files\dotnet\sdk\6.0.400\Extensions\Microsoft.Diagnostics.NETCore.Client.dll
C:\Program Files\dotnet\sdk\6.0.400\Extensions\Microsoft.TestPlatform.Extensions.BlameDataCollector.dll
C:\Program Files\dotnet\sdk\6.0.400\Extensions\Microsoft.TestPlatform.Extensions.EventLogCollector.dll
C:\Program Files\dotnet\sdk\6.0.400\Extensions\Microsoft.TestPlatform.TestHostRuntimeProvider.dll
C:\Program Files\dotnet\sdk\6.0.400\Extensions\Microsoft.VisualStudio.TestPlatform.Extensions.Html.TestLogger.dll
C:\Program Files\dotnet\sdk\6.0.400\Extensions\Microsoft.VisualStudio.TestPlatform.Extensions.Trx.TestLogger.dll
TpTrace Verbose: 0 : 22604, 7, 2022/08/19, 14:52:03.927, 782354511477, vstest.console.dll, TestPluginCache.GetExtensionPaths: Added unfilterableExtensionPaths: 
TpTrace Verbose: 0 : 22604, 13, 2022/08/19, 14:52:03.939, 782354623369, vstest.console.dll, TcpClientExtensions.MessageLoopAsync: NotifyDataAvailable remoteEndPoint: 127.0.0.1:54263 localEndPoint: 127.0.0.1:54261
TpTrace Verbose: 0 : 22604, 13, 2022/08/19, 14:52:03.939, 782354628130, vstest.console.dll, LengthPrefixCommunicationChannel.NotifyDataAvailable: New data are waiting to be received, but there is no subscriber to be notified. Not reading them from the stream.
TpTrace Verbose: 0 : 22604, 13, 2022/08/19, 14:52:03.940, 782354631751, vstest.console.dll, TcpClientExtensions.MessageLoopAsync: Polling on remoteEndPoint: 127.0.0.1:54263 localEndPoint: 127.0.0.1:54261
TpTrace Verbose: 0 : 22604, 13, 2022/08/19, 14:52:03.940, 782354635123, vstest.console.dll, TcpClientExtensions.MessageLoopAsync: NotifyDataAvailable remoteEndPoint: 127.0.0.1:54263 localEndPoint: 127.0.0.1:54261
TpTrace Verbose: 0 : 22604, 7, 2022/08/19, 14:52:03.940, 782354638191, vstest.console.dll, TestRequestSender.InitializeExecution: Sending initialize execution with message: {"Version":5,"MessageType":"TestExecution.Initialize","Payload":["\\\\wsl$\\Ubuntu\\home\\cchaves\\dev\\ExcelEFCoreTool\\Tests\\ExcelToolTests\\bin\\Debug\\net6.0\\fine-code-coverage\\build-output\\Microsoft.VisualStudio.TestPlatform.MSTest.TestAdapter.dll"]}
TpTrace Verbose: 0 : 22604, 13, 2022/08/19, 14:52:03.940, 782354638282, vstest.console.dll, LengthPrefixCommunicationChannel.NotifyDataAvailable: New data are waiting to be received, but there is no subscriber to be notified. Not reading them from the stream.
TpTrace Verbose: 0 : 22604, 13, 2022/08/19, 14:52:03.941, 782354644238, vstest.console.dll, TcpClientExtensions.MessageLoopAsync: Polling on remoteEndPoint: 127.0.0.1:54263 localEndPoint: 127.0.0.1:54261
TpTrace Warning: 0 : 22604, 7, 2022/08/19, 14:52:03.941, 782354646254, vstest.console.dll, InferRunSettingsHelper.MakeRunsettingsCompatible: Removing the following settings: TargetPlatform from RunSettings file. To use those settings please move to latest version of Microsoft.NET.Test.Sdk
TpTrace Verbose: 0 : 22604, 13, 2022/08/19, 14:52:03.941, 782354647335, vstest.console.dll, TcpClientExtensions.MessageLoopAsync: NotifyDataAvailable remoteEndPoint: 127.0.0.1:54263 localEndPoint: 127.0.0.1:54261
TpTrace Verbose: 0 : 22604, 13, 2022/08/19, 14:52:03.942, 782354652919, vstest.console.dll, LengthPrefixCommunicationChannel.NotifyDataAvailable: New data are waiting to be received, but there is no subscriber to be notified. Not reading them from the stream.
TpTrace Verbose: 0 : 22604, 13, 2022/08/19, 14:52:03.942, 782354656017, vstest.console.dll, TcpClientExtensions.MessageLoopAsync: Polling on remoteEndPoint: 127.0.0.1:54263 localEndPoint: 127.0.0.1:54261
TpTrace Verbose: 0 : 22604, 13, 2022/08/19, 14:52:03.942, 782354659644, vstest.console.dll, TcpClientExtensions.MessageLoopAsync: NotifyDataAvailable remoteEndPoint: 127.0.0.1:54263 localEndPoint: 127.0.0.1:54261
TpTrace Verbose: 0 : 22604, 13, 2022/08/19, 14:52:03.943, 782354663640, vstest.console.dll, TestRequestSender.OnExecutionMessageReceived: Received message: {"Version":5,"MessageType":"TestSession.Message","Payload":{"MessageLevel":0,"Message":"Logging TestHost Diagnostics in file: \\\\wsl$\\Ubuntu\\home\\cchaves\\dev\\ExcelEFCoreTool\\Tests\\ExcelToolTests\\bin\\Debug\\net6.0\\fine-code-coverage\\coverage-tool-output\\diagnostics.host.22-08-19_14-52-02_95585_7.log"}}
TpTrace Verbose: 0 : 22604, 13, 2022/08/19, 14:52:03.946, 782354696557, vstest.console.dll, TestRunRequest:SendTestRunMessage: Starting.
TpTrace Verbose: 0 : 22604, 13, 2022/08/19, 14:52:03.947, 782354701873, vstest.console.dll, MulticastDelegateUtilities.SafeInvoke: TestRun.LogMessages: Invoking callback 1/1 for Microsoft.VisualStudio.TestPlatform.CommandLine.TestRunResultAggregator.TestRunMessageHandler, took 0 ms.
TpTrace Information: 0 : 22604, 13, 2022/08/19, 14:52:03.947, 782354706254, vstest.console.dll, TestRunRequest:SendTestRunMessage: Completed.
TpTrace Verbose: 0 : 22604, 4, 2022/08/19, 14:52:03.947, 782354702085, vstest.console.dll, MulticastDelegateUtilities.SafeInvoke: InternalTestLoggerEvents.SendTestRunMessage: Invoking callback 1/1 for Microsoft.VisualStudio.TestPlatform.CommandLine.Internal.ConsoleLogger.TestMessageHandler, took 0 ms.
TpTrace Verbose: 0 : 22604, 13, 2022/08/19, 14:52:03.947, 782354710678, vstest.console.dll, MulticastDelegateUtilities.SafeInvoke: LengthPrefixCommunicationChannel: MessageReceived: Invoking callback 1/1 for Microsoft.VisualStudio.TestPlatform.CommunicationUtilities.TestRequestSender+<>c__DisplayClass31_0.<StartTestRun>b__1, took 4 ms.
TpTrace Verbose: 0 : 22604, 13, 2022/08/19, 14:52:03.948, 782354714939, vstest.console.dll, TcpClientExtensions.MessageLoopAsync: Polling on remoteEndPoint: 127.0.0.1:54263 localEndPoint: 127.0.0.1:54261
TpTrace Verbose: 0 : 22604, 7, 2022/08/19, 14:52:03.951, 782354747608, vstest.console.dll, TestRequestSender.StartTestRun: Sending test run with message: {"Version":5,"MessageType":"TestExecution.StartWithSources","Payload":{"AdapterSourceMap":{"_none_":["\\\\wsl$\\Ubuntu\\home\\cchaves\\dev\\ExcelEFCoreTool\\Tests\\ExcelToolTests\\bin\\Debug\\net6.0\\fine-code-coverage\\build-output\\ExcelEFCoreTests.dll"]},"RunSettings":"<RunSettings>\r\n  <RunConfiguration>\r\n    <ResultsDirectory>\\\\wsl$\\Ubuntu\\home\\cchaves\\dev\\ExcelEFCoreTool\\Tests\\ExcelToolTests\\bin\\Debug\\net6.0\\fine-code-coverage\\coverage-tool-output</ResultsDirectory>\r\n    <TargetFrameworkVersion>.NETCoreApp,Version=v6.0</TargetFrameworkVersion>\r\n    <DesignMode>False</DesignMode>\r\n    <CollectSourceInformation>False</CollectSourceInformation>\r\n  </RunConfiguration>\r\n  <LoggerRunSettings>\r\n    <Loggers>\r\n      <Logger friendlyName=\"blame\" enabled=\"True\" />\r\n      <Logger friendlyName=\"Console\" uri=\"logger://microsoft/TestPlatform/ConsoleLogger/v1\" assemblyQualifiedName=\"Microsoft.VisualStudio.TestPlatform.CommandLine.Internal.ConsoleLogger, vstest.console, Version=15.0.0.0, Culture=neutral, PublicKeyToken=b03f5f7f11d50a3a\" codeBase=\"C:\\Program Files\\dotnet\\sdk\\6.0.400\\vstest.console.dll\" enabled=\"True\" />\r\n    </Loggers>\r\n  </LoggerRunSettings>\r\n  <DataCollectionRunSettings>\r\n    <DataCollectors>\r\n      <DataCollector friendlyName=\"blame\" enabled=\"True\">\r\n        <Configuration>\r\n          <ResultsDirectory>\\\\wsl$\\Ubuntu\\home\\cchaves\\dev\\ExcelEFCoreTool\\Tests\\ExcelToolTests\\bin\\Debug\\net6.0\\fine-code-coverage\\coverage-tool-output</ResultsDirectory>\r\n        </Configuration>\r\n      </DataCollector>\r\n    </DataCollectors>\r\n  </DataCollectionRunSettings>\r\n</RunSettings>","TestExecutionContext":{"FrequencyOfRunStatsChangeEvent":10,"RunStatsChangeEventTimeout":"00:00:01.5000000","InIsolation":false,"KeepAlive":false,"AreTestCaseLevelEventsRequired":false,"IsDebug":false,"TestCaseFilter":null,"FilterOptions":null},"Package":null}}
TpTrace Verbose: 0 : 22604, 13, 2022/08/19, 14:52:04.949, 782364725580, vstest.console.dll, TcpClientExtensions.MessageLoopAsync: Polling on remoteEndPoint: 127.0.0.1:54263 localEndPoint: 127.0.0.1:54261
TpTrace Verbose: 0 : 22604, 13, 2022/08/19, 14:52:05.671, 782371944604, vstest.console.dll, TcpClientExtensions.MessageLoopAsync: NotifyDataAvailable remoteEndPoint: 127.0.0.1:54263 localEndPoint: 127.0.0.1:54261
TpTrace Verbose: 0 : 22604, 13, 2022/08/19, 14:52:05.671, 782371949579, vstest.console.dll, TestRequestSender.OnExecutionMessageReceived: Received message: {"Version":5,"MessageType":"TestExecution.StatsChange","Payload":{"NewTestResults":[],"TestRunStatistics":{"ExecutedTests":0,"Stats":{}},"ActiveTests":[{"Id":"044dda58-94c6-ea6d-2514-dfd914be651e","FullyQualifiedName":"Test.ExcelEFCoreToolTests.Excel_ExportContextToWorksheets_MustCreateWorksheetsWithData","DisplayName":"Excel_ExportContextToWorksheets_MustCreateWorksheetsWithData","ExecutorUri":"executor://MSTestAdapter/v2","Source":"\\\\wsl$\\Ubuntu\\home\\cchaves\\dev\\ExcelEFCoreTool\\Tests\\ExcelToolTests\\bin\\Debug\\net6.0\\fine-code-coverage\\build-output\\ExcelEFCoreTests.dll","CodeFilePath":null,"LineNumber":-1,"Properties":[{"Key":{"Id":"TestCase.ManagedType","Label":"ManagedType","Category":"","Description":"","Attributes":1,"ValueType":"System.String"},"Value":"Test.ExcelEFCoreToolTests"},{"Key":{"Id":"TestCase.ManagedMethod","Label":"ManagedMethod","Category":"","Description":"","Attributes":1,"ValueType":"System.String"},"Value":"Excel_ExportContextToWorksheets_MustCreateWorksheetsWithData"},{"Key":{"Id":"MSTestDiscoverer.TestClassName","Label":"ClassName","Category":"","Description":"","Attributes":1,"ValueType":"System.String"},"Value":"Test.ExcelEFCoreToolTests"},{"Key":{"Id":"TestCase.Hierarchy","Label":"Hierarchy","Category":"","Description":"","Attributes":2,"ValueType":"System.String[]"},"Value":["Test","ExcelEFCoreToolTests"]},{"Key":{"Id":"TestObject.Traits","Label":"Traits","Category":"","Description":"","Attributes":5,"ValueType":"System.Collections.Generic.KeyValuePair`2[[System.String],[System.String]][]"},"Value":[]}]}]}}
TpTrace Verbose: 0 : 22604, 13, 2022/08/19, 14:52:05.721, 782372444730, vstest.console.dll, TestRunRequest:SendTestRunStatsChange: Starting.
TpTrace Verbose: 0 : 22604, 13, 2022/08/19, 14:52:05.721, 782372448997, vstest.console.dll, InProgress is Excel_ExportContextToWorksheets_MustCreateWorksheetsWithData
TpTrace Verbose: 0 : 22604, 13, 2022/08/19, 14:52:05.722, 782372452797, vstest.console.dll, MulticastDelegateUtilities.SafeInvoke: TestRun.RunStatsChanged: Invoking callbacks was skipped because there are no subscribers.
TpTrace Information: 0 : 22604, 13, 2022/08/19, 14:52:05.722, 782372456462, vstest.console.dll, TestRunRequest:SendTestRunStatsChange: Completed.
TpTrace Verbose: 0 : 22604, 13, 2022/08/19, 14:52:05.722, 782372459629, vstest.console.dll, MulticastDelegateUtilities.SafeInvoke: LengthPrefixCommunicationChannel: MessageReceived: Invoking callback 1/1 for Microsoft.VisualStudio.TestPlatform.CommunicationUtilities.TestRequestSender+<>c__DisplayClass31_0.<StartTestRun>b__1, took 51 ms.
TpTrace Verbose: 0 : 22604, 13, 2022/08/19, 14:52:05.723, 782372462467, vstest.console.dll, TcpClientExtensions.MessageLoopAsync: Polling on remoteEndPoint: 127.0.0.1:54263 localEndPoint: 127.0.0.1:54261
TpTrace Verbose: 0 : 22604, 13, 2022/08/19, 14:52:06.735, 782382584899, vstest.console.dll, TcpClientExtensions.MessageLoopAsync: Polling on remoteEndPoint: 127.0.0.1:54263 localEndPoint: 127.0.0.1:54261
TpTrace Verbose: 0 : 22604, 13, 2022/08/19, 14:52:07.746, 782392695129, vstest.console.dll, TcpClientExtensions.MessageLoopAsync: Polling on remoteEndPoint: 127.0.0.1:54263 localEndPoint: 127.0.0.1:54261
TpTrace Verbose: 0 : 22604, 13, 2022/08/19, 14:52:07.992, 782395157917, vstest.console.dll, TcpClientExtensions.MessageLoopAsync: NotifyDataAvailable remoteEndPoint: 127.0.0.1:54263 localEndPoint: 127.0.0.1:54261
TpTrace Verbose: 0 : 22604, 13, 2022/08/19, 14:52:07.993, 782395164123, vstest.console.dll, TestRequestSender.OnExecutionMessageReceived: Received message: {"Version":5,"MessageType":"TestExecution.StatsChange","Payload":{"NewTestResults":[{"TestCase":{"Id":"044dda58-94c6-ea6d-2514-dfd914be651e","FullyQualifiedName":"Test.ExcelEFCoreToolTests.Excel_ExportContextToWorksheets_MustCreateWorksheetsWithData","DisplayName":"Excel_ExportContextToWorksheets_MustCreateWorksheetsWithData","ExecutorUri":"executor://MSTestAdapter/v2","Source":"\\\\wsl$\\Ubuntu\\home\\cchaves\\dev\\ExcelEFCoreTool\\Tests\\ExcelToolTests\\bin\\Debug\\net6.0\\fine-code-coverage\\build-output\\ExcelEFCoreTests.dll","CodeFilePath":null,"LineNumber":-1,"Properties":[{"Key":{"Id":"TestCase.ManagedType","Label":"ManagedType","Category":"","Description":"","Attributes":1,"ValueType":"System.String"},"Value":"Test.ExcelEFCoreToolTests"},{"Key":{"Id":"TestCase.ManagedMethod","Label":"ManagedMethod","Category":"","Description":"","Attributes":1,"ValueType":"System.String"},"Value":"Excel_ExportContextToWorksheets_MustCreateWorksheetsWithData"},{"Key":{"Id":"MSTestDiscoverer.TestClassName","Label":"ClassName","Category":"","Description":"","Attributes":1,"ValueType":"System.String"},"Value":"Test.ExcelEFCoreToolTests"},{"Key":{"Id":"TestCase.Hierarchy","Label":"Hierarchy","Category":"","Description":"","Attributes":2,"ValueType":"System.String[]"},"Value":["Test","ExcelEFCoreToolTests"]},{"Key":{"Id":"TestObject.Traits","Label":"Traits","Category":"","Description":"","Attributes":5,"ValueType":"System.Collections.Generic.KeyValuePair`2[[System.String],[System.String]][]"},"Value":[]}]},"Attachments":[],"Outcome":1,"ErrorMessage":null,"ErrorStackTrace":null,"DisplayName":"Excel_ExportContextToWorksheets_MustCreateWorksheetsWithData","Messages":[{"Category":"StdOutMsgs","Text":"[14:52:06 INF] ExcelEFCore.Excel InitAligments\r\n[14:52:06 INF] ExcelEFCore.Worksheet:.ctor DbSet=Persons Worksheet=Persons\r\n[14:52:06 INF] ExcelEFCore.Worksheet ValidateHeaders\r\n[14:52:06 INF] ExcelEFCore.Worksheet GetHeaders\r\n[14:52:07 INF] ExcelEFCore.Excel Save\r\n[14:52:07 INF] ExcelEFCore.Worksheet:.ctor DbSet=Books Worksheet=Books\r\n[14:52:07 INF] ExcelEFCore.Worksheet ValidateHeaders\r\n[14:52:07 INF] ExcelEFCore.Worksheet GetHeaders\r\n[14:52:07 INF] ExcelEFCore.Excel Save\r\n[14:52:07 INF] .ctor: Initialized ExcelToolEFIntegration version 1.0.0\r\n[14:52:07 INF] ExcelEFCore.Excel Save\r\n[14:52:07 INF] ExcelEFCore.Excel ExportContextToWorksheets\r\n[14:52:07 INF] ExcelEFCore.Excel ExportContextToWorksheets Exporting context to worksheet Persons\r\n[14:52:07 INF] ExcelEFCore.Worksheet:ImportFromContext\r\n[14:52:07 INF] ExcelEFCore.Worksheet:ClearAll propagateClearToContext:False\r\n[14:52:07 INF] ExcelEFCore.ContextHandler GetElements dbSet=Persons\r\n[14:52:07 INF] ExcelEFCore.Worksheet ValidateHeaders\r\n[14:52:07 INF] ExcelEFCore.Worksheet GetHeaders\r\n[14:52:07 INF] ExcelEFCore.Worksheet:WriteToRow row=2 {\"Id\": 1, \"Name\": \"Anakin SkyWalker\", \"Email\": \"\", \"Date\": null, \"Phone\": null, \"$type\": \"Person\"}\r\n[14:52:07 INF] ExcelEFCore.Worksheet ValidateHeaders\r\n[14:52:07 INF] ExcelEFCore.Element:GetValue of Id\r\n[14:52:07 INF] ExcelEFCore.Element:GetValue of Name\r\n[14:52:07 INF] ExcelEFCore.Element:GetValue of Email\r\n[14:52:07 INF] ExcelEFCore.Element:GetValue of Date\r\n[14:52:07 INF] ExcelEFCore.Element:GetValue of Phone\r\n[14:52:07 INF] ExcelEFCore.Worksheet:WriteToRow row=3 {\"Id\": 2, \"Name\": \"Luke Skywalker\", \"Email\": \"\", \"Date\": null, \"Phone\": null, \"$type\": \"Person\"}\r\n[14:52:07 INF] ExcelEFCore.Worksheet ValidateHeaders\r\n[14:52:07 INF] ExcelEFCore.Element:GetValue of Id\r\n[14:52:07 INF] ExcelEFCore.Element:GetValue of Name\r\n[14:52:07 INF] ExcelEFCore.Element:GetValue of Email\r\n[14:52:07 INF] ExcelEFCore.Element:GetValue of Date\r\n[14:52:07 INF] ExcelEFCore.Element:GetValue of Phone\r\n[14:52:07 INF] ExcelEFCore.Excel ExportContextToWorksheets Exporting context to worksheet Books\r\n[14:52:07 INF] ExcelEFCore.Worksheet:ImportFromContext\r\n[14:52:07 INF] ExcelEFCore.Worksheet:ClearAll propagateClearToContext:False\r\n[14:52:07 INF] ExcelEFCore.ContextHandler GetElements dbSet=Books\r\n[14:52:07 INF] ExcelEFCore.Worksheet ValidateHeaders\r\n[14:52:07 INF] ExcelEFCore.Worksheet GetHeaders\r\n[14:52:07 INF] ExcelEFCore.Worksheet:WriteToRow row=2 {\"Id\": 1, \"Name\": \"1001 Nights\", \"Person\": {\"Id\": 1, \"Name\": \"Anakin SkyWalker\", \"Email\": \"\", \"Date\": null, \"Phone\": null, \"$type\": \"Person\"}, \"PersonFK\": 1, \"$type\": \"Book\"}\r\n[14:52:07 INF] ExcelEFCore.Worksheet ValidateHeaders\r\n[14:52:07 INF] ExcelEFCore.Element:GetValue of Id\r\n[14:52:07 INF] ExcelEFCore.Element:GetValue of Name\r\n[14:52:07 INF] ExcelEFCore.Element:GetValue of PersonFK\r\n[14:52:07 INF] ExcelEFCore.Excel Save\r\n[14:52:07 INF] ExcelEFCore.Worksheet GetAll\r\n[14:52:07 INF] ExcelEFCore.Worksheet:GetElement row=2\r\n[14:52:07 INF] ExcelEFCore.Element:SetValue property Id=1\r\n[14:52:07 INF] ExcelEFCore.Element:SetValue property Name=Anakin SkyWalker\r\n[14:52:07 INF] ExcelEFCore.Element:SetValue property Email=\r\n[14:52:07 INF] ExcelEFCore.Element:SetValue property Date=null\r\n[14:52:07 ERR] ExcelEFCore.Element:SetValue Can't set null the non-nullable property Date of type System.Reflection.RuntimePropertyInfo\r\nSystem.Exception: Can't set null the non-nullable property Date of type System.Reflection.RuntimePropertyInfo\r\n   at ExcelEFCore.Element.SetValue(Object value, PropertyInfo property) in \\\\wsl$\\Ubuntu\\home\\cchaves\\dev\\ExcelEFCoreTool\\src\\ExcelEFCore\\Models\\Element\\Element_Value.cs:line 30\r\n[14:52:07 INF] ExcelEFCore.Element:SetValue property Phone=null\r\n[14:52:07 ERR] ExcelEFCore.Element:SetValue Can't set null the non-nullable property Phone of type System.Reflection.RuntimePropertyInfo\r\nSystem.Exception: Can't set null the non-nullable property Phone of type System.Reflection.RuntimePropertyInfo\r\n   at ExcelEFCore.Element.SetValue(Object value, PropertyInfo property) in \\\\wsl$\\Ubuntu\\home\\cchaves\\dev\\ExcelEFCoreTool\\src\\ExcelEFCore\\Models\\Element\\Element_Value.cs:line 30\r\n[14:52:07 INF] ExcelEFCore.Worksheet:GetElement row=3\r\n[14:52:07 INF] ExcelEFCore.Element:SetValue property Id=2\r\n[14:52:07 INF] ExcelEFCore.Element:SetValue property Name=Luke Skywalker\r\n[14:52:07 INF] ExcelEFCore.Element:SetValue property Email=\r\n[14:52:07 INF] ExcelEFCore.Element:SetValue property Date=null\r\n[14:52:07 ERR] ExcelEFCore.Element:SetValue Can't set null the non-nullable property Date of type System.Reflection.RuntimePropertyInfo\r\nSystem.Exception: Can't set null the non-nullable property Date of type System.Reflection.RuntimePropertyInfo\r\n   at ExcelEFCore.Element.SetValue(Object value, PropertyInfo property) in \\\\wsl$\\Ubuntu\\home\\cchaves\\dev\\ExcelEFCoreTool\\src\\ExcelEFCore\\Models\\Element\\Element_Value.cs:line 30\r\n[14:52:07 INF] ExcelEFCore.Element:SetValue property Phone=null\r\n[14:52:07 ERR] ExcelEFCore.Element:SetValue Can't set null the non-nullable property Phone of type System.Reflection.RuntimePropertyInfo\r\nSystem.Exception: Can't set null the non-nullable property Phone of type System.Reflection.RuntimePropertyInfo\r\n   at ExcelEFCore.Element.SetValue(Object value, PropertyInfo property) in \\\\wsl$\\Ubuntu\\home\\cchaves\\dev\\ExcelEFCoreTool\\src\\ExcelEFCore\\Models\\Element\\Element_Value.cs:line 30\r\n[14:52:07 INF] ExcelEFCore.Worksheet GetAll\r\n[14:52:07 INF] ExcelEFCore.Worksheet:GetElement row=2\r\n[14:52:07 INF] ExcelEFCore.Element:SetValue property Id=1\r\n[14:52:07 INF] ExcelEFCore.Element:SetValue property Name=1001 Nights\r\n[14:52:07 INF] ExcelEFCore.Element:SetValue property PersonFK=1\r\n************** Context being disposed ************\r\n"}],"ComputerName":null,"Duration":"00:00:03.0088552","StartTime":"2022-08-19T14:52:04.9343576-03:00","EndTime":"2022-08-19T14:52:07.9604962-03:00","Properties":[{"Key":{"Id":"ExecutionId","Label":"ExecutionId","Category":"","Description":"","Attributes":1,"ValueType":"System.Guid"},"Value":"00000000-0000-0000-0000-000000000000"},{"Key":{"Id":"ParentExecId","Label":"ParentExecId","Category":"","Description":"","Attributes":1,"ValueType":"System.Guid"},"Value":"00000000-0000-0000-0000-000000000000"},{"Key":{"Id":"InnerResultsCount","Label":"InnerResultsCount","Category":"","Description":"","Attributes":1,"ValueType":"System.Int32"},"Value":0}]}],"TestRunStatistics":{"ExecutedTests":1,"Stats":{"Passed":1}},"ActiveTests":[{"Id":"5ae1da28-635e-3628-7f2f-13a879ba1279","FullyQualifiedName":"Test.ExcelEFCoreToolTests.Excel_UpdateWorksheetToContext_MustUpdateContext","DisplayName":"Excel_UpdateWorksheetToContext_MustUpdateContext","ExecutorUri":"executor://MSTestAdapter/v2","Source":"\\\\wsl$\\Ubuntu\\home\\cchaves\\dev\\ExcelEFCoreTool\\Tests\\ExcelToolTests\\bin\\Debug\\net6.0\\fine-code-coverage\\build-output\\ExcelEFCoreTests.dll","CodeFilePath":null,"LineNumber":-1,"Properties":[{"Key":{"Id":"TestCase.ManagedType","Label":"ManagedType","Category":"","Description":"","Attributes":1,"ValueType":"System.String"},"Value":"Test.ExcelEFCoreToolTests"},{"Key":{"Id":"TestCase.ManagedMethod","Label":"ManagedMethod","Category":"","Description":"","Attributes":1,"ValueType":"System.String"},"Value":"Excel_UpdateWorksheetToContext_MustUpdateContext"},{"Key":{"Id":"MSTestDiscoverer.TestClassName","Label":"ClassName","Category":"","Description":"","Attributes":1,"ValueType":"System.String"},"Value":"Test.ExcelEFCoreToolTests"},{"Key":{"Id":"TestCase.Hierarchy","Label":"Hierarchy","Category":"","Description":"","Attributes":2,"ValueType":"System.String[]"},"Value":["Test","ExcelEFCoreToolTests"]},{"Key":{"Id":"TestObject.Traits","Label":"Traits","Category":"","Description":"","Attributes":5,"ValueType":"System.Collections.Generic.KeyValuePair`2[[System.String],[System.String]][]"},"Value":[]}]}]}}
TpTrace Verbose: 0 : 22604, 13, 2022/08/19, 14:52:08.002, 782395255691, vstest.console.dll, TestRunRequest:SendTestRunStatsChange: Starting.
TpTrace Verbose: 0 : 22604, 13, 2022/08/19, 14:52:08.002, 782395258919, vstest.console.dll, InProgress is Excel_UpdateWorksheetToContext_MustUpdateContext
TpTrace Verbose: 0 : 22604, 13, 2022/08/19, 14:52:08.003, 782395263031, vstest.console.dll, MulticastDelegateUtilities.SafeInvoke: TestRun.RunStatsChanged: Invoking callbacks was skipped because there are no subscribers.
TpTrace Information: 0 : 22604, 13, 2022/08/19, 14:52:08.003, 782395265392, vstest.console.dll, TestRunRequest:SendTestRunStatsChange: Completed.
TpTrace Verbose: 0 : 22604, 13, 2022/08/19, 14:52:08.003, 782395267483, vstest.console.dll, MulticastDelegateUtilities.SafeInvoke: LengthPrefixCommunicationChannel: MessageReceived: Invoking callback 1/1 for Microsoft.VisualStudio.TestPlatform.CommunicationUtilities.TestRequestSender+<>c__DisplayClass31_0.<StartTestRun>b__1, took 10 ms.
TpTrace Verbose: 0 : 22604, 13, 2022/08/19, 14:52:08.003, 782395269402, vstest.console.dll, TcpClientExtensions.MessageLoopAsync: Polling on remoteEndPoint: 127.0.0.1:54263 localEndPoint: 127.0.0.1:54261
TpTrace Verbose: 0 : 22604, 4, 2022/08/19, 14:52:08.006, 782395291860, vstest.console.dll, MulticastDelegateUtilities.SafeInvoke: InternalTestLoggerEvents.SendTestResult: Invoking callback 1/1 for Microsoft.VisualStudio.TestPlatform.CommandLine.Internal.ConsoleLogger.TestResultHandler, took 2 ms.
TpTrace Verbose: 0 : 22604, 13, 2022/08/19, 14:52:08.350, 782398733269, vstest.console.dll, TcpClientExtensions.MessageLoopAsync: NotifyDataAvailable remoteEndPoint: 127.0.0.1:54263 localEndPoint: 127.0.0.1:54261
TpTrace Verbose: 0 : 22604, 13, 2022/08/19, 14:52:08.351, 782398741851, vstest.console.dll, TestRequestSender.OnExecutionMessageReceived: Received message: {"Version":5,"MessageType":"TestExecution.Completed","Payload":{"TestRunCompleteArgs":{"TestRunStatistics":{"ExecutedTests":2,"Stats":{"Passed":2}},"IsCanceled":false,"IsAborted":false,"Error":null,"AttachmentSets":[],"ElapsedTimeInRunningTests":"00:00:04.0772805","Metrics":{}},"LastRunTests":{"NewTestResults":[{"TestCase":{"Id":"5ae1da28-635e-3628-7f2f-13a879ba1279","FullyQualifiedName":"Test.ExcelEFCoreToolTests.Excel_UpdateWorksheetToContext_MustUpdateContext","DisplayName":"Excel_UpdateWorksheetToContext_MustUpdateContext","ExecutorUri":"executor://MSTestAdapter/v2","Source":"\\\\wsl$\\Ubuntu\\home\\cchaves\\dev\\ExcelEFCoreTool\\Tests\\ExcelToolTests\\bin\\Debug\\net6.0\\fine-code-coverage\\build-output\\ExcelEFCoreTests.dll","CodeFilePath":null,"LineNumber":-1,"Properties":[{"Key":{"Id":"TestCase.ManagedType","Label":"ManagedType","Category":"","Description":"","Attributes":1,"ValueType":"System.String"},"Value":"Test.ExcelEFCoreToolTests"},{"Key":{"Id":"TestCase.ManagedMethod","Label":"ManagedMethod","Category":"","Description":"","Attributes":1,"ValueType":"System.String"},"Value":"Excel_UpdateWorksheetToContext_MustUpdateContext"},{"Key":{"Id":"MSTestDiscoverer.TestClassName","Label":"ClassName","Category":"","Description":"","Attributes":1,"ValueType":"System.String"},"Value":"Test.ExcelEFCoreToolTests"},{"Key":{"Id":"TestCase.Hierarchy","Label":"Hierarchy","Category":"","Description":"","Attributes":2,"ValueType":"System.String[]"},"Value":["Test","ExcelEFCoreToolTests"]},{"Key":{"Id":"TestObject.Traits","Label":"Traits","Category":"","Description":"","Attributes":5,"ValueType":"System.Collections.Generic.KeyValuePair`2[[System.String],[System.String]][]"},"Value":[]}]},"Attachments":[],"Outcome":1,"ErrorMessage":null,"ErrorStackTrace":null,"DisplayName":"Excel_UpdateWorksheetToContext_MustUpdateContext","Messages":[{"Category":"StdOutMsgs","Text":"[14:52:07 INF] Excel Static: Create Test.AppDbContext INF 1\r\n[14:52:08 INF] ExcelEFCore.Excel InitAligments\r\n[14:52:08 INF] ExcelEFCore.Worksheet:.ctor DbSet=Persons Worksheet=Persons\r\n[14:52:08 INF] ExcelEFCore.Worksheet ValidateHeaders\r\n[14:52:08 INF] ExcelEFCore.Worksheet GetHeaders\r\n[14:52:08 INF] ExcelEFCore.Excel Save\r\n[14:52:08 INF] ExcelEFCore.Worksheet:.ctor DbSet=Books Worksheet=Books\r\n[14:52:08 INF] ExcelEFCore.Worksheet ValidateHeaders\r\n[14:52:08 INF] ExcelEFCore.Worksheet GetHeaders\r\n[14:52:08 INF] ExcelEFCore.Excel Save\r\n[14:52:08 INF] .ctor: Initialized ExcelToolEFIntegration version 1.0.0\r\n[14:52:08 INF] ExcelEFCore.Excel Save\r\n[14:52:08 INF] ExcelEFCore.Excel ExportContextToWorksheets\r\n[14:52:08 INF] ExcelEFCore.Excel ExportContextToWorksheets Exporting context to worksheet Persons\r\n[14:52:08 INF] ExcelEFCore.Worksheet:ImportFromContext\r\n[14:52:08 INF] ExcelEFCore.Worksheet:ClearAll propagateClearToContext:False\r\n[14:52:08 INF] ExcelEFCore.ContextHandler GetElements dbSet=Persons\r\n[14:52:08 INF] ExcelEFCore.Worksheet ValidateHeaders\r\n[14:52:08 INF] ExcelEFCore.Worksheet GetHeaders\r\n[14:52:08 INF] ExcelEFCore.Worksheet:WriteToRow row=2 {\"Id\": 1, \"Name\": \"Anakin SkyWalker\", \"Email\": \"\", \"Date\": null, \"Phone\": null, \"$type\": \"Person\"}\r\n[14:52:08 INF] ExcelEFCore.Worksheet ValidateHeaders\r\n[14:52:08 INF] ExcelEFCore.Element:GetValue of Id\r\n[14:52:08 INF] ExcelEFCore.Element:GetValue of Name\r\n[14:52:08 INF] ExcelEFCore.Element:GetValue of Email\r\n[14:52:08 INF] ExcelEFCore.Element:GetValue of Date\r\n[14:52:08 INF] ExcelEFCore.Element:GetValue of Phone\r\n[14:52:08 INF] ExcelEFCore.Worksheet:WriteToRow row=3 {\"Id\": 2, \"Name\": \"Luke Skywalker\", \"Email\": \"\", \"Date\": null, \"Phone\": null, \"$type\": \"Person\"}\r\n[14:52:08 INF] ExcelEFCore.Worksheet ValidateHeaders\r\n[14:52:08 INF] ExcelEFCore.Element:GetValue of Id\r\n[14:52:08 INF] ExcelEFCore.Element:GetValue of Name\r\n[14:52:08 INF] ExcelEFCore.Element:GetValue of Email\r\n[14:52:08 INF] ExcelEFCore.Element:GetValue of Date\r\n[14:52:08 INF] ExcelEFCore.Element:GetValue of Phone\r\n[14:52:08 INF] ExcelEFCore.Excel ExportContextToWorksheets Exporting context to worksheet Books\r\n[14:52:08 INF] ExcelEFCore.Worksheet:ImportFromContext\r\n[14:52:08 INF] ExcelEFCore.Worksheet:ClearAll propagateClearToContext:False\r\n[14:52:08 INF] ExcelEFCore.ContextHandler GetElements dbSet=Books\r\n[14:52:08 INF] ExcelEFCore.Worksheet ValidateHeaders\r\n[14:52:08 INF] ExcelEFCore.Worksheet GetHeaders\r\n[14:52:08 INF] ExcelEFCore.Worksheet:WriteToRow row=2 {\"Id\": 1, \"Name\": \"1001 Nights\", \"Person\": {\"Id\": 1, \"Name\": \"Anakin SkyWalker\", \"Email\": \"\", \"Date\": null, \"Phone\": null, \"$type\": \"Person\"}, \"PersonFK\": 1, \"$type\": \"Book\"}\r\n[14:52:08 INF] ExcelEFCore.Worksheet ValidateHeaders\r\n[14:52:08 INF] ExcelEFCore.Element:GetValue of Id\r\n[14:52:08 INF] ExcelEFCore.Element:GetValue of Name\r\n[14:52:08 INF] ExcelEFCore.Element:GetValue of PersonFK\r\n[14:52:08 INF] ExcelEFCore.Excel Save\r\n[14:52:08 INF] ExcelEFCore.Excel Save\r\n[14:52:08 INF] ExcelEFCore.Worksheet Compare\r\n[14:52:08 INF] ExcelEFCore.Worksheet:GetElement row=2\r\n[14:52:08 INF] ExcelEFCore.Element:SetValue property Id=1\r\n[14:52:08 INF] ExcelEFCore.Element:SetValue property Name=Anakin SkyWalker\r\n[14:52:08 INF] ExcelEFCore.Element:SetValue property Email=\r\n[14:52:08 INF] ExcelEFCore.Element:SetValue property Date=null\r\n[14:52:08 ERR] ExcelEFCore.Element:SetValue Can't set null the non-nullable property Date of type System.Reflection.RuntimePropertyInfo\r\nSystem.Exception: Can't set null the non-nullable property Date of type System.Reflection.RuntimePropertyInfo\r\n   at ExcelEFCore.Element.SetValue(Object value, PropertyInfo property) in \\\\wsl$\\Ubuntu\\home\\cchaves\\dev\\ExcelEFCoreTool\\src\\ExcelEFCore\\Models\\Element\\Element_Value.cs:line 30\r\n[14:52:08 INF] ExcelEFCore.Element:SetValue property Phone=null\r\n[14:52:08 ERR] ExcelEFCore.Element:SetValue Can't set null the non-nullable property Phone of type System.Reflection.RuntimePropertyInfo\r\nSystem.Exception: Can't set null the non-nullable property Phone of type System.Reflection.RuntimePropertyInfo\r\n   at ExcelEFCore.Element.SetValue(Object value, PropertyInfo property) in \\\\wsl$\\Ubuntu\\home\\cchaves\\dev\\ExcelEFCoreTool\\src\\ExcelEFCore\\Models\\Element\\Element_Value.cs:line 30\r\n[14:52:08 INF] ExcelEFCore.Element:GetValue of Id\r\n[14:52:08 INF] ExcelEFCore.Worksheet:CompareElements source={\"Id\": 1, \"Name\": \"Anakin SkyWalker\", \"Email\": \"\", \"Date\": null, \"Phone\": null, \"$type\": \"Person\"} target={\"Id\": 1, \"Name\": \"Darth Vader\", \"Email\": \"\", \"Date\": null, \"Phone\": null, \"$type\": \"Person\"} \r\n[14:52:08 INF] ExcelEFCore.Worksheet:UpdateWorksheetOnly {\"Key\": \"System.Nullable`1[System.Int32] Id\", \"Culture\": {\"Parent\": {\"Parent\": {\"Parent\": {\"Parent\": {\"Parent\": {\"Parent\": {\"Parent\": {\"Parent\": {\"Parent\": null, \"LCID\": null, \"KeyboardLayoutId\": null, \"Name\": null, \"IetfLanguageTag\": null, \"DisplayName\": null, \"NativeName\": null, \"EnglishName\": null, \"TwoLetterISOLanguageName\": null, \"ThreeLetterISOLanguageName\": null, \"ThreeLetterWindowsLanguageName\": null, \"CompareInfo\": null, \"TextInfo\": null, \"IsNeutralCulture\": null, \"CultureTypes\": null, \"NumberFormat\": null, \"DateTimeFormat\": null, \"Calendar\": null, \"OptionalCalendars\": null, \"UseUserOverride\": null, \"IsReadOnly\": null, \"$type\": \"CultureInfo\"}, \"LCID\": 127, \"KeyboardLayoutId\": 127, \"Name\": \"\", \"IetfLanguageTag\": \"\", \"DisplayName\": \"Invariant Language (Invariant Country)\", \"NativeName\": \"Invariant Language (Invariant Country)\", \"EnglishName\": \"Invariant Language (Invariant Country)\", \"TwoLetterISOLanguageName\": \"iv\", \"ThreeLetterISOLanguageName\": \"ivl\", \"ThreeLetterWindowsLanguageName\": \"IVL\", \"CompareInfo\": {\"Name\": null, \"Version\": null, \"LCID\": null, \"$type\": \"CompareInfo\"}, \"TextInfo\": {\"ANSICodePage\": null, \"OEMCodePage\": null, \"MacCodePage\": null, \"EBCDICCodePage\": null, \"LCID\": null, \"CultureName\": null, \"IsReadOnly\": null, \"ListSeparator\": null, \"IsRightToLeft\": null, \"$type\": \"TextInfo\"}, \"IsNeutralCulture\": false, \"CultureTypes\": \"SpecificCultures, InstalledWin32Cultures\", \"NumberFormat\": {\"CurrencyDecimalDigits\": null, \"CurrencyDecimalSeparator\": null, \"IsReadOnly\": null, \"CurrencyGroupSizes\": null, \"NumberGroupSizes\": null, \"PercentGroupSizes\": null, \"CurrencyGroupSeparator\": null, \"CurrencySymbol\": null, \"NaNSymbol\": null, \"CurrencyNegativePattern\": null, \"NumberNegativePattern\": null, \"PercentPositivePattern\": null, \"PercentNegativePattern\": null, \"NegativeInfinitySymbol\": null, \"NegativeSign\": null, \"NumberDecimalDigits\": null, \"NumberDecimalSeparator\": null, \"NumberGroupSeparator\": null, \"CurrencyPositivePattern\": null, \"PositiveInfinitySymbol\": null, \"PositiveSign\": null, \"PercentDecimalDigits\": null, \"PercentDecimalSeparator\": null, \"PercentGroupSeparator\": null, \"PercentSymbol\": null, \"PerMilleSymbol\": null, \"NativeDigits\": null, \"DigitSubstitution\": null, \"$type\": \"NumberFormatInfo\"}, \"DateTimeFormat\": {\"AMDesignator\": null, \"Calendar\": null, \"DateSeparator\": null, \"FirstDayOfWeek\": null, \"CalendarWeekRule\": null, \"FullDateTimePattern\": null, \"LongDatePattern\": null, \"LongTimePattern\": null, \"MonthDayPattern\": null, \"PMDesignator\": null, \"RFC1123Pattern\": null, \"ShortDatePattern\": null, \"ShortTimePattern\": null, \"SortableDateTimePattern\": null, \"TimeSeparator\": null, \"UniversalSortableDateTimePattern\": null, \"YearMonthPattern\": null, \"AbbreviatedDayNames\": null, \"ShortestDayNames\": null, \"DayNames\": null, \"AbbreviatedMonthNames\": null, \"MonthNames\": null, \"IsReadOnly\": null, \"NativeCalendarName\": null, \"AbbreviatedMonthGenitiveNames\": null, \"MonthGenitiveNames\": null, \"$type\": \"DateTimeFormatInfo\"}, \"Calendar\": {\"MinSupportedDateTime\": null, \"MaxSupportedDateTime\": null, \"AlgorithmType\": null, \"CalendarType\": null, \"Eras\": null, \"TwoDigitYearMax\": null, \"IsReadOnly\": null, \"$type\": \"GregorianCalendar\"}, \"OptionalCalendars\": [null], \"UseUserOverride\": false, \"IsReadOnly\": true, \"$type\": \"CultureInfo\"}, \"LCID\": 127, \"KeyboardLayoutId\": 127, \"Name\": \"\", \"IetfLanguageTag\": \"\", \"DisplayName\": \"Invariant Language (Invariant Country)\", \"NativeName\": \"Invariant Language (Invariant Country)\", \"EnglishName\": \"Invariant Language (Invariant Country)\", \"TwoLetterISOLanguageName\": \"iv\", \"ThreeLetterISOLanguageName\": \"ivl\", \"ThreeLetterWindowsLanguageName\": \"IVL\", \"CompareInfo\": {\"Name\": \"\", \"Version\": {\"FullVersion\": null, \"SortId\": null, \"$type\": \"SortVersion\"}, \"LCID\": 127, \"$type\": \"CompareInfo\"}, \"TextInfo\": {\"ANSICodePage\": 1252, \"OEMCodePage\": 437, \"MacCodePage\": 10000, \"EBCDICCodePage\": 37, \"LCID\": 127, \"CultureName\": \"\", \"IsReadOnly\": true, \"ListSeparator\": \",\", \"IsRightToLeft\": false, \"$type\": \"TextInfo\"}, \"IsNeutralCulture\": false, \"CultureTypes\": \"SpecificCultures, InstalledWin32Cultures\", \"NumberFormat\": {\"CurrencyDecimalDigits\": 2, \"CurrencyDecimalSeparator\": \".\", \"IsReadOnly\": true, \"CurrencyGroupSizes\": [null], \"NumberGroupSizes\": [null], \"PercentGroupSizes\": [null], \"CurrencyGroupSeparator\": \",\", \"CurrencySymbol\": \"\", \"NaNSymbol\": \"NaN\", \"CurrencyNegativePattern\": 0, \"NumberNegativePattern\": 1, \"PercentPositivePattern\": 0, \"PercentNegativePattern\": 0, \"NegativeInfinitySymbol\": \"-Infinity\", \"NegativeSign\": \"-\", \"NumberDecimalDigits\": 2, \"NumberDecimalSeparator\": \".\", \"NumberGroupSeparator\": \",\", \"CurrencyPositivePattern\": 0, \"PositiveInfinitySymbol\": \"Infinity\", \"PositiveSign\": \"+\", \"PercentDecimalDigits\": 2, \"PercentDecimalSeparator\": \".\", \"PercentGroupSeparator\": \",\", \"PercentSymbol\": \"%\", \"PerMilleSymbol\": \"\", \"NativeDigits\": [null, null, null, null, null, null, null, null, null, null], \"DigitSubstitution\": \"None\", \"$type\": \"NumberFormatInfo\"}, \"DateTimeFormat\": {\"AMDesignator\": \"AM\", \"Calendar\": {\"MinSupportedDateTime\": null, \"MaxSupportedDateTime\": null, \"AlgorithmType\": null, \"CalendarType\": null, \"Eras\": null, \"TwoDigitYearMax\": null, \"IsReadOnly\": null, \"$type\": \"GregorianCalendar\"}, \"DateSeparator\": \"/\", \"FirstDayOfWeek\": \"Sunday\", \"CalendarWeekRule\": \"FirstDay\", \"FullDateTimePattern\": \"dddd, dd MMMM yyyy HH:mm:ss\", \"LongDatePattern\": \"dddd, dd MMMM yyyy\", \"LongTimePattern\": \"HH:mm:ss\", \"MonthDayPattern\": \"MMMM dd\", \"PMDesignator\": \"PM\", \"RFC1123Pattern\": \"ddd, dd MMM yyyy HH':'mm':'ss 'GMT'\", \"ShortDatePattern\": \"MM/dd/yyyy\", \"ShortTimePattern\": \"HH:mm\", \"SortableDateTimePattern\": \"yyyy'-'MM'-'dd'T'HH':'mm':'ss\", \"TimeSeparator\": \":\", \"UniversalSortableDateTimePattern\": \"yyyy'-'MM'-'dd HH':'mm':'ss'Z'\", \"YearMonthPattern\": \"yyyy MMMM\", \"AbbreviatedDayNames\": [null, null, null, null, null, null, null], \"ShortestDayNames\": [null, null, null, null, null, null, null], \"DayNames\": [null, null, null, null, null, null, null], \"AbbreviatedMonthNames\": [null, null, null, null, null, null, null, null, null, null, null, null, null], \"MonthNames\": [null, null, null, null, null, null, null, null, null, null, null, null, null], \"IsReadOnly\": true, \"NativeCalendarName\": \"Gregorian Calendar\", \"AbbreviatedMonthGenitiveNames\": [null, null, null, null, null, null, null, null, null, null, null, null, null], \"MonthGenitiveNames\": [null, null, null, null, null, null, null, null, null, null, null, null, null], \"$type\": \"DateTimeFormatInfo\"}, \"Calendar\": {\"MinSupportedDateTime\": \"0001-01-01T00:00:00.0000000\", \"MaxSupportedDateTime\": \"9999-12-31T23:59:59.9999999\", \"AlgorithmType\": \"SolarCalendar\", \"CalendarType\": \"Localized\", \"Eras\": [null], \"TwoDigitYearMax\": 2029, \"IsReadOnly\": true, \"$type\": \"GregorianCalendar\"}, \"OptionalCalendars\": [{\"MinSupportedDateTime\": null, \"MaxSupportedDateTime\": null, \"AlgorithmType\": null, \"CalendarType\": null, \"Eras\": null, \"TwoDigitYearMax\": null, \"IsReadOnly\": null, \"$type\": \"GregorianCalendar\"}], \"UseUserOverride\": false, \"IsReadOnly\": true, \"$type\": \"CultureInfo\"}, \"LCID\": 127, \"KeyboardLayoutId\": 127, \"Name\": \"\", \"IetfLanguageTag\": \"\", \"DisplayName\": \"Invariant Language (Invariant Country)\", \"NativeName\": \"Invariant Language (Invariant Country)\", \"EnglishName\": \"Invariant Language (Invariant Country)\", \"TwoLetterISOLanguageName\": \"iv\", \"ThreeLetterISOLanguageName\": \"ivl\", \"ThreeLetterWindowsLanguageName\": \"IVL\", \"CompareInfo\": {\"Name\": \"\", \"Version\": {\"FullVersion\": 24985, \"SortId\": \"00006199-0000-0000-0000-00000000007f\", \"$type\": \"SortVersion\"}, \"LCID\": 127, \"$type\": \"CompareInfo\"}, \"TextInfo\": {\"ANSICodePage\": 1252, \"OEMCodePage\": 437, \"MacCodePage\": 10000, \"EBCDICCodePage\": 37, \"LCID\": 127, \"CultureName\": \"\", \"IsReadOnly\": true, \"ListSeparator\": \",\", \"IsRightToLeft\": false, \"$type\": \"TextInfo\"}, \"IsNeutralCulture\": false, \"CultureTypes\": \"SpecificCultures, InstalledWin32Cultures\", \"NumberFormat\": {\"CurrencyDecimalDigits\": 2, \"CurrencyDecimalSeparator\": \".\", \"IsReadOnly\": true, \"CurrencyGroupSizes\": [3], \"NumberGroupSizes\": [3], \"PercentGroupSizes\": [3], \"CurrencyGroupSeparator\": \",\", \"CurrencySymbol\": \"\", \"NaNSymbol\": \"NaN\", \"CurrencyNegativePattern\": 0, \"NumberNegativePattern\": 1, \"PercentPositivePattern\": 0, \"PercentNegativePattern\": 0, \"NegativeInfinitySymbol\": \"-Infinity\", \"NegativeSign\": \"-\", \"NumberDecimalDigits\": 2, \"NumberDecimalSeparator\": \".\", \"NumberGroupSeparator\": \",\", \"CurrencyPositivePattern\": 0, \"PositiveInfinitySymbol\": \"Infinity\", \"PositiveSign\": \"+\", \"PercentDecimalDigits\": 2, \"PercentDecimalSeparator\": \".\", \"PercentGroupSeparator\": \",\", \"PercentSymbol\": \"%\", \"PerMilleSymbol\": \"\", \"NativeDigits\": [\"0\", \"1\", \"2\", \"3\", \"4\", \"5\", \"6\", \"7\", \"8\", \"9\"], \"DigitSubstitution\": \"None\", \"$type\": \"NumberFormatInfo\"}, \"DateTimeFormat\": {\"AMDesignator\": \"AM\", \"Calendar\": {\"MinSupportedDateTime\": \"0001-01-01T00:00:00.0000000\", \"MaxSupportedDateTime\": \"9999-12-31T23:59:59.9999999\", \"AlgorithmType\": \"SolarCalendar\", \"CalendarType\": \"Localized\", \"Eras\": [null], \"TwoDigitYearMax\": 2029, \"IsReadOnly\": true, \"$type\": \"GregorianCalendar\"}, \"DateSeparator\": \"/\", \"FirstDayOfWeek\": \"Sunday\", \"CalendarWeekRule\": \"FirstDay\", \"FullDateTimePattern\": \"dddd, dd MMMM yyyy HH:mm:ss\", \"LongDatePattern\": \"dddd, dd MMMM yyyy\", \"LongTimePattern\": \"HH:mm:ss\", \"MonthDayPattern\": \"MMMM dd\", \"PMDesignator\": \"PM\", \"RFC1123Pattern\": \"ddd, dd MMM yyyy HH':'mm':'ss 'GMT'\", \"ShortDatePattern\": \"MM/dd/yyyy\", \"ShortTimePattern\": \"HH:mm\", \"SortableDateTimePattern\": \"yyyy'-'MM'-'dd'T'HH':'mm':'ss\", \"TimeSeparator\": \":\", \"UniversalSortableDateTimePattern\": \"yyyy'-'MM'-'dd HH':'mm':'ss'Z'\", \"YearMonthPattern\": \"yyyy MMMM\", \"AbbreviatedDayNames\": [\"Sun\", \"Mon\", \"Tue\", \"Wed\", \"Thu\", \"Fri\", \"Sat\"], \"ShortestDayNames\": [\"Su\", \"Mo\", \"Tu\", \"We\", \"Th\", \"Fr\", \"Sa\"], \"DayNames\": [\"Sunday\", \"Monday\", \"Tuesday\", \"Wednesday\", \"Thursday\", \"Friday\", \"Saturday\"], \"AbbreviatedMonthNames\": [\"Jan\", \"Feb\", \"Mar\", \"Apr\", \"May\", \"Jun\", \"Jul\", \"Aug\", \"Sep\", \"Oct\", \"Nov\", \"Dec\", \"\"], \"MonthNames\": [\"January\", \"February\", \"March\", \"April\", \"May\", \"June\", \"July\", \"August\", \"September\", \"October\", \"November\", \"December\", \"\"], \"IsReadOnly\": true, \"NativeCalendarName\": \"Gregorian Calendar\", \"AbbreviatedMonthGenitiveNames\": [\"Jan\", \"Feb\", \"Mar\", \"Apr\", \"May\", \"Jun\", \"Jul\", \"Aug\", \"Sep\", \"Oct\", \"Nov\", \"Dec\", \"\"], \"MonthGenitiveNames\": [\"January\", \"February\", \"March\", \"April\", \"May\", \"June\", \"July\", \"August\", \"September\", \"October\", \"November\", \"December\", \"\"], \"$type\": \"DateTimeFormatInfo\"}, \"Calendar\": {\"MinSupportedDateTime\": \"0001-01-01T00:00:00.0000000\", \"MaxSupportedDateTime\": \"9999-12-31T23:59:59.9999999\", \"AlgorithmType\": \"SolarCalendar\", \"CalendarType\": \"Localized\", \"Eras\": [1], \"TwoDigitYearMax\": 2029, \"IsReadOnly\": true, \"$type\": \"GregorianCalendar\"}, \"OptionalCalendars\": [{\"MinSupportedDateTime\": \"0001-01-01T00:00:00.0000000\", \"MaxSupportedDateTime\": \"9999-12-31T23:59:59.9999999\", \"AlgorithmType\": \"SolarCalendar\", \"CalendarType\": \"Localized\", \"Eras\": [null], \"TwoDigitYearMax\": 2029, \"IsReadOnly\": false, \"$type\": \"GregorianCalendar\"}], \"UseUserOverride\": false, \"IsReadOnly\": true, \"$type\": \"CultureInfo\"}, \"LCID\": 127, \"KeyboardLayoutId\": 127, \"Name\": \"\", \"IetfLanguageTag\": \"\", \"DisplayName\": \"Invariant Language (Invariant Country)\", \"NativeName\": \"Invariant Language (Invariant Country)\", \"EnglishName\": \"Invariant Language (Invariant Country)\", \"TwoLetterISOLanguageName\": \"iv\", \"ThreeLetterISOLanguageName\": \"ivl\", \"ThreeLetterWindowsLanguageName\": \"IVL\", \"CompareInfo\": {\"Name\": \"\", \"Version\": {\"FullVersion\": 24985, \"SortId\": \"00006199-0000-0000-0000-00000000007f\", \"$type\": \"SortVersion\"}, \"LCID\": 127, \"$type\": \"CompareInfo\"}, \"TextInfo\": {\"ANSICodePage\": 1252, \"OEMCodePage\": 437, \"MacCodePage\": 10000, \"EBCDICCodePage\": 37, \"LCID\": 127, \"CultureName\": \"\", \"IsReadOnly\": true, \"ListSeparator\": \",\", \"IsRightToLeft\": false, \"$type\": \"TextInfo\"}, \"IsNeutralCulture\": false, \"CultureTypes\": \"SpecificCultures, InstalledWin32Cultures\", \"NumberFormat\": {\"CurrencyDecimalDigits\": 2, \"CurrencyDecimalSeparator\": \".\", \"IsReadOnly\": true, \"CurrencyGroupSizes\": [3], \"NumberGroupSizes\": [3], \"PercentGroupSizes\": [3], \"CurrencyGroupSeparator\": \",\", \"CurrencySymbol\": \"\", \"NaNSymbol\": \"NaN\", \"CurrencyNegativePattern\": 0, \"NumberNegativePattern\": 1, \"PercentPositivePattern\": 0, \"PercentNegativePattern\": 0, \"NegativeInfinitySymbol\": \"-Infinity\", \"NegativeSign\": \"-\", \"NumberDecimalDigits\": 2, \"NumberDecimalSeparator\": \".\", \"NumberGroupSeparator\": \",\", \"CurrencyPositivePattern\": 0, \"PositiveInfinitySymbol\": \"Infinity\", \"PositiveSign\": \"+\", \"PercentDecimalDigits\": 2, \"PercentDecimalSeparator\": \".\", \"PercentGroupSeparator\": \",\", \"PercentSymbol\": \"%\", \"PerMilleSymbol\": \"\", \"NativeDigits\": [\"0\", \"1\", \"2\", \"3\", \"4\", \"5\", \"6\", \"7\", \"8\", \"9\"], \"DigitSubstitution\": \"None\", \"$type\": \"NumberFormatInfo\"}, \"DateTimeFormat\": {\"AMDesignator\": \"AM\", \"Calendar\": {\"MinSupportedDateTime\": \"0001-01-01T00:00:00.0000000\", \"MaxSupportedDateTime\": \"9999-12-31T23:59:59.9999999\", \"AlgorithmType\": \"SolarCalendar\", \"CalendarType\": \"Localized\", \"Eras\": [1], \"TwoDigitYearMax\": 2029, \"IsReadOnly\": true, \"$type\": \"GregorianCalendar\"}, \"DateSeparator\": \"/\", \"FirstDayOfWeek\": \"Sunday\", \"CalendarWeekRule\": \"FirstDay\", \"FullDateTimePattern\": \"dddd, dd MMMM yyyy HH:mm:ss\", \"LongDatePattern\": \"dddd, dd MMMM yyyy\", \"LongTimePattern\": \"HH:mm:ss\", \"MonthDayPattern\": \"MMMM dd\", \"PMDesignator\": \"PM\", \"RFC1123Pattern\": \"ddd, dd MMM yyyy HH':'mm':'ss 'GMT'\", \"ShortDatePattern\": \"MM/dd/yyyy\", \"ShortTimePattern\": \"HH:mm\", \"SortableDateTimePattern\": \"yyyy'-'MM'-'dd'T'HH':'mm':'ss\", \"TimeSeparator\": \":\", \"UniversalSortableDateTimePattern\": \"yyyy'-'MM'-'dd HH':'mm':'ss'Z'\", \"YearMonthPattern\": \"yyyy MMMM\", \"AbbreviatedDayNames\": [\"Sun\", \"Mon\", \"Tue\", \"Wed\", \"Thu\", \"Fri\", \"Sat\"], \"ShortestDayNames\": [\"Su\", \"Mo\", \"Tu\", \"We\", \"Th\", \"Fr\", \"Sa\"], \"DayNames\": [\"Sunday\", \"Monday\", \"Tuesday\", \"Wednesday\", \"Thursday\", \"Friday\", \"Saturday\"], \"AbbreviatedMonthNames\": [\"Jan\", \"Feb\", \"Mar\", \"Apr\", \"May\", \"Jun\", \"Jul\", \"Aug\", \"Sep\", \"Oct\", \"Nov\", \"Dec\", \"\"], \"MonthNames\": [\"January\", \"February\", \"March\", \"April\", \"May\", \"June\", \"July\", \"August\", \"September\", \"October\", \"November\", \"December\", \"\"], \"IsReadOnly\": true, \"NativeCalendarName\": \"Gregorian Calendar\", \"AbbreviatedMonthGenitiveNames\": [\"Jan\", \"Feb\", \"Mar\", \"Apr\", \"May\", \"Jun\", \"Jul\", \"Aug\", \"Sep\", \"Oct\", \"Nov\", \"Dec\", \"\"], \"MonthGenitiveNames\": [\"January\", \"February\", \"March\", \"April\", \"May\", \"June\", \"July\", \"August\", \"September\", \"October\", \"November\", \"December\", \"\"], \"$type\": \"DateTimeFormatInfo\"}, \"Calendar\": {\"MinSupportedDateTime\": \"0001-01-01T00:00:00.0000000\", \"MaxSupportedDateTime\": \"9999-12-31T23:59:59.9999999\", \"AlgorithmType\": \"SolarCalendar\", \"CalendarType\": \"Localized\", \"Eras\": [1], \"TwoDigitYearMax\": 2029, \"IsReadOnly\": true, \"$type\": \"GregorianCalendar\"}, \"OptionalCalendars\": [{\"MinSupportedDateTime\": \"0001-01-01T00:00:00.0000000\", \"MaxSupportedDateTime\": \"9999-12-31T23:59:59.9999999\", \"AlgorithmType\": \"SolarCalendar\", \"CalendarType\": \"Localized\", \"Eras\": [1], \"TwoDigitYearMax\": 2029, \"IsReadOnly\": false, \"$type\": \"GregorianCalendar\"}], \"UseUserOverride\": false, \"IsReadOnly\": true, \"$type\": \"CultureInfo\"}, \"LCID\": 127, \"KeyboardLayoutId\": 127, \"Name\": \"\", \"IetfLanguageTag\": \"\", \"DisplayName\": \"Invariant Language (Invariant Country)\", \"NativeName\": \"Invariant Language (Invariant Country)\", \"EnglishName\": \"Invariant Language (Invariant Country)\", \"TwoLetterISOLanguageName\": \"iv\", \"ThreeLetterISOLanguageName\": \"ivl\", \"ThreeLetterWindowsLanguageName\": \"IVL\", \"CompareInfo\": {\"Name\": \"\", \"Version\": {\"FullVersion\": 24985, \"SortId\": \"00006199-0000-0000-0000-00000000007f\", \"$type\": \"SortVersion\"}, \"LCID\": 127, \"$type\": \"CompareInfo\"}, \"TextInfo\": {\"ANSICodePage\": 1252, \"OEMCodePage\": 437, \"MacCodePage\": 10000, \"EBCDICCodePage\": 37, \"LCID\": 127, \"CultureName\": \"\", \"IsReadOnly\": true, \"ListSeparator\": \",\", \"IsRightToLeft\": false, \"$type\": \"TextInfo\"}, \"IsNeutralCulture\": false, \"CultureTypes\": \"SpecificCultures, InstalledWin32Cultures\", \"NumberFormat\": {\"CurrencyDecimalDigits\": 2, \"CurrencyDecimalSeparator\": \".\", \"IsReadOnly\": true, \"CurrencyGroupSizes\": [3], \"NumberGroupSizes\": [3], \"PercentGroupSizes\": [3], \"CurrencyGroupSeparator\": \",\", \"CurrencySymbol\": \"\", \"NaNSymbol\": \"NaN\", \"CurrencyNegativePattern\": 0, \"NumberNegativePattern\": 1, \"PercentPositivePattern\": 0, \"PercentNegativePattern\": 0, \"NegativeInfinitySymbol\": \"-Infinity\", \"NegativeSign\": \"-\", \"NumberDecimalDigits\": 2, \"NumberDecimalSeparator\": \".\", \"NumberGroupSeparator\": \",\", \"CurrencyPositivePattern\": 0, \"PositiveInfinitySymbol\": \"Infinity\", \"PositiveSign\": \"+\", \"PercentDecimalDigits\": 2, \"PercentDecimalSeparator\": \".\", \"PercentGroupSeparator\": \",\", \"PercentSymbol\": \"%\", \"PerMilleSymbol\": \"\", \"NativeDigits\": [\"0\", \"1\", \"2\", \"3\", \"4\", \"5\", \"6\", \"7\", \"8\", \"9\"], \"DigitSubstitution\": \"None\", \"$type\": \"NumberFormatInfo\"}, \"DateTimeFormat\": {\"AMDesignator\": \"AM\", \"Calendar\": {\"MinSupportedDateTime\": \"0001-01-01T00:00:00.0000000\", \"MaxSupportedDateTime\": \"9999-12-31T23:59:59.9999999\", \"AlgorithmType\": \"SolarCalendar\", \"CalendarType\": \"Localized\", \"Eras\": [1], \"TwoDigitYearMax\": 2029, \"IsReadOnly\": true, \"$type\": \"GregorianCalendar\"}, \"DateSeparator\": \"/\", \"FirstDayOfWeek\": \"Sunday\", \"CalendarWeekRule\": \"FirstDay\", \"FullDateTimePattern\": \"dddd, dd MMMM yyyy HH:mm:ss\", \"LongDatePattern\": \"dddd, dd MMMM yyyy\", \"LongTimePattern\": \"HH:mm:ss\", \"MonthDayPattern\": \"MMMM dd\", \"PMDesignator\": \"PM\", \"RFC1123Pattern\": \"ddd, dd MMM yyyy HH':'mm':'ss 'GMT'\", \"ShortDatePattern\": \"MM/dd/yyyy\", \"ShortTimePattern\": \"HH:mm\", \"SortableDateTimePattern\": \"yyyy'-'MM'-'dd'T'HH':'mm':'ss\", \"TimeSeparator\": \":\", \"UniversalSortableDateTimePattern\": \"yyyy'-'MM'-'dd HH':'mm':'ss'Z'\", \"YearMonthPattern\": \"yyyy MMMM\", \"AbbreviatedDayNames\": [\"Sun\", \"Mon\", \"Tue\", \"Wed\", \"Thu\", \"Fri\", \"Sat\"], \"ShortestDayNames\": [\"Su\", \"Mo\", \"Tu\", \"We\", \"Th\", \"Fr\", \"Sa\"], \"DayNames\": [\"Sunday\", \"Monday\", \"Tuesday\", \"Wednesday\", \"Thursday\", \"Friday\", \"Saturday\"], \"AbbreviatedMonthNames\": [\"Jan\", \"Feb\", \"Mar\", \"Apr\", \"May\", \"Jun\", \"Jul\", \"Aug\", \"Sep\", \"Oct\", \"Nov\", \"Dec\", \"\"], \"MonthNames\": [\"January\", \"February\", \"March\", \"April\", \"May\", \"June\", \"July\", \"August\", \"September\", \"October\", \"November\", \"December\", \"\"], \"IsReadOnly\": true, \"NativeCalendarName\": \"Gregorian Calendar\", \"AbbreviatedMonthGenitiveNames\": [\"Jan\", \"Feb\", \"Mar\", \"Apr\", \"May\", \"Jun\", \"Jul\", \"Aug\", \"Sep\", \"Oct\", \"Nov\", \"Dec\", \"\"], \"MonthGenitiveNames\": [\"January\", \"February\", \"March\", \"April\", \"May\", \"June\", \"July\", \"August\", \"September\", \"October\", \"November\", \"December\", \"\"], \"$type\": \"DateTimeFormatInfo\"}, \"Calendar\": {\"MinSupportedDateTime\": \"0001-01-01T00:00:00.0000000\", \"MaxSupportedDateTime\": \"9999-12-31T23:59:59.9999999\", \"AlgorithmType\": \"SolarCalendar\", \"CalendarType\": \"Localized\", \"Eras\": [1], \"TwoDigitYearMax\": 2029, \"IsReadOnly\": true, \"$type\": \"GregorianCalendar\"}, \"OptionalCalendars\": [{\"MinSupportedDateTime\": \"0001-01-01T00:00:00.0000000\", \"MaxSupportedDateTime\": \"9999-12-31T23:59:59.9999999\", \"AlgorithmType\": \"SolarCalendar\", \"CalendarType\": \"Localized\", \"Eras\": [1], \"TwoDigitYearMax\": 2029, \"IsReadOnly\": false, \"$type\": \"GregorianCalendar\"}], \"UseUserOverride\": false, \"IsReadOnly\": true, \"$type\": \"CultureInfo\"}, \"LCID\": 127, \"KeyboardLayoutId\": 127, \"Name\": \"\", \"IetfLanguageTag\": \"\", \"DisplayName\": \"Invariant Language (Invariant Country)\", \"NativeName\": \"Invariant Language (Invariant Country)\", \"EnglishName\": \"Invariant Language (Invariant Country)\", \"TwoLetterISOLanguageName\": \"iv\", \"ThreeLetterISOLanguageName\": \"ivl\", \"ThreeLetterWindowsLanguageName\": \"IVL\", \"CompareInfo\": {\"Name\": \"\", \"Version\": {\"FullVersion\": 24985, \"SortId\": \"00006199-0000-0000-0000-00000000007f\", \"$type\": \"SortVersion\"}, \"LCID\": 127, \"$type\": \"CompareInfo\"}, \"TextInfo\": {\"ANSICodePage\": 1252, \"OEMCodePage\": 437, \"MacCodePage\": 10000, \"EBCDICCodePage\": 37, \"LCID\": 127, \"CultureName\": \"\", \"IsReadOnly\": true, \"ListSeparator\": \",\", \"IsRightToLeft\": false, \"$type\": \"TextInfo\"}, \"IsNeutralCulture\": false, \"CultureTypes\": \"SpecificCultures, InstalledWin32Cultures\", \"NumberFormat\": {\"CurrencyDecimalDigits\": 2, \"CurrencyDecimalSeparator\": \".\", \"IsReadOnly\": true, \"CurrencyGroupSizes\": [3], \"NumberGroupSizes\": [3], \"PercentGroupSizes\": [3], \"CurrencyGroupSeparator\": \",\", \"CurrencySymbol\": \"\", \"NaNSymbol\": \"NaN\", \"CurrencyNegativePattern\": 0, \"NumberNegativePattern\": 1, \"PercentPositivePattern\": 0, \"PercentNegativePattern\": 0, \"NegativeInfinitySymbol\": \"-Infinity\", \"NegativeSign\": \"-\", \"NumberDecimalDigits\": 2, \"NumberDecimalSeparator\": \".\", \"NumberGroupSeparator\": \",\", \"CurrencyPositivePattern\": 0, \"PositiveInfinitySymbol\": \"Infinity\", \"PositiveSign\": \"+\", \"PercentDecimalDigits\": 2, \"PercentDecimalSeparator\": \".\", \"PercentGroupSeparator\": \",\", \"PercentSymbol\": \"%\", \"PerMilleSymbol\": \"\", \"NativeDigits\": [\"0\", \"1\", \"2\", \"3\", \"4\", \"5\", \"6\", \"7\", \"8\", \"9\"], \"DigitSubstitution\": \"None\", \"$type\": \"NumberFormatInfo\"}, \"DateTimeFormat\": {\"AMDesignator\": \"AM\", \"Calendar\": {\"MinSupportedDateTime\": \"0001-01-01T00:00:00.0000000\", \"MaxSupportedDateTime\": \"9999-12-31T23:59:59.9999999\", \"AlgorithmType\": \"SolarCalendar\", \"CalendarType\": \"Localized\", \"Eras\": [1], \"TwoDigitYearMax\": 2029, \"IsReadOnly\": true, \"$type\": \"GregorianCalendar\"}, \"DateSeparator\": \"/\", \"FirstDayOfWeek\": \"Sunday\", \"CalendarWeekRule\": \"FirstDay\", \"FullDateTimePattern\": \"dddd, dd MMMM yyyy HH:mm:ss\", \"LongDatePattern\": \"dddd, dd MMMM yyyy\", \"LongTimePattern\": \"HH:mm:ss\", \"MonthDayPattern\": \"MMMM dd\", \"PMDesignator\": \"PM\", \"RFC1123Pattern\": \"ddd, dd MMM yyyy HH':'mm':'ss 'GMT'\", \"ShortDatePattern\": \"MM/dd/yyyy\", \"ShortTimePattern\": \"HH:mm\", \"SortableDateTimePattern\": \"yyyy'-'MM'-'dd'T'HH':'mm':'ss\", \"TimeSeparator\": \":\", \"UniversalSortableDateTimePattern\": \"yyyy'-'MM'-'dd HH':'mm':'ss'Z'\", \"YearMonthPattern\": \"yyyy MMMM\", \"AbbreviatedDayNames\": [\"Sun\", \"Mon\", \"Tue\", \"Wed\", \"Thu\", \"Fri\", \"Sat\"], \"ShortestDayNames\": [\"Su\", \"Mo\", \"Tu\", \"We\", \"Th\", \"Fr\", \"Sa\"], \"DayNames\": [\"Sunday\", \"Monday\", \"Tuesday\", \"Wednesday\", \"Thursday\", \"Friday\", \"Saturday\"], \"AbbreviatedMonthNames\": [\"Jan\", \"Feb\", \"Mar\", \"Apr\", \"May\", \"Jun\", \"Jul\", \"Aug\", \"Sep\", \"Oct\", \"Nov\", \"Dec\", \"\"], \"MonthNames\": [\"January\", \"February\", \"March\", \"April\", \"May\", \"June\", \"July\", \"August\", \"September\", \"October\", \"November\", \"December\", \"\"], \"IsReadOnly\": true, \"NativeCalendarName\": \"Gregorian Calendar\", \"AbbreviatedMonthGenitiveNames\": [\"Jan\", \"Feb\", \"Mar\", \"Apr\", \"May\", \"Jun\", \"Jul\", \"Aug\", \"Sep\", \"Oct\", \"Nov\", \"Dec\", \"\"], \"MonthGenitiveNames\": [\"January\", \"February\", \"March\", \"April\", \"May\", \"June\", \"July\", \"August\", \"September\", \"October\", \"November\", \"December\", \"\"], \"$type\": \"DateTimeFormatInfo\"}, \"Calendar\": {\"MinSupportedDateTime\": \"0001-01-01T00:00:00.0000000\", \"MaxSupportedDateTime\": \"9999-12-31T23:59:59.9999999\", \"AlgorithmType\": \"SolarCalendar\", \"CalendarType\": \"Localized\", \"Eras\": [1], \"TwoDigitYearMax\": 2029, \"IsReadOnly\": true, \"$type\": \"GregorianCalendar\"}, \"OptionalCalendars\": [{\"MinSupportedDateTime\": \"0001-01-01T00:00:00.0000000\", \"MaxSupportedDateTime\": \"9999-12-31T23:59:59.9999999\", \"AlgorithmType\": \"SolarCalendar\", \"CalendarType\": \"Localized\", \"Eras\": [1], \"TwoDigitYearMax\": 2029, \"IsReadOnly\": false, \"$type\": \"GregorianCalendar\"}], \"UseUserOverride\": false, \"IsReadOnly\": true, \"$type\": \"CultureInfo\"}, \"LCID\": 9, \"KeyboardLayoutId\": 9, \"Name\": \"en\", \"IetfLanguageTag\": \"en\", \"DisplayName\": \"English\", \"NativeName\": \"English\", \"EnglishName\": \"English\", \"TwoLetterISOLanguageName\": \"en\", \"ThreeLetterISOLanguageName\": \"eng\", \"ThreeLetterWindowsLanguageName\": \"ENU\", \"CompareInfo\": {\"Name\": \"en\", \"Version\": {\"FullVersion\": 24985, \"SortId\": \"00006199-0000-0000-0000-000000000009\", \"$type\": \"SortVersion\"}, \"LCID\": 9, \"$type\": \"CompareInfo\"}, \"TextInfo\": {\"ANSICodePage\": 1252, \"OEMCodePage\": 437, \"MacCodePage\": 10000, \"EBCDICCodePage\": 37, \"LCID\": 9, \"CultureName\": \"en\", \"IsReadOnly\": false, \"ListSeparator\": \",\", \"IsRightToLeft\": false, \"$type\": \"TextInfo\"}, \"IsNeutralCulture\": true, \"CultureTypes\": \"NeutralCultures, InstalledWin32Cultures\", \"NumberFormat\": {\"CurrencyDecimalDigits\": 2, \"CurrencyDecimalSeparator\": \".\", \"IsReadOnly\": false, \"CurrencyGroupSizes\": [3], \"NumberGroupSizes\": [3], \"PercentGroupSizes\": [3], \"CurrencyGroupSeparator\": \",\", \"CurrencySymbol\": \"\", \"NaNSymbol\": \"NaN\", \"CurrencyNegativePattern\": 1, \"NumberNegativePattern\": 1, \"PercentPositivePattern\": 1, \"PercentNegativePattern\": 1, \"NegativeInfinitySymbol\": \"-\", \"NegativeSign\": \"-\", \"NumberDecimalDigits\": 3, \"NumberDecimalSeparator\": \".\", \"NumberGroupSeparator\": \",\", \"CurrencyPositivePattern\": 0, \"PositiveInfinitySymbol\": \"\", \"PositiveSign\": \"+\", \"PercentDecimalDigits\": 3, \"PercentDecimalSeparator\": \".\", \"PercentGroupSeparator\": \",\", \"PercentSymbol\": \"%\", \"PerMilleSymbol\": \"\", \"NativeDigits\": [\"0\", \"1\", \"2\", \"3\", \"4\", \"5\", \"6\", \"7\", \"8\", \"9\"], \"DigitSubstitution\": \"None\", \"$type\": \"NumberFormatInfo\"}, \"DateTimeFormat\": {\"AMDesignator\": \"AM\", \"Calendar\": {\"MinSupportedDateTime\": \"0001-01-01T00:00:00.0000000\", \"MaxSupportedDateTime\": \"9999-12-31T23:59:59.9999999\", \"AlgorithmType\": \"SolarCalendar\", \"CalendarType\": \"Localized\", \"Eras\": [1], \"TwoDigitYearMax\": 2029, \"IsReadOnly\": false, \"$type\": \"GregorianCalendar\"}, \"DateSeparator\": \"/\", \"FirstDayOfWeek\": \"Sunday\", \"CalendarWeekRule\": \"FirstDay\", \"FullDateTimePattern\": \"dddd, MMMM d, yyyy h:mm:ss tt\", \"LongDatePattern\": \"dddd, MMMM d, yyyy\", \"LongTimePattern\": \"h:mm:ss tt\", \"MonthDayPattern\": \"MMMM d\", \"PMDesignator\": \"PM\", \"RFC1123Pattern\": \"ddd, dd MMM yyyy HH':'mm':'ss 'GMT'\", \"ShortDatePattern\": \"M/d/yyyy\", \"ShortTimePattern\": \"h:mm tt\", \"SortableDateTimePattern\": \"yyyy'-'MM'-'dd'T'HH':'mm':'ss\", \"TimeSeparator\": \":\", \"UniversalSortableDateTimePattern\": \"yyyy'-'MM'-'dd HH':'mm':'ss'Z'\", \"YearMonthPattern\": \"MMMM yyyy\", \"AbbreviatedDayNames\": [\"Sun\", \"Mon\", \"Tue\", \"Wed\", \"Thu\", \"Fri\", \"Sat\"], \"ShortestDayNames\": [\"S\", \"M\", \"T\", \"W\", \"T\", \"F\", \"S\"], \"DayNames\": [\"Sunday\", \"Monday\", \"Tuesday\", \"Wednesday\", \"Thursday\", \"Friday\", \"Saturday\"], \"AbbreviatedMonthNames\": [\"Jan\", \"Feb\", \"Mar\", \"Apr\", \"May\", \"Jun\", \"Jul\", \"Aug\", \"Sep\", \"Oct\", \"Nov\", \"Dec\", \"\"], \"MonthNames\": [\"January\", \"February\", \"March\", \"April\", \"May\", \"June\", \"July\", \"August\", \"September\", \"October\", \"November\", \"December\", \"\"], \"IsReadOnly\": false, \"NativeCalendarName\": \"Gregorian Calendar\", \"AbbreviatedMonthGenitiveNames\": [\"Jan\", \"Feb\", \"Mar\", \"Apr\", \"May\", \"Jun\", \"Jul\", \"Aug\", \"Sep\", \"Oct\", \"Nov\", \"Dec\", \"\"], \"MonthGenitiveNames\": [\"January\", \"February\", \"March\", \"April\", \"May\", \"June\", \"July\", \"August\", \"September\", \"October\", \"November\", \"December\", \"\"], \"$type\": \"DateTimeFormatInfo\"}, \"Calendar\": {\"MinSupportedDateTime\": \"0001-01-01T00:00:00.0000000\", \"MaxSupportedDateTime\": \"9999-12-31T23:59:59.9999999\", \"AlgorithmType\": \"SolarCalendar\", \"CalendarType\": \"Localized\", \"Eras\": [1], \"TwoDigitYearMax\": 2029, \"IsReadOnly\": false, \"$type\": \"GregorianCalendar\"}, \"OptionalCalendars\": [{\"MinSupportedDateTime\": \"0001-01-01T00:00:00.0000000\", \"MaxSupportedDateTime\": \"9999-12-31T23:59:59.9999999\", \"AlgorithmType\": \"SolarCalendar\", \"CalendarType\": \"Localized\", \"Eras\": [1], \"TwoDigitYearMax\": 2029, \"IsReadOnly\": false, \"$type\": \"GregorianCalendar\"}], \"UseUserOverride\": true, \"IsReadOnly\": false, \"$type\": \"CultureInfo\"}, \"LCID\": 1033, \"KeyboardLayoutId\": 1033, \"Name\": \"en-US\", \"IetfLanguageTag\": \"en-US\", \"DisplayName\": \"English (United States)\", \"NativeName\": \"English (United States)\", \"EnglishName\": \"English (United States)\", \"TwoLetterISOLanguageName\": \"en\", \"ThreeLetterISOLanguageName\": \"eng\", \"ThreeLetterWindowsLanguageName\": \"ENU\", \"CompareInfo\": {\"Name\": \"en-US\", \"Version\": {\"FullVersion\": 24985, \"SortId\": \"00006199-0000-0000-0000-000000000409\", \"$type\": \"SortVersion\"}, \"LCID\": 1033, \"$type\": \"CompareInfo\"}, \"TextInfo\": {\"ANSICodePage\": 1252, \"OEMCodePage\": 437, \"MacCodePage\": 10000, \"EBCDICCodePage\": 37, \"LCID\": 1033, \"CultureName\": \"en-US\", \"IsReadOnly\": false, \"ListSeparator\": \",\", \"IsRightToLeft\": false, \"$type\": \"TextInfo\"}, \"IsNeutralCulture\": false, \"CultureTypes\": \"SpecificCultures, InstalledWin32Cultures\", \"NumberFormat\": {\"CurrencyDecimalDigits\": 2, \"CurrencyDecimalSeparator\": \".\", \"IsReadOnly\": false, \"CurrencyGroupSizes\": [3], \"NumberGroupSizes\": [3], \"PercentGroupSizes\": [3], \"CurrencyGroupSeparator\": \",\", \"CurrencySymbol\": \"$\", \"NaNSymbol\": \"NaN\", \"CurrencyNegativePattern\": 0, \"NumberNegativePattern\": 1, \"PercentPositivePattern\": 1, \"PercentNegativePattern\": 1, \"NegativeInfinitySymbol\": \"-\", \"NegativeSign\": \"-\", \"NumberDecimalDigits\": 2, \"NumberDecimalSeparator\": \",\", \"NumberGroupSeparator\": \".\", \"CurrencyPositivePattern\": 0, \"PositiveInfinitySymbol\": \"\", \"PositiveSign\": \"+\", \"PercentDecimalDigits\": 2, \"PercentDecimalSeparator\": \",\", \"PercentGroupSeparator\": \".\", \"PercentSymbol\": \"%\", \"PerMilleSymbol\": \"\", \"NativeDigits\": [\"0\", \"1\", \"2\", \"3\", \"4\", \"5\", \"6\", \"7\", \"8\", \"9\"], \"DigitSubstitution\": \"None\", \"$type\": \"NumberFormatInfo\"}, \"DateTimeFormat\": {\"AMDesignator\": \"AM\", \"Calendar\": {\"MinSupportedDateTime\": \"0001-01-01T00:00:00.0000000\", \"MaxSupportedDateTime\": \"9999-12-31T23:59:59.9999999\", \"AlgorithmType\": \"SolarCalendar\", \"CalendarType\": \"Localized\", \"Eras\": [1], \"TwoDigitYearMax\": 2029, \"IsReadOnly\": false, \"$type\": \"GregorianCalendar\"}, \"DateSeparator\": \"/\", \"FirstDayOfWeek\": \"Sunday\", \"CalendarWeekRule\": \"FirstDay\", \"FullDateTimePattern\": \"dddd, MMMM d, yyyy h:mm:ss tt\", \"LongDatePattern\": \"dddd, MMMM d, yyyy\", \"LongTimePattern\": \"h:mm:ss tt\", \"MonthDayPattern\": \"MMMM d\", \"PMDesignator\": \"PM\", \"RFC1123Pattern\": \"ddd, dd MMM yyyy HH':'mm':'ss 'GMT'\", \"ShortDatePattern\": \"M/d/yyyy\", \"ShortTimePattern\": \"h:mm tt\", \"SortableDateTimePattern\": \"yyyy'-'MM'-'dd'T'HH':'mm':'ss\", \"TimeSeparator\": \":\", \"UniversalSortableDateTimePattern\": \"yyyy'-'MM'-'dd HH':'mm':'ss'Z'\", \"YearMonthPattern\": \"MMMM yyyy\", \"AbbreviatedDayNames\": [\"Sun\", \"Mon\", \"Tue\", \"Wed\", \"Thu\", \"Fri\", \"Sat\"], \"ShortestDayNames\": [\"S\", \"M\", \"T\", \"W\", \"T\", \"F\", \"S\"], \"DayNames\": [\"Sunday\", \"Monday\", \"Tuesday\", \"Wednesday\", \"Thursday\", \"Friday\", \"Saturday\"], \"AbbreviatedMonthNames\": [\"Jan\", \"Feb\", \"Mar\", \"Apr\", \"May\", \"Jun\", \"Jul\", \"Aug\", \"Sep\", \"Oct\", \"Nov\", \"Dec\", \"\"], \"MonthNames\": [\"January\", \"February\", \"March\", \"April\", \"May\", \"June\", \"July\", \"August\", \"September\", \"October\", \"November\", \"December\", \"\"], \"IsReadOnly\": false, \"NativeCalendarName\": \"Gregorian Calendar\", \"AbbreviatedMonthGenitiveNames\": [\"Jan\", \"Feb\", \"Mar\", \"Apr\", \"May\", \"Jun\", \"Jul\", \"Aug\", \"Sep\", \"Oct\", \"Nov\", \"Dec\", \"\"], \"MonthGenitiveNames\": [\"January\", \"February\", \"March\", \"April\", \"May\", \"June\", \"July\", \"August\", \"September\", \"October\", \"November\", \"December\", \"\"], \"$type\": \"DateTimeFormatInfo\"}, \"Calendar\": {\"MinSupportedDateTime\": \"0001-01-01T00:00:00.0000000\", \"MaxSupportedDateTime\": \"9999-12-31T23:59:59.9999999\", \"AlgorithmType\": \"SolarCalendar\", \"CalendarType\": \"Localized\", \"Eras\": [1], \"TwoDigitYearMax\": 2029, \"IsReadOnly\": false, \"$type\": \"GregorianCalendar\"}, \"OptionalCalendars\": [{\"MinSupportedDateTime\": \"0001-01-01T00:00:00.0000000\", \"MaxSupportedDateTime\": \"9999-12-31T23:59:59.9999999\", \"AlgorithmType\": \"SolarCalendar\", \"CalendarType\": \"Localized\", \"Eras\": [1], \"TwoDigitYearMax\": 2029, \"IsReadOnly\": false, \"$type\": \"GregorianCalendar\"}], \"UseUserOverride\": true, \"IsReadOnly\": false, \"$type\": \"CultureInfo\"}, \"$type\": \"Element\"}\r\n[14:52:08 INF] ExcelEFCore.Worksheet Find\r\n[14:52:08 INF] ExcelEFCore.Worksheet:GetElement row=2\r\n[14:52:08 INF] ExcelEFCore.Element:SetValue property Id=1\r\n[14:52:08 INF] ExcelEFCore.Element:SetValue property Name=Anakin SkyWalker\r\n[14:52:08 INF] ExcelEFCore.Element:SetValue property Email=\r\n[14:52:08 INF] ExcelEFCore.Element:SetValue property Date=null\r\n[14:52:08 ERR] ExcelEFCore.Element:SetValue Can't set null the non-nullable property Date of type System.Reflection.RuntimePropertyInfo\r\nSystem.Exception: Can't set null the non-nullable property Date of type System.Reflection.RuntimePropertyInfo\r\n   at ExcelEFCore.Element.SetValue(Object value, PropertyInfo property) in \\\\wsl$\\Ubuntu\\home\\cchaves\\dev\\ExcelEFCoreTool\\src\\ExcelEFCore\\Models\\Element\\Element_Value.cs:line 30\r\n[14:52:08 INF] ExcelEFCore.Element:SetValue property Phone=null\r\n[14:52:08 ERR] ExcelEFCore.Element:SetValue Can't set null the non-nullable property Phone of type System.Reflection.RuntimePropertyInfo\r\nSystem.Exception: Can't set null the non-nullable property Phone of type System.Reflection.RuntimePropertyInfo\r\n   at ExcelEFCore.Element.SetValue(Object value, PropertyInfo property) in \\\\wsl$\\Ubuntu\\home\\cchaves\\dev\\ExcelEFCoreTool\\src\\ExcelEFCore\\Models\\Element\\Element_Value.cs:line 30\r\n[14:52:08 INF] ExcelEFCore.Element:GetValue of Id\r\n[14:52:08 INF] ExcelEFCore.Element:GetValue of Id\r\n[14:52:08 INF] ExcelEFCore.Worksheet:WriteToRow row=2 {\"Id\": 1, \"Name\": \"Darth Vader\", \"Email\": \"\", \"Date\": null, \"Phone\": null, \"$type\": \"Person\"}\r\n[14:52:08 INF] ExcelEFCore.Worksheet ValidateHeaders\r\n[14:52:08 INF] ExcelEFCore.Element:GetValue of Id\r\n[14:52:08 INF] ExcelEFCore.Element:GetValue of Name\r\n[14:52:08 INF] ExcelEFCore.Element:GetValue of Email\r\n[14:52:08 INF] ExcelEFCore.Element:GetValue of Date\r\n[14:52:08 INF] ExcelEFCore.Element:GetValue of Phone\r\n[14:52:08 INF] ExcelEFCore.Excel Save\r\n[14:52:08 INF] ExcelEFCore.Worksheet:WriteToRow row=4 {\"Id\": null, \"Name\": \"Camilo\", \"Email\": \"\", \"Date\": null, \"Phone\": null, \"$type\": \"Person\"}\r\n[14:52:08 INF] ExcelEFCore.Worksheet ValidateHeaders\r\n[14:52:08 INF] ExcelEFCore.Element:GetValue of Id\r\n[14:52:08 INF] ExcelEFCore.Element:GetValue of Name\r\n[14:52:08 INF] ExcelEFCore.Element:GetValue of Email\r\n[14:52:08 INF] ExcelEFCore.Element:GetValue of Date\r\n[14:52:08 INF] ExcelEFCore.Element:GetValue of Phone\r\n[14:52:08 INF] ExcelEFCore.Worksheet Compare\r\n[14:52:08 INF] ExcelEFCore.Worksheet:GetElement row=2\r\n[14:52:08 INF] ExcelEFCore.Element:SetValue property Id=1\r\n[14:52:08 INF] ExcelEFCore.Element:SetValue property Name=Darth Vader\r\n[14:52:08 INF] ExcelEFCore.Element:SetValue property Email=\r\n[14:52:08 INF] ExcelEFCore.Element:SetValue property Date=null\r\n[14:52:08 ERR] ExcelEFCore.Element:SetValue Can't set null the non-nullable property Date of type System.Reflection.RuntimePropertyInfo\r\nSystem.Exception: Can't set null the non-nullable property Date of type System.Reflection.RuntimePropertyInfo\r\n   at ExcelEFCore.Element.SetValue(Object value, PropertyInfo property) in \\\\wsl$\\Ubuntu\\home\\cchaves\\dev\\ExcelEFCoreTool\\src\\ExcelEFCore\\Models\\Element\\Element_Value.cs:line 30\r\n[14:52:08 INF] ExcelEFCore.Element:SetValue property Phone=null\r\n[14:52:08 ERR] ExcelEFCore.Element:SetValue Can't set null the non-nullable property Phone of type System.Reflection.RuntimePropertyInfo\r\nSystem.Exception: Can't set null the non-nullable property Phone of type System.Reflection.RuntimePropertyInfo\r\n   at ExcelEFCore.Element.SetValue(Object value, PropertyInfo property) in \\\\wsl$\\Ubuntu\\home\\cchaves\\dev\\ExcelEFCoreTool\\src\\ExcelEFCore\\Models\\Element\\Element_Value.cs:line 30\r\n[14:52:08 INF] ExcelEFCore.Element:GetValue of Name\r\n[14:52:08 INF] ExcelEFCore.Worksheet:GetElement row=3\r\n[14:52:08 INF] ExcelEFCore.Element:SetValue property Id=2\r\n[14:52:08 INF] ExcelEFCore.Element:SetValue property Name=Luke Skywalker\r\n[14:52:08 INF] ExcelEFCore.Element:SetValue property Email=\r\n[14:52:08 INF] ExcelEFCore.Element:SetValue property Date=null\r\n[14:52:08 ERR] ExcelEFCore.Element:SetValue Can't set null the non-nullable property Date of type System.Reflection.RuntimePropertyInfo\r\nSystem.Exception: Can't set null the non-nullable property Date of type System.Reflection.RuntimePropertyInfo\r\n   at ExcelEFCore.Element.SetValue(Object value, PropertyInfo property) in \\\\wsl$\\Ubuntu\\home\\cchaves\\dev\\ExcelEFCoreTool\\src\\ExcelEFCore\\Models\\Element\\Element_Value.cs:line 30\r\n[14:52:08 INF] ExcelEFCore.Element:SetValue property Phone=null\r\n[14:52:08 ERR] ExcelEFCore.Element:SetValue Can't set null the non-nullable property Phone of type System.Reflection.RuntimePropertyInfo\r\nSystem.Exception: Can't set null the non-nullable property Phone of type System.Reflection.RuntimePropertyInfo\r\n   at ExcelEFCore.Element.SetValue(Object value, PropertyInfo property) in \\\\wsl$\\Ubuntu\\home\\cchaves\\dev\\ExcelEFCoreTool\\src\\ExcelEFCore\\Models\\Element\\Element_Value.cs:line 30\r\n[14:52:08 INF] ExcelEFCore.Element:GetValue of Name\r\n[14:52:08 INF] ExcelEFCore.Worksheet:GetElement row=4\r\n[14:52:08 INF] ExcelEFCore.Element:SetValue property Id=null\r\n[14:52:08 ERR] ExcelEFCore.Element:SetValue Can't set null the non-nullable property Id of type System.Reflection.RuntimePropertyInfo\r\nSystem.Exception: Can't set null the non-nullable property Id of type System.Reflection.RuntimePropertyInfo\r\n   at ExcelEFCore.Element.SetValue(Object value, PropertyInfo property) in \\\\wsl$\\Ubuntu\\home\\cchaves\\dev\\ExcelEFCoreTool\\src\\ExcelEFCore\\Models\\Element\\Element_Value.cs:line 30\r\n[14:52:08 INF] ExcelEFCore.Element:SetValue property Name=Camilo\r\n[14:52:08 INF] ExcelEFCore.Element:SetValue property Email=\r\n[14:52:08 INF] ExcelEFCore.Element:SetValue property Date=null\r\n[14:52:08 ERR] ExcelEFCore.Element:SetValue Can't set null the non-nullable property Date of type System.Reflection.RuntimePropertyInfo\r\nSystem.Exception: Can't set null the non-nullable property Date of type System.Reflection.RuntimePropertyInfo\r\n   at ExcelEFCore.Element.SetValue(Object value, PropertyInfo property) in \\\\wsl$\\Ubuntu\\home\\cchaves\\dev\\ExcelEFCoreTool\\src\\ExcelEFCore\\Models\\Element\\Element_Value.cs:line 30\r\n[14:52:08 INF] ExcelEFCore.Element:SetValue property Phone=null\r\n[14:52:08 ERR] ExcelEFCore.Element:SetValue Can't set null the non-nullable property Phone of type System.Reflection.RuntimePropertyInfo\r\nSystem.Exception: Can't set null the non-nullable property Phone of type System.Reflection.RuntimePropertyInfo\r\n   at ExcelEFCore.Element.SetValue(Object value, PropertyInfo property) in \\\\wsl$\\Ubuntu\\home\\cchaves\\dev\\ExcelEFCoreTool\\src\\ExcelEFCore\\Models\\Element\\Element_Value.cs:line 30\r\n[14:52:08 INF] ExcelEFCore.Element:GetValue of Name\r\n[14:52:08 INF] ExcelEFCore.Worksheet:CompareElements source={\"Id\": null, \"Name\": \"Camilo\", \"Email\": \"\", \"Date\": null, \"Phone\": null, \"$type\": \"Person\"} target=null \r\n[14:52:08 INF] ExcelEFCore.Worksheet Compare\r\n[14:52:08 INF] ExcelEFCore.Worksheet:GetElement row=2\r\n[14:52:08 INF] ExcelEFCore.Element:SetValue property Id=1\r\n[14:52:08 INF] ExcelEFCore.Element:SetValue property Name=Darth Vader\r\n[14:52:08 INF] ExcelEFCore.Element:SetValue property Email=\r\n[14:52:08 INF] ExcelEFCore.Element:SetValue property Date=null\r\n[14:52:08 ERR] ExcelEFCore.Element:SetValue Can't set null the non-nullable property Date of type System.Reflection.RuntimePropertyInfo\r\nSystem.Exception: Can't set null the non-nullable property Date of type System.Reflection.RuntimePropertyInfo\r\n   at ExcelEFCore.Element.SetValue(Object value, PropertyInfo property) in \\\\wsl$\\Ubuntu\\home\\cchaves\\dev\\ExcelEFCoreTool\\src\\ExcelEFCore\\Models\\Element\\Element_Value.cs:line 30\r\n[14:52:08 INF] ExcelEFCore.Element:SetValue property Phone=null\r\n[14:52:08 ERR] ExcelEFCore.Element:SetValue Can't set null the non-nullable property Phone of type System.Reflection.RuntimePropertyInfo\r\nSystem.Exception: Can't set null the non-nullable property Phone of type System.Reflection.RuntimePropertyInfo\r\n   at ExcelEFCore.Element.SetValue(Object value, PropertyInfo property) in \\\\wsl$\\Ubuntu\\home\\cchaves\\dev\\ExcelEFCoreTool\\src\\ExcelEFCore\\Models\\Element\\Element_Value.cs:line 30\r\n[14:52:08 INF] ExcelEFCore.Element:GetValue of Name\r\n[14:52:08 INF] ExcelEFCore.Worksheet:GetElement row=3\r\n[14:52:08 INF] ExcelEFCore.Element:SetValue property Id=2\r\n[14:52:08 INF] ExcelEFCore.Element:SetValue property Name=Luke Skywalker\r\n[14:52:08 INF] ExcelEFCore.Element:SetValue property Email=\r\n[14:52:08 INF] ExcelEFCore.Element:SetValue property Date=null\r\n[14:52:08 ERR] ExcelEFCore.Element:SetValue Can't set null the non-nullable property Date of type System.Reflection.RuntimePropertyInfo\r\nSystem.Exception: Can't set null the non-nullable property Date of type System.Reflection.RuntimePropertyInfo\r\n   at ExcelEFCore.Element.SetValue(Object value, PropertyInfo property) in \\\\wsl$\\Ubuntu\\home\\cchaves\\dev\\ExcelEFCoreTool\\src\\ExcelEFCore\\Models\\Element\\Element_Value.cs:line 30\r\n[14:52:08 INF] ExcelEFCore.Element:SetValue property Phone=null\r\n[14:52:08 ERR] ExcelEFCore.Element:SetValue Can't set null the non-nullable property Phone of type System.Reflection.RuntimePropertyInfo\r\nSystem.Exception: Can't set null the non-nullable property Phone of type System.Reflection.RuntimePropertyInfo\r\n   at ExcelEFCore.Element.SetValue(Object value, PropertyInfo property) in \\\\wsl$\\Ubuntu\\home\\cchaves\\dev\\ExcelEFCoreTool\\src\\ExcelEFCore\\Models\\Element\\Element_Value.cs:line 30\r\n[14:52:08 INF] ExcelEFCore.Element:GetValue of Name\r\n[14:52:08 INF] ExcelEFCore.Worksheet:CompareElements source={\"Id\": 2, \"Name\": \"Luke Skywalker\", \"Email\": \"\", \"Date\": null, \"Phone\": null, \"$type\": \"Person\"} target=null \r\n[14:52:08 INF] ExcelEFCore.Excel Save\r\n[14:52:08 INF] ExcelEFCore.Excel ProcessColoredWorksheetToContext\r\n[14:52:08 INF] ExcelEFCore.Excel ProcessColoredWorksheetToContext Importing worksheet to context Persons\r\n[14:52:08 INF] ExcelEFCore.Worksheet:ProcessColoredToContext\r\n[14:52:08 INF] ExcelEFCore.Worksheet:GetElement row=3\r\n[14:52:08 INF] ExcelEFCore.Element:SetValue property Id=2\r\n[14:52:08 INF] ExcelEFCore.Element:SetValue property Name=Luke Skywalker\r\n[14:52:08 INF] ExcelEFCore.Element:SetValue property Email=\r\n[14:52:08 INF] ExcelEFCore.Element:SetValue property Date=null\r\n[14:52:08 ERR] ExcelEFCore.Element:SetValue Can't set null the non-nullable property Date of type System.Reflection.RuntimePropertyInfo\r\nSystem.Exception: Can't set null the non-nullable property Date of type System.Reflection.RuntimePropertyInfo\r\n   at ExcelEFCore.Element.SetValue(Object value, PropertyInfo property) in \\\\wsl$\\Ubuntu\\home\\cchaves\\dev\\ExcelEFCoreTool\\src\\ExcelEFCore\\Models\\Element\\Element_Value.cs:line 30\r\n[14:52:08 INF] ExcelEFCore.Element:SetValue property Phone=null\r\n[14:52:08 ERR] ExcelEFCore.Element:SetValue Can't set null the non-nullable property Phone of type System.Reflection.RuntimePropertyInfo\r\nSystem.Exception: Can't set null the non-nullable property Phone of type System.Reflection.RuntimePropertyInfo\r\n   at ExcelEFCore.Element.SetValue(Object value, PropertyInfo property) in \\\\wsl$\\Ubuntu\\home\\cchaves\\dev\\ExcelEFCoreTool\\src\\ExcelEFCore\\Models\\Element\\Element_Value.cs:line 30\r\n[14:52:08 INF] ExcelEFCore.ContextHandler RemoveElements\r\n[14:52:08 INF] ExcelEFCore.ContextHandler GetElements dbSet=Persons\r\n[14:52:08 INF] ExcelEFCore.ContextHandler:GetValue of Id\r\n[14:52:08 INF] ExcelEFCore.ContextHandler:GetValue of Id\r\n[14:52:08 INF] ExcelEFCore.ContextHandler:GetValue of Id\r\n[14:52:08 INF] ExcelEFCore.ContextHandler:GetValue of Id\r\n[14:52:08 INF] ExcelEFCore.Worksheet:GetElement row=4\r\n[14:52:08 INF] ExcelEFCore.Element:SetValue property Id=null\r\n[14:52:08 ERR] ExcelEFCore.Element:SetValue Can't set null the non-nullable property Id of type System.Reflection.RuntimePropertyInfo\r\nSystem.Exception: Can't set null the non-nullable property Id of type System.Reflection.RuntimePropertyInfo\r\n   at ExcelEFCore.Element.SetValue(Object value, PropertyInfo property) in \\\\wsl$\\Ubuntu\\home\\cchaves\\dev\\ExcelEFCoreTool\\src\\ExcelEFCore\\Models\\Element\\Element_Value.cs:line 30\r\n[14:52:08 INF] ExcelEFCore.Element:SetValue property Name=Camilo\r\n[14:52:08 INF] ExcelEFCore.Element:SetValue property Email=\r\n[14:52:08 INF] ExcelEFCore.Element:SetValue property Date=null\r\n[14:52:08 ERR] ExcelEFCore.Element:SetValue Can't set null the non-nullable property Date of type System.Reflection.RuntimePropertyInfo\r\nSystem.Exception: Can't set null the non-nullable property Date of type System.Reflection.RuntimePropertyInfo\r\n   at ExcelEFCore.Element.SetValue(Object value, PropertyInfo property) in \\\\wsl$\\Ubuntu\\home\\cchaves\\dev\\ExcelEFCoreTool\\src\\ExcelEFCore\\Models\\Element\\Element_Value.cs:line 30\r\n[14:52:08 INF] ExcelEFCore.Element:SetValue property Phone=null\r\n[14:52:08 ERR] ExcelEFCore.Element:SetValue Can't set null the non-nullable property Phone of type System.Reflection.RuntimePropertyInfo\r\nSystem.Exception: Can't set null the non-nullable property Phone of type System.Reflection.RuntimePropertyInfo\r\n   at ExcelEFCore.Element.SetValue(Object value, PropertyInfo property) in \\\\wsl$\\Ubuntu\\home\\cchaves\\dev\\ExcelEFCoreTool\\src\\ExcelEFCore\\Models\\Element\\Element_Value.cs:line 30\r\n[14:52:08 INF] ExcelEFCore.ContextHandler AddElements\r\n[14:52:08 INF] ExcelEFCore.ContextHandler GetElements dbSet=Persons\r\n[14:52:08 INF] ExcelEFCore.Worksheet:WriteToRow row=4 {\"Id\": 3, \"Name\": \"Camilo\", \"Email\": \"\", \"Date\": null, \"Phone\": null, \"$type\": \"Person\"}\r\n[14:52:08 INF] ExcelEFCore.Worksheet ValidateHeaders\r\n[14:52:08 INF] ExcelEFCore.Element:GetValue of Id\r\n[14:52:08 INF] ExcelEFCore.Element:GetValue of Name\r\n[14:52:08 INF] ExcelEFCore.Element:GetValue of Email\r\n[14:52:08 INF] ExcelEFCore.Element:GetValue of Date\r\n[14:52:08 INF] ExcelEFCore.Element:GetValue of Phone\r\n[14:52:08 INF] ExcelEFCore.Worksheet:GetElement row=2\r\n[14:52:08 INF] ExcelEFCore.Element:SetValue property Id=1\r\n[14:52:08 INF] ExcelEFCore.Element:SetValue property Name=Darth Vader\r\n[14:52:08 INF] ExcelEFCore.Element:SetValue property Email=\r\n[14:52:08 INF] ExcelEFCore.Element:SetValue property Date=null\r\n[14:52:08 ERR] ExcelEFCore.Element:SetValue Can't set null the non-nullable property Date of type System.Reflection.RuntimePropertyInfo\r\nSystem.Exception: Can't set null the non-nullable property Date of type System.Reflection.RuntimePropertyInfo\r\n   at ExcelEFCore.Element.SetValue(Object value, PropertyInfo property) in \\\\wsl$\\Ubuntu\\home\\cchaves\\dev\\ExcelEFCoreTool\\src\\ExcelEFCore\\Models\\Element\\Element_Value.cs:line 30\r\n[14:52:08 INF] ExcelEFCore.Element:SetValue property Phone=null\r\n[14:52:08 ERR] ExcelEFCore.Element:SetValue Can't set null the non-nullable property Phone of type System.Reflection.RuntimePropertyInfo\r\nSystem.Exception: Can't set null the non-nullable property Phone of type System.Reflection.RuntimePropertyInfo\r\n   at ExcelEFCore.Element.SetValue(Object value, PropertyInfo property) in \\\\wsl$\\Ubuntu\\home\\cchaves\\dev\\ExcelEFCoreTool\\src\\ExcelEFCore\\Models\\Element\\Element_Value.cs:line 30\r\n[14:52:08 INF] ExcelEFCore.ContextHandler UpdateElements\r\n[14:52:08 INF] ExcelEFCore.ContextHandler GetElements dbSet=Persons\r\n[14:52:08 INF] ExcelEFCore.ContextHandler:GetValue of Id\r\n[14:52:08 INF] ExcelEFCore.ContextHandler:GetValue of Id\r\n[14:52:08 INF] ExcelEFCore.ContextHandler:GetValue of Id\r\n[14:52:08 INF] ExcelEFCore.ContextHandler:GetValue of Id\r\n[14:52:08 INF] ExcelEFCore.Worksheet:WriteToRow row=2 {\"Id\": 1, \"Name\": \"Darth Vader\", \"Email\": \"\", \"Date\": null, \"Phone\": null, \"$type\": \"Person\"}\r\n[14:52:08 INF] ExcelEFCore.Worksheet ValidateHeaders\r\n[14:52:08 INF] ExcelEFCore.Element:GetValue of Id\r\n[14:52:08 INF] ExcelEFCore.Element:GetValue of Name\r\n[14:52:08 INF] ExcelEFCore.Element:GetValue of Email\r\n[14:52:08 INF] ExcelEFCore.Element:GetValue of Date\r\n[14:52:08 INF] ExcelEFCore.Element:GetValue of Phone\r\n[14:52:08 INF] ExcelEFCore.Excel ProcessColoredWorksheetToContext Importing worksheet to context Books\r\n[14:52:08 INF] ExcelEFCore.Worksheet:ProcessColoredToContext\r\n[14:52:08 INF] ExcelEFCore.Excel Save\r\n************** Context being disposed ************\r\n[14:52:08 INF] ExcelEFCore.Excel Save\r\n[14:52:08 INF] ExcelEFCore.Excel ExportContextToWorksheets\r\n[14:52:08 INF] ExcelEFCore.Excel ExportContextToWorksheets Exporting context to worksheet Persons\r\n[14:52:08 INF] ExcelEFCore.Worksheet:ImportFromContext\r\n[14:52:08 INF] ExcelEFCore.Worksheet:ClearAll propagateClearToContext:False\r\n[14:52:08 INF] ExcelEFCore.ContextHandler GetElements dbSet=Persons\r\n[14:52:08 INF] ExcelEFCore.Worksheet ValidateHeaders\r\n[14:52:08 INF] ExcelEFCore.Worksheet GetHeaders\r\n[14:52:08 INF] ExcelEFCore.Worksheet:WriteToRow row=2 {\"Id\": 1, \"Name\": \"Darth Vader\", \"Email\": \"\", \"Date\": null, \"Phone\": null, \"$type\": \"Person\"}\r\n[14:52:08 INF] ExcelEFCore.Worksheet ValidateHeaders\r\n[14:52:08 INF] ExcelEFCore.Element:GetValue of Id\r\n[14:52:08 INF] ExcelEFCore.Element:GetValue of Name\r\n[14:52:08 INF] ExcelEFCore.Element:GetValue of Email\r\n[14:52:08 INF] ExcelEFCore.Element:GetValue of Date\r\n[14:52:08 INF] ExcelEFCore.Element:GetValue of Phone\r\n[14:52:08 INF] ExcelEFCore.Worksheet:WriteToRow row=3 {\"Id\": 3, \"Name\": \"Camilo\", \"Email\": \"\", \"Date\": null, \"Phone\": null, \"$type\": \"Person\"}\r\n[14:52:08 INF] ExcelEFCore.Worksheet ValidateHeaders\r\n[14:52:08 INF] ExcelEFCore.Element:GetValue of Id\r\n[14:52:08 INF] ExcelEFCore.Element:GetValue of Name\r\n[14:52:08 INF] ExcelEFCore.Element:GetValue of Email\r\n[14:52:08 INF] ExcelEFCore.Element:GetValue of Date\r\n[14:52:08 INF] ExcelEFCore.Element:GetValue of Phone\r\n[14:52:08 INF] ExcelEFCore.Excel ExportContextToWorksheets Exporting context to worksheet Books\r\n[14:52:08 INF] ExcelEFCore.Worksheet:ImportFromContext\r\n[14:52:08 INF] ExcelEFCore.Worksheet:ClearAll propagateClearToContext:False\r\n[14:52:08 INF] ExcelEFCore.ContextHandler GetElements dbSet=Books\r\n[14:52:08 INF] ExcelEFCore.Worksheet ValidateHeaders\r\n[14:52:08 INF] ExcelEFCore.Worksheet GetHeaders\r\n[14:52:08 INF] ExcelEFCore.Worksheet:WriteToRow row=2 {\"Id\": 1, \"Name\": \"1001 Nights\", \"Person\": {\"Id\": 1, \"Name\": \"Darth Vader\", \"Email\": \"\", \"Date\": null, \"Phone\": null, \"$type\": \"Person\"}, \"PersonFK\": 1, \"$type\": \"Book\"}\r\n[14:52:08 INF] ExcelEFCore.Worksheet ValidateHeaders\r\n[14:52:08 INF] ExcelEFCore.Element:GetValue of Id\r\n[14:52:08 INF] ExcelEFCore.Element:GetValue of Name\r\n[14:52:08 INF] ExcelEFCore.Element:GetValue of PersonFK\r\n[14:52:08 INF] ExcelEFCore.Excel Save\r\n[14:52:08 INF] ExcelEFCore.Worksheet GetAll\r\n[14:52:08 INF] ExcelEFCore.Worksheet:GetElement row=2\r\n[14:52:08 INF] ExcelEFCore.Element:SetValue property Id=1\r\n[14:52:08 INF] ExcelEFCore.Element:SetValue property Name=Darth Vader\r\n[14:52:08 INF] ExcelEFCore.Element:SetValue property Email=\r\n[14:52:08 INF] ExcelEFCore.Element:SetValue property Date=null\r\n[14:52:08 ERR] ExcelEFCore.Element:SetValue Can't set null the non-nullable property Date of type System.Reflection.RuntimePropertyInfo\r\nSystem.Exception: Can't set null the non-nullable property Date of type System.Reflection.RuntimePropertyInfo\r\n   at ExcelEFCore.Element.SetValue(Object value, PropertyInfo property) in \\\\wsl$\\Ubuntu\\home\\cchaves\\dev\\ExcelEFCoreTool\\src\\ExcelEFCore\\Models\\Element\\Element_Value.cs:line 30\r\n[14:52:08 INF] ExcelEFCore.Element:SetValue property Phone=null\r\n[14:52:08 ERR] ExcelEFCore.Element:SetValue Can't set null the non-nullable property Phone of type System.Reflection.RuntimePropertyInfo\r\nSystem.Exception: Can't set null the non-nullable property Phone of type System.Reflection.RuntimePropertyInfo\r\n   at ExcelEFCore.Element.SetValue(Object value, PropertyInfo property) in \\\\wsl$\\Ubuntu\\home\\cchaves\\dev\\ExcelEFCoreTool\\src\\ExcelEFCore\\Models\\Element\\Element_Value.cs:line 30\r\n[14:52:08 INF] ExcelEFCore.Worksheet:GetElement row=3\r\n[14:52:08 INF] ExcelEFCore.Element:SetValue property Id=3\r\n[14:52:08 INF] ExcelEFCore.Element:SetValue property Name=Camilo\r\n[14:52:08 INF] ExcelEFCore.Element:SetValue property Email=\r\n[14:52:08 INF] ExcelEFCore.Element:SetValue property Date=null\r\n[14:52:08 ERR] ExcelEFCore.Element:SetValue Can't set null the non-nullable property Date of type System.Reflection.RuntimePropertyInfo\r\nSystem.Exception: Can't set null the non-nullable property Date of type System.Reflection.RuntimePropertyInfo\r\n   at ExcelEFCore.Element.SetValue(Object value, PropertyInfo property) in \\\\wsl$\\Ubuntu\\home\\cchaves\\dev\\ExcelEFCoreTool\\src\\ExcelEFCore\\Models\\Element\\Element_Value.cs:line 30\r\n[14:52:08 INF] ExcelEFCore.Element:SetValue property Phone=null\r\n[14:52:08 ERR] ExcelEFCore.Element:SetValue Can't set null the non-nullable property Phone of type System.Reflection.RuntimePropertyInfo\r\nSystem.Exception: Can't set null the non-nullable property Phone of type System.Reflection.RuntimePropertyInfo\r\n   at ExcelEFCore.Element.SetValue(Object value, PropertyInfo property) in \\\\wsl$\\Ubuntu\\home\\cchaves\\dev\\ExcelEFCoreTool\\src\\ExcelEFCore\\Models\\Element\\Element_Value.cs:line 30\r\n************** Context being disposed ************\r\n"}],"ComputerName":null,"Duration":"00:00:00.3207545","StartTime":"2022-08-19T14:52:07.9948612-03:00","EndTime":"2022-08-19T14:52:08.3167612-03:00","Properties":[{"Key":{"Id":"ExecutionId","Label":"ExecutionId","Category":"","Description":"","Attributes":1,"ValueType":"System.Guid"},"Value":"00000000-0000-0000-0000-000000000000"},{"Key":{"Id":"ParentExecId","Label":"ParentExecId","Category":"","Description":"","Attributes":1,"ValueType":"System.Guid"},"Value":"00000000-0000-0000-0000-000000000000"},{"Key":{"Id":"InnerResultsCount","Label":"InnerResultsCount","Category":"","Description":"","Attributes":1,"ValueType":"System.Int32"},"Value":0}]}],"TestRunStatistics":{"ExecutedTests":2,"Stats":{"Passed":2}},"ActiveTests":[]},"RunAttachments":[],"ExecutorUris":["executor://mstestadapter/v2"]}}
TpTrace Verbose: 0 : 22604, 13, 2022/08/19, 14:52:08.354, 782398780678, vstest.console.dll, TestRequestSender.EndSession: Sending end session.
TpTrace Verbose: 0 : 22604, 13, 2022/08/19, 14:52:08.355, 782398785794, vstest.console.dll, ProxyOperationManager.Close: waiting for test host to exit for 100 ms
TpTrace Warning: 0 : 22604, 12, 2022/08/19, 14:52:08.382, 782399055359, vstest.console.dll, TestHostManagerCallbacks.ErrorReceivedCallback Test host standard error line: 
TpTrace Verbose: 0 : 22604, 12, 2022/08/19, 14:52:08.407, 782399304661, vstest.console.dll, TestHostProvider.ExitCallBack: Host exited starting callback.
TpTrace Information: 0 : 22604, 12, 2022/08/19, 14:52:08.408, 782399312193, vstest.console.dll, TestHostManagerCallbacks.ExitCallBack: Testhost processId: 24376 exited with exitcode: 0 error: ''
TpTrace Verbose: 0 : 22604, 12, 2022/08/19, 14:52:08.408, 782399316658, vstest.console.dll, DotnetTestHostManager.OnHostExited: invoking OnHostExited callback
TpTrace Verbose: 0 : 22604, 12, 2022/08/19, 14:52:08.408, 782399319846, vstest.console.dll, CrossPlatEngine.TestHostManagerHostExited: calling on client process exit callback.
TpTrace Information: 0 : 22604, 12, 2022/08/19, 14:52:08.409, 782399322668, vstest.console.dll, TestRequestSender.OnClientProcessExit: Test host process exited. Standard error: 
TpTrace Information: 0 : 22604, 13, 2022/08/19, 14:52:08.409, 782399323017, vstest.console.dll, SocketServer.Stop: Stop server endPoint: 127.0.0.1:54261
TpTrace Information: 0 : 22604, 12, 2022/08/19, 14:52:08.409, 782399325139, vstest.console.dll, SocketServer.Stop: Stop server endPoint: 127.0.0.1:54261
TpTrace Information: 0 : 22604, 13, 2022/08/19, 14:52:08.409, 782399327693, vstest.console.dll, SocketServer.Stop: Cancellation requested. Stopping message loop.
TpTrace Information: 0 : 22604, 12, 2022/08/19, 14:52:08.409, 782399330071, vstest.console.dll, SocketServer.Stop: Cancellation requested. Stopping message loop.
TpTrace Information: 0 : 22604, 13, 2022/08/19, 14:52:08.410, 782399333186, vstest.console.dll, Closing the connection
TpTrace Verbose: 0 : 22604, 12, 2022/08/19, 14:52:08.410, 782399335352, vstest.console.dll, MulticastDelegateUtilities.SafeInvoke: HostProviderEvents.OnHostExited: Invoking callback 1/1 for Microsoft.VisualStudio.TestPlatform.CrossPlatEngine.Client.ProxyOperationManager.TestHostManagerHostExited, took 1 ms.
TpTrace Verbose: 0 : 22604, 13, 2022/08/19, 14:52:08.410, 782399339458, vstest.console.dll, ProxyDataCollectionManager.InvokeDataCollectionServiceAction: Starting.
TpTrace Information: 0 : 22604, 13, 2022/08/19, 14:52:08.411, 782399342927, vstest.console.dll, ProxyDataCollectionManager.AfterTestRunEnd: Get attachment set and invoked data collectors processId: 26664 port: 54258
TpTrace Verbose: 0 : 22604, 13, 2022/08/19, 14:52:08.411, 782399345888, vstest.console.dll, DataCollectionRequestSender.SendAfterTestRunStartAndGetResult: Send AfterTestRunEnd message with isCancelled: False
TpTrace Verbose: 0 : 22604, 13, 2022/08/19, 14:52:08.420, 782399436579, vstest.console.dll, DataCollectionRequestSender.SendAfterTestRunStartAndGetResult: Received message: (DataCollection.AfterTestRunEndResult) -> {"MessageType":"DataCollection.AfterTestRunEndResult","Payload":{"AttachmentSets":[],"InvokedDataCollectors":[{"Uri":"datacollector://Microsoft/TestPlatform/Extensions/Blame/v1","FriendlyName":"Blame","AssemblyQualifiedName":"Microsoft.TestPlatform.Extensions.BlameDataCollector.BlameCollector, Microsoft.TestPlatform.Extensions.BlameDataCollector, Version=15.0.0.0, Culture=neutral, PublicKeyToken=b03f5f7f11d50a3a","FilePath":"C:\\Program Files\\dotnet\\sdk\\6.0.400\\Extensions\\Microsoft.TestPlatform.Extensions.BlameDataCollector.dll","HasAttachmentProcessor":false}],"Metrics":{}}}
TpTrace Information: 0 : 22604, 13, 2022/08/19, 14:52:08.425, 782399483773, vstest.console.dll, ProxyDataCollectionManager.InvokeDataCollectionServiceAction: Completed.
TpTrace Warning: 0 : 22604, 9, 2022/08/19, 14:52:08.427, 782399508667, vstest.console.dll, DataCollectionLauncher.ErrorReceivedCallback datacollector standard error line: 
TpTrace Information: 0 : 22604, 9, 2022/08/19, 14:52:08.433, 782399563153, vstest.console.dll, DataCollectionLauncher.ExitCallBack: Data collector exited with exitcode: 0 error: ''
TpTrace Verbose: 0 : 22604, 13, 2022/08/19, 14:52:08.463, 782399867625, vstest.console.dll, TestRunRequest:SendTestRunStatsChange: Starting.
TpTrace Verbose: 0 : 22604, 13, 2022/08/19, 14:52:08.464, 782399876306, vstest.console.dll, MulticastDelegateUtilities.SafeInvoke: TestRun.RunStatsChanged: Invoking callbacks was skipped because there are no subscribers.
TpTrace Verbose: 0 : 22604, 4, 2022/08/19, 14:52:08.464, 782399877416, vstest.console.dll, MulticastDelegateUtilities.SafeInvoke: InternalTestLoggerEvents.SendTestResult: Invoking callback 1/1 for Microsoft.VisualStudio.TestPlatform.CommandLine.Internal.ConsoleLogger.TestResultHandler, took 0 ms.
TpTrace Information: 0 : 22604, 13, 2022/08/19, 14:52:08.464, 782399879951, vstest.console.dll, TestRunRequest:SendTestRunStatsChange: Completed.
TpTrace Verbose: 0 : 22604, 13, 2022/08/19, 14:52:08.465, 782399890380, vstest.console.dll, ParallelProxyExecutionManager: HandlePartialRunComplete: Total completed clients = 1, Run complete = True, Run canceled: False.
TpTrace Verbose: 0 : 22604, 4, 2022/08/19, 14:52:08.475, 782399987152, vstest.console.dll, MulticastDelegateUtilities.SafeInvoke: InternalTestLoggerEvents.SendTestRunComplete: Invoking callback 1/2 for Microsoft.TestPlatform.Extensions.BlameDataCollector.BlameLogger.TestRunCompleteHandler, took 0 ms.
TpTrace Verbose: 0 : 22604, 4, 2022/08/19, 14:52:08.481, 782400047346, vstest.console.dll, MulticastDelegateUtilities.SafeInvoke: InternalTestLoggerEvents.SendTestRunComplete: Invoking callback 2/2 for Microsoft.VisualStudio.TestPlatform.CommandLine.Internal.ConsoleLogger.TestRunCompleteHandler, took 5 ms.
TpTrace Verbose: 0 : 22604, 13, 2022/08/19, 14:52:08.483, 782400066061, vstest.console.dll, TestRunRequest:TestRunComplete: Starting. IsAborted:False IsCanceled:False.
TpTrace Verbose: 0 : 22604, 13, 2022/08/19, 14:52:08.484, 782400080717, vstest.console.dll, TestLoggerManager.HandleTestRunComplete: Ignoring as the object is disposed.
TpTrace Verbose: 0 : 22604, 13, 2022/08/19, 14:52:08.485, 782400088958, vstest.console.dll, MulticastDelegateUtilities.SafeInvoke: TestRun.TestRunComplete: Invoking callback 1/2 for Microsoft.VisualStudio.TestPlatform.CommandLine.TestRunResultAggregator.TestRunCompletionHandler, took 0 ms.
TpTrace Verbose: 0 : 22604, 13, 2022/08/19, 14:52:08.486, 782400095400, vstest.console.dll, MulticastDelegateUtilities.SafeInvoke: TestRun.TestRunComplete: Invoking callback 2/2 for Microsoft.VisualStudio.TestPlatform.CommandLine.Processors.RunTestsArgumentExecutor+TestRunRequestEventsRegistrar.TestRunRequest_OnRunCompletion, took 0 ms.
TpTrace Information: 0 : 22604, 13, 2022/08/19, 14:52:08.487, 782400101703, vstest.console.dll, TestRunRequest:TestRunComplete: Completed.
TpTrace Verbose: 0 : 22604, 13, 2022/08/19, 14:52:08.487, 782400107034, vstest.console.dll, TestRequestSender.SetOperationComplete: Setting operation complete.
TpTrace Information: 0 : 22604, 13, 2022/08/19, 14:52:08.488, 782400113076, vstest.console.dll, SocketServer.Stop: Stop server endPoint: 127.0.0.1:54261
TpTrace Verbose: 0 : 22604, 1, 2022/08/19, 14:52:08.487, 782400102270, vstest.console.dll, TestRunRequest.Dispose: Starting.
TpTrace Information: 0 : 22604, 13, 2022/08/19, 14:52:08.488, 782400118610, vstest.console.dll, SocketServer.Stop: Cancellation requested. Stopping message loop.
TpTrace Information: 0 : 22604, 1, 2022/08/19, 14:52:08.489, 782400121879, vstest.console.dll, TestRunRequest.Dispose: Completed.
TpTrace Verbose: 0 : 22604, 13, 2022/08/19, 14:52:08.489, 782400124971, vstest.console.dll, MulticastDelegateUtilities.SafeInvoke: LengthPrefixCommunicationChannel: MessageReceived: Invoking callback 1/1 for Microsoft.VisualStudio.TestPlatform.CommunicationUtilities.TestRequestSender+<>c__DisplayClass31_0.<StartTestRun>b__1, took 138 ms.
TpTrace Information: 0 : 22604, 1, 2022/08/19, 14:52:08.489, 782400127541, vstest.console.dll, TestRequestManager.RunTests: run tests completed.
TpTrace Information: 0 : 22604, 13, 2022/08/19, 14:52:08.489, 782400129828, vstest.console.dll, SocketServer.PrivateStop: Stopping server endPoint: 127.0.0.1:54261 error: 
TpTrace Information: 0 : 22604, 1, 2022/08/19, 14:52:08.489, 782400130114, vstest.console.dll, RunTestsArgumentProcessor:Execute: Test run is completed.
TpTrace Verbose: 0 : 22604, 1, 2022/08/19, 14:52:08.490, 782400136083, vstest.console.dll, Executor.Execute: Exiting with exit code of 0
TpTrace Verbose: 0 : 22604, 13, 2022/08/19, 14:52:08.490, 782400137767, vstest.console.dll, LengthPrefixCommunicationChannel.Dispose: Dispose reader and writer.
TpTrace Information: 0 : 22604, 13, 2022/08/19, 14:52:08.491, 782400141652, vstest.console.dll, SocketServer.Stop: Raise disconnected event endPoint: 127.0.0.1:54261 error: 
